Symlinking /home/xinyao/SAR_ROS/catkin_ws/devel/include/summit_xl_pad/enable_disable_padRequest.h
Symlinking /home/xinyao/SAR_ROS/catkin_ws/devel/include/summit_xl_pad/enable_disable_pad.h
Symlinking /home/xinyao/SAR_ROS/catkin_ws/devel/include/summit_xl_pad/enable_disable_padResponse.h
Symlinking /home/xinyao/SAR_ROS/catkin_ws/devel/share/common-lisp/ros/summit_xl_pad/srv/summit_xl_pad-srv.asd
Symlinking /home/xinyao/SAR_ROS/catkin_ws/devel/share/common-lisp/ros/summit_xl_pad/srv/_package.lisp
Symlinking /home/xinyao/SAR_ROS/catkin_ws/devel/share/common-lisp/ros/summit_xl_pad/srv/enable_disable_pad.lisp
Symlinking /home/xinyao/SAR_ROS/catkin_ws/devel/share/common-lisp/ros/summit_xl_pad/srv/_package_enable_disable_pad.lisp
Symlinking /home/xinyao/SAR_ROS/catkin_ws/devel/share/summit_xl_pad/cmake/summit_xl_pad-msg-extras.cmake
Symlinking /home/xinyao/SAR_ROS/catkin_ws/devel/share/summit_xl_pad/cmake/summit_xl_pad-msg-paths.cmake
Symlinking /home/xinyao/SAR_ROS/catkin_ws/devel/share/summit_xl_pad/cmake/summit_xl_padConfig-version.cmake
Symlinking /home/xinyao/SAR_ROS/catkin_ws/devel/share/summit_xl_pad/cmake/summit_xl_padConfig.cmake
Symlinking /home/xinyao/SAR_ROS/catkin_ws/devel/share/roseus/ros/summit_xl_pad/manifest.l
Symlinking /home/xinyao/SAR_ROS/catkin_ws/devel/share/roseus/ros/summit_xl_pad/srv/enable_disable_pad.l
Symlinking /home/xinyao/SAR_ROS/catkin_ws/devel/share/gennodejs/ros/summit_xl_pad/_index.js
Symlinking /home/xinyao/SAR_ROS/catkin_ws/devel/share/gennodejs/ros/summit_xl_pad/srv/_index.js
Symlinking /home/xinyao/SAR_ROS/catkin_ws/devel/share/gennodejs/ros/summit_xl_pad/srv/enable_disable_pad.js
Symlinking /home/xinyao/SAR_ROS/catkin_ws/devel/lib/python3/dist-packages/summit_xl_pad/__init__.py
Symlinking /home/xinyao/SAR_ROS/catkin_ws/devel/lib/python3/dist-packages/summit_xl_pad/srv/_enable_disable_pad.py
Symlinking /home/xinyao/SAR_ROS/catkin_ws/devel/lib/python3/dist-packages/summit_xl_pad/srv/__init__.py
Symlinking /home/xinyao/SAR_ROS/catkin_ws/devel/lib/pkgconfig/summit_xl_pad.pc
Symlinking /home/xinyao/SAR_ROS/catkin_ws/devel/lib/summit_xl_pad/summit_xl_pad
