[35m[1mScanning dependencies of target _slam_toolbox_msgs_generate_messages_check_deps_Clear[0m
[35m[1mScanning dependencies of target _slam_toolbox_msgs_generate_messages_check_deps_DeserializePoseGraph[0m
[  0%] Built target _slam_toolbox_msgs_generate_messages_check_deps_Clear
[  0%] Built target _slam_toolbox_msgs_generate_messages_check_deps_DeserializePoseGraph
[35m[1mScanning dependencies of target _slam_toolbox_msgs_generate_messages_check_deps_MergeMaps[0m
[  0%] Built target _slam_toolbox_msgs_generate_messages_check_deps_MergeMaps
[35m[1mScanning dependencies of target _slam_toolbox_msgs_generate_messages_check_deps_AddSubmap[0m
[  0%] Built target _slam_toolbox_msgs_generate_messages_check_deps_AddSubmap
[35m[1mScanning dependencies of target std_srvs_generate_messages_nodejs[0m
[  0%] Built target std_srvs_generate_messages_nodejs
[35m[1mScanning dependencies of target _slam_toolbox_msgs_generate_messages_check_deps_LoopClosure[0m
[  0%] Built target _slam_toolbox_msgs_generate_messages_check_deps_LoopClosure
[35m[1mScanning dependencies of target _slam_toolbox_msgs_generate_messages_check_deps_SaveMap[0m
[  0%] Built target _slam_toolbox_msgs_generate_messages_check_deps_SaveMap
[35m[1mScanning dependencies of target geometry_msgs_generate_messages_nodejs[0m
[  0%] Built target geometry_msgs_generate_messages_nodejs
[35m[1mScanning dependencies of target _slam_toolbox_msgs_generate_messages_check_deps_Pause[0m
[  0%] Built target _slam_toolbox_msgs_generate_messages_check_deps_Pause
[35m[1mScanning dependencies of target _slam_toolbox_msgs_generate_messages_check_deps_ClearQueue[0m
[  0%] Built target _slam_toolbox_msgs_generate_messages_check_deps_ClearQueue
[35m[1mScanning dependencies of target _slam_toolbox_msgs_generate_messages_check_deps_SerializePoseGraph[0m
[  0%] Built target _slam_toolbox_msgs_generate_messages_check_deps_SerializePoseGraph
[35m[1mScanning dependencies of target std_msgs_generate_messages_nodejs[0m
[  0%] Built target std_msgs_generate_messages_nodejs
[35m[1mScanning dependencies of target _slam_toolbox_msgs_generate_messages_check_deps_ToggleInteractive[0m
[  0%] Built target _slam_toolbox_msgs_generate_messages_check_deps_ToggleInteractive
[35m[1mScanning dependencies of target std_msgs_generate_messages_eus[0m
[  0%] Built target std_msgs_generate_messages_eus
[35m[1mScanning dependencies of target std_srvs_generate_messages_eus[0m
[  0%] Built target std_srvs_generate_messages_eus
[35m[1mScanning dependencies of target geometry_msgs_generate_messages_eus[0m
[  0%] Built target geometry_msgs_generate_messages_eus
[35m[1mScanning dependencies of target std_msgs_generate_messages_cpp[0m
[  0%] Built target std_msgs_generate_messages_cpp
[35m[1mScanning dependencies of target std_srvs_generate_messages_cpp[0m
[35m[1mScanning dependencies of target geometry_msgs_generate_messages_cpp[0m
[  0%] Built target std_srvs_generate_messages_cpp
[  0%] Built target geometry_msgs_generate_messages_cpp
[35m[1mScanning dependencies of target geometry_msgs_generate_messages_lisp[0m
[  0%] Built target geometry_msgs_generate_messages_lisp
[35m[1mScanning dependencies of target std_srvs_generate_messages_lisp[0m
[  0%] Built target std_srvs_generate_messages_lisp
[35m[1mScanning dependencies of target std_msgs_generate_messages_lisp[0m
[  0%] Built target std_msgs_generate_messages_lisp
[35m[1mScanning dependencies of target geometry_msgs_generate_messages_py[0m
[  0%] Built target geometry_msgs_generate_messages_py
[35m[1mScanning dependencies of target std_srvs_generate_messages_py[0m
[  0%] Built target std_srvs_generate_messages_py
[35m[1mScanning dependencies of target std_msgs_generate_messages_py[0m
[  0%] Built target std_msgs_generate_messages_py
[35m[1mScanning dependencies of target slam_toolbox_msgs_generate_messages_nodejs[0m
[  1%] [34m[1mGenerating Javascript code from slam_toolbox_msgs/Pause.srv[0m
[  3%] [34m[1mGenerating Javascript code from slam_toolbox_msgs/ClearQueue.srv[0m
[  5%] [34m[1mGenerating Javascript code from slam_toolbox_msgs/ToggleInteractive.srv[0m
[35m[1mScanning dependencies of target slam_toolbox_msgs_generate_messages_eus[0m
[  7%] [34m[1mGenerating EusLisp code from slam_toolbox_msgs/Pause.srv[0m
[  9%] [34m[1mGenerating Javascript code from slam_toolbox_msgs/Clear.srv[0m
[ 11%] [34m[1mGenerating EusLisp code from slam_toolbox_msgs/ClearQueue.srv[0m
[ 13%] [34m[1mGenerating Javascript code from slam_toolbox_msgs/SaveMap.srv[0m
[ 17%] [34m[1mGenerating EusLisp code from slam_toolbox_msgs/ToggleInteractive.srv[0m
[ 17%] [34m[1mGenerating Javascript code from slam_toolbox_msgs/LoopClosure.srv[0m
[ 19%] [34m[1mGenerating Javascript code from slam_toolbox_msgs/MergeMaps.srv[0m
[ 21%] [34m[1mGenerating Javascript code from slam_toolbox_msgs/AddSubmap.srv[0m
[ 23%] [34m[1mGenerating Javascript code from slam_toolbox_msgs/DeserializePoseGraph.srv[0m
[ 25%] [34m[1mGenerating EusLisp code from slam_toolbox_msgs/Clear.srv[0m
[ 26%] [34m[1mGenerating EusLisp code from slam_toolbox_msgs/SaveMap.srv[0m
[35m[1mScanning dependencies of target slam_toolbox_msgs_generate_messages_cpp[0m
[ 28%] [34m[1mGenerating Javascript code from slam_toolbox_msgs/SerializePoseGraph.srv[0m
[ 30%] [34m[1mGenerating C++ code from slam_toolbox_msgs/Pause.srv[0m
[ 30%] Built target slam_toolbox_msgs_generate_messages_nodejs
[ 32%] [34m[1mGenerating EusLisp code from slam_toolbox_msgs/MergeMaps.srv[0m
[ 34%] [34m[1mGenerating EusLisp code from slam_toolbox_msgs/LoopClosure.srv[0m
[ 36%] [34m[1mGenerating C++ code from slam_toolbox_msgs/ClearQueue.srv[0m
[ 38%] [34m[1mGenerating EusLisp code from slam_toolbox_msgs/AddSubmap.srv[0m
[ 40%] [34m[1mGenerating EusLisp code from slam_toolbox_msgs/DeserializePoseGraph.srv[0m
[ 42%] [34m[1mGenerating C++ code from slam_toolbox_msgs/ToggleInteractive.srv[0m
[ 44%] [34m[1mGenerating EusLisp code from slam_toolbox_msgs/SerializePoseGraph.srv[0m
[ 46%] [34m[1mGenerating EusLisp manifest code for slam_toolbox_msgs[0m
[ 48%] [34m[1mGenerating C++ code from slam_toolbox_msgs/Clear.srv[0m
[ 50%] [34m[1mGenerating C++ code from slam_toolbox_msgs/SaveMap.srv[0m
[ 51%] [34m[1mGenerating C++ code from slam_toolbox_msgs/LoopClosure.srv[0m
[ 53%] [34m[1mGenerating C++ code from slam_toolbox_msgs/MergeMaps.srv[0m
[ 55%] [34m[1mGenerating C++ code from slam_toolbox_msgs/DeserializePoseGraph.srv[0m
[ 57%] [34m[1mGenerating C++ code from slam_toolbox_msgs/AddSubmap.srv[0m
[ 59%] [34m[1mGenerating C++ code from slam_toolbox_msgs/SerializePoseGraph.srv[0m
[ 59%] Built target slam_toolbox_msgs_generate_messages_cpp
[ 59%] Built target slam_toolbox_msgs_generate_messages_eus
[35m[1mScanning dependencies of target slam_toolbox_msgs_generate_messages_lisp[0m
[ 61%] [34m[1mGenerating Lisp code from slam_toolbox_msgs/Pause.srv[0m
[ 63%] [34m[1mGenerating Lisp code from slam_toolbox_msgs/ClearQueue.srv[0m
[ 65%] [34m[1mGenerating Lisp code from slam_toolbox_msgs/ToggleInteractive.srv[0m
[ 67%] [34m[1mGenerating Lisp code from slam_toolbox_msgs/Clear.srv[0m
[35m[1mScanning dependencies of target slam_toolbox_msgs_generate_messages_py[0m
[ 69%] [34m[1mGenerating Lisp code from slam_toolbox_msgs/SaveMap.srv[0m
[ 71%] [34m[1mGenerating Python code from SRV slam_toolbox_msgs/Pause[0m
[ 73%] [34m[1mGenerating Lisp code from slam_toolbox_msgs/LoopClosure.srv[0m
[ 75%] [34m[1mGenerating Lisp code from slam_toolbox_msgs/MergeMaps.srv[0m
[ 76%] [34m[1mGenerating Lisp code from slam_toolbox_msgs/AddSubmap.srv[0m
[ 78%] [34m[1mGenerating Python code from SRV slam_toolbox_msgs/ClearQueue[0m
[ 80%] [34m[1mGenerating Lisp code from slam_toolbox_msgs/DeserializePoseGraph.srv[0m
[ 82%] [34m[1mGenerating Lisp code from slam_toolbox_msgs/SerializePoseGraph.srv[0m
[ 82%] Built target slam_toolbox_msgs_generate_messages_lisp
[ 84%] [34m[1mGenerating Python code from SRV slam_toolbox_msgs/ToggleInteractive[0m
[ 86%] [34m[1mGenerating Python code from SRV slam_toolbox_msgs/Clear[0m
[ 88%] [34m[1mGenerating Python code from SRV slam_toolbox_msgs/SaveMap[0m
[ 90%] [34m[1mGenerating Python code from SRV slam_toolbox_msgs/LoopClosure[0m
[ 92%] [34m[1mGenerating Python code from SRV slam_toolbox_msgs/MergeMaps[0m
[ 94%] [34m[1mGenerating Python code from SRV slam_toolbox_msgs/AddSubmap[0m
[ 96%] [34m[1mGenerating Python code from SRV slam_toolbox_msgs/DeserializePoseGraph[0m
[ 98%] [34m[1mGenerating Python code from SRV slam_toolbox_msgs/SerializePoseGraph[0m
[100%] [34m[1mGenerating Python srv __init__.py for slam_toolbox_msgs[0m
[100%] Built target slam_toolbox_msgs_generate_messages_py
[35m[1mScanning dependencies of target slam_toolbox_msgs_generate_messages[0m
[100%] Built target slam_toolbox_msgs_generate_messages
