[35m[1mScanning dependencies of target tf2_msgs_generate_messages_lisp[0m
[  0%] Built target tf2_msgs_generate_messages_lisp
[35m[1mScanning dependencies of target visualization_msgs_generate_messages_py[0m
[  0%] Built target visualization_msgs_generate_messages_py
[35m[1mScanning dependencies of target visualization_msgs_generate_messages_nodejs[0m
[  0%] Built target visualization_msgs_generate_messages_nodejs
[35m[1mScanning dependencies of target visualization_msgs_generate_messages_lisp[0m
[  0%] Built target visualization_msgs_generate_messages_lisp
[35m[1mScanning dependencies of target visualization_msgs_generate_messages_eus[0m
[  0%] Built target visualization_msgs_generate_messages_eus
[35m[1mScanning dependencies of target tf2_msgs_generate_messages_nodejs[0m
[  0%] Built target tf2_msgs_generate_messages_nodejs
[35m[1mScanning dependencies of target roscpp_generate_messages_eus[0m
[  0%] Built target roscpp_generate_messages_eus
[35m[1mScanning dependencies of target actionlib_msgs_generate_messages_py[0m
[  0%] Built target actionlib_msgs_generate_messages_py
[35m[1mScanning dependencies of target actionlib_generate_messages_cpp[0m
[  0%] Built target actionlib_generate_messages_cpp
[35m[1mScanning dependencies of target rosgraph_msgs_generate_messages_nodejs[0m
[  0%] Built target rosgraph_msgs_generate_messages_nodejs
[35m[1mScanning dependencies of target actionlib_generate_messages_py[0m
[  0%] Built target actionlib_generate_messages_py
[35m[1mScanning dependencies of target actionlib_generate_messages_nodejs[0m
[  0%] Built target actionlib_generate_messages_nodejs
[35m[1mScanning dependencies of target kinova_msgs_generate_messages_cpp[0m
[  0%] Built target kinova_msgs_generate_messages_cpp
[35m[1mScanning dependencies of target kinova_msgs_generate_messages_nodejs[0m
[  0%] Built target kinova_msgs_generate_messages_nodejs
[35m[1mScanning dependencies of target actionlib_generate_messages_lisp[0m
[  0%] Built target actionlib_generate_messages_lisp
[35m[1mScanning dependencies of target roscpp_generate_messages_lisp[0m
[  0%] Built target roscpp_generate_messages_lisp
[35m[1mScanning dependencies of target actionlib_msgs_generate_messages_cpp[0m
[  0%] Built target actionlib_msgs_generate_messages_cpp
[35m[1mScanning dependencies of target std_msgs_generate_messages_py[0m
[  0%] Built target std_msgs_generate_messages_py
[35m[1mScanning dependencies of target std_msgs_generate_messages_nodejs[0m
[  0%] Built target std_msgs_generate_messages_nodejs
[35m[1mScanning dependencies of target geometry_msgs_generate_messages_eus[0m
[35m[1mScanning dependencies of target tf2_msgs_generate_messages_py[0m
[  0%] Built target tf2_msgs_generate_messages_py
[  0%] Built target geometry_msgs_generate_messages_eus
[35m[1mScanning dependencies of target dynamic_reconfigure_generate_messages_nodejs[0m
[  0%] Built target dynamic_reconfigure_generate_messages_nodejs
[35m[1mScanning dependencies of target sensor_msgs_generate_messages_cpp[0m
[  0%] Built target sensor_msgs_generate_messages_cpp
[35m[1mScanning dependencies of target std_msgs_generate_messages_lisp[0m
[  0%] Built target std_msgs_generate_messages_lisp
[35m[1mScanning dependencies of target dynamic_reconfigure_gencfg[0m
[  0%] Built target dynamic_reconfigure_gencfg
[35m[1mScanning dependencies of target kinova_msgs_generate_messages_py[0m
[  0%] Built target kinova_msgs_generate_messages_py
[35m[1mScanning dependencies of target dynamic_reconfigure_generate_messages_py[0m
[  0%] Built target dynamic_reconfigure_generate_messages_py
[35m[1mScanning dependencies of target actionlib_msgs_generate_messages_eus[0m
[35m[1mScanning dependencies of target rosgraph_msgs_generate_messages_py[0m
[  0%] Built target actionlib_msgs_generate_messages_eus
[  0%] Built target rosgraph_msgs_generate_messages_py
[35m[1mScanning dependencies of target dynamic_reconfigure_generate_messages_cpp[0m
[35m[1mScanning dependencies of target tf_generate_messages_lisp[0m
[  0%] Built target dynamic_reconfigure_generate_messages_cpp
[  0%] Built target tf_generate_messages_lisp
[35m[1mScanning dependencies of target roscpp_generate_messages_cpp[0m
[  0%] Built target roscpp_generate_messages_cpp
[35m[1mScanning dependencies of target std_msgs_generate_messages_cpp[0m
[  0%] Built target std_msgs_generate_messages_cpp
[35m[1mScanning dependencies of target rosgraph_msgs_generate_messages_lisp[0m
[  0%] Built target rosgraph_msgs_generate_messages_lisp
[35m[1mScanning dependencies of target tf_generate_messages_eus[0m
[  0%] Built target tf_generate_messages_eus
[35m[1mScanning dependencies of target dynamic_reconfigure_generate_messages_lisp[0m
[  0%] Built target dynamic_reconfigure_generate_messages_lisp
[35m[1mScanning dependencies of target tf2_msgs_generate_messages_cpp[0m
[  0%] Built target tf2_msgs_generate_messages_cpp
[35m[1mScanning dependencies of target roscpp_generate_messages_nodejs[0m
[  0%] Built target roscpp_generate_messages_nodejs
[35m[1mScanning dependencies of target actionlib_msgs_generate_messages_nodejs[0m
[  0%] Built target actionlib_msgs_generate_messages_nodejs
[35m[1mScanning dependencies of target roscpp_generate_messages_py[0m
[35m[1mScanning dependencies of target actionlib_msgs_generate_messages_lisp[0m
[  0%] Built target roscpp_generate_messages_py
[  0%] Built target actionlib_msgs_generate_messages_lisp
[35m[1mScanning dependencies of target std_msgs_generate_messages_eus[0m
[35m[1mScanning dependencies of target tf_generate_messages_py[0m
[  0%] Built target std_msgs_generate_messages_eus
[  0%] Built target tf_generate_messages_py
[35m[1mScanning dependencies of target actionlib_generate_messages_eus[0m
[  0%] Built target actionlib_generate_messages_eus
[35m[1mScanning dependencies of target rosgraph_msgs_generate_messages_cpp[0m
[  0%] Built target rosgraph_msgs_generate_messages_cpp
[35m[1mScanning dependencies of target rosgraph_msgs_generate_messages_eus[0m
[  0%] Built target rosgraph_msgs_generate_messages_eus
[35m[1mScanning dependencies of target geometry_msgs_generate_messages_cpp[0m
[  0%] Built target geometry_msgs_generate_messages_cpp
[35m[1mScanning dependencies of target geometry_msgs_generate_messages_lisp[0m
[  0%] Built target geometry_msgs_generate_messages_lisp
[35m[1mScanning dependencies of target kinova_msgs_generate_messages_eus[0m
[  0%] Built target kinova_msgs_generate_messages_eus
[35m[1mScanning dependencies of target tf_generate_messages_cpp[0m
[  0%] Built target tf_generate_messages_cpp
[35m[1mScanning dependencies of target dynamic_reconfigure_generate_messages_eus[0m
[  0%] Built target dynamic_reconfigure_generate_messages_eus
[35m[1mScanning dependencies of target geometry_msgs_generate_messages_nodejs[0m
[  0%] Built target geometry_msgs_generate_messages_nodejs
[35m[1mScanning dependencies of target geometry_msgs_generate_messages_py[0m
[35m[1mScanning dependencies of target tf2_msgs_generate_messages_eus[0m
[  0%] Built target geometry_msgs_generate_messages_py
[  0%] Built target tf2_msgs_generate_messages_eus
[35m[1mScanning dependencies of target sensor_msgs_generate_messages_py[0m
[  0%] Built target sensor_msgs_generate_messages_py
[35m[1mScanning dependencies of target kinova_msgs_generate_messages_lisp[0m
[  0%] Built target kinova_msgs_generate_messages_lisp
[35m[1mScanning dependencies of target visualization_msgs_generate_messages_cpp[0m
[  0%] Built target visualization_msgs_generate_messages_cpp
[35m[1mScanning dependencies of target sensor_msgs_generate_messages_eus[0m
[  0%] Built target sensor_msgs_generate_messages_eus
[35m[1mScanning dependencies of target sensor_msgs_generate_messages_lisp[0m
[  0%] Built target sensor_msgs_generate_messages_lisp
[35m[1mScanning dependencies of target sensor_msgs_generate_messages_nodejs[0m
[  0%] Built target sensor_msgs_generate_messages_nodejs
[35m[1mScanning dependencies of target tf_generate_messages_nodejs[0m
[  0%] Built target tf_generate_messages_nodejs
[35m[1mScanning dependencies of target kinova_driver_gencfg[0m
[  0%] Built target kinova_driver_gencfg
[35m[1mScanning dependencies of target gripper_command_action_server[0m
[  4%] [32mBuilding CXX object CMakeFiles/gripper_command_action_server.dir/src/joint_trajectory_action/gripper_command_action_server.cpp.o[0m
[35m[1mScanning dependencies of target kinova_driver[0m
[  9%] [32mBuilding CXX object CMakeFiles/kinova_driver.dir/src/kinova_api.cpp.o[0m
[ 14%] [32mBuilding CXX object CMakeFiles/kinova_driver.dir/src/kinova_arm.cpp.o[0m
[ 19%] [32mBuilding CXX object CMakeFiles/kinova_driver.dir/src/kinova_comm.cpp.o[0m
[ 23%] [32mBuilding CXX object CMakeFiles/kinova_driver.dir/src/kinova_tool_pose_action.cpp.o[0m
[35m[1mScanning dependencies of target joint_trajectory_action_server[0m
[ 28%] [32mBuilding CXX object CMakeFiles/joint_trajectory_action_server.dir/src/joint_trajectory_action/joint_trajectory_action_server.cpp.o[0m
[01m[K/home/xinyao/SAR_ROS/catkin_ws/src/kinova-ros/kinova_driver/src/kinova_api.cpp:[m[K In member function ‘[01m[Kint kinova::KinovaAPI::initializeKinovaAPIFunctions(kinova::KinovaAPIType)[m[K’:
[01m[K/home/xinyao/SAR_ROS/catkin_ws/src/kinova-ros/kinova_driver/src/kinova_api.cpp:333:1:[m[K [01;35m[Kwarning: [m[Kno return statement in function returning non-void [[01;35m[K-Wreturn-type[m[K]
  333 | [01;35m[K}[m[K
      | [01;35m[K^[m[K
[35m[1mScanning dependencies of target kinova_tf_updater[0m
[ 33%] [32mBuilding CXX object CMakeFiles/kinova_tf_updater.dir/src/kinova_ros_types.cpp.o[0m
[ 38%] [32mBuilding CXX object CMakeFiles/kinova_driver.dir/src/kinova_joint_angles_action.cpp.o[0m
[01m[K/home/xinyao/SAR_ROS/catkin_ws/src/kinova-ros/kinova_driver/src/kinova_comm.cpp:[m[K In member function ‘[01m[Kint kinova::KinovaComm::SetRedundancyResolutionToleastSquares(int)[m[K’:
[01m[K/home/xinyao/SAR_ROS/catkin_ws/src/kinova-ros/kinova_driver/src/kinova_comm.cpp:1654:1:[m[K [01;35m[Kwarning: [m[Kno return statement in function returning non-void [[01;35m[K-Wreturn-type[m[K]
 1654 | [01;35m[K}[m[K
      | [01;35m[K^[m[K
[ 42%] [32mBuilding CXX object CMakeFiles/kinova_driver.dir/src/kinova_fingers_action.cpp.o[0m
[01m[K/home/xinyao/SAR_ROS/catkin_ws/src/kinova-ros/kinova_driver/src/kinova_comm.cpp:[m[K In member function ‘[01m[Kint kinova::KinovaComm::runCOMParameterEstimation(ROBOT_TYPE)[m[K’:
[01m[K/home/xinyao/SAR_ROS/catkin_ws/src/kinova-ros/kinova_driver/src/kinova_comm.cpp:918:1:[m[K [01;35m[Kwarning: [m[Kcontrol reaches end of non-void function [[01;35m[K-Wreturn-type[m[K]
  918 | [01;35m[K}[m[K
      | [01;35m[K^[m[K
[01m[K/home/xinyao/SAR_ROS/catkin_ws/src/kinova-ros/kinova_driver/src/kinova_comm.cpp:[m[K In member function ‘[01m[Kint kinova::KinovaComm::SelfCollisionAvoidanceInCartesianMode(int)[m[K’:
[01m[K/home/xinyao/SAR_ROS/catkin_ws/src/kinova-ros/kinova_driver/src/kinova_comm.cpp:1626:1:[m[K [01;35m[Kwarning: [m[Kcontrol reaches end of non-void function [[01;35m[K-Wreturn-type[m[K]
 1626 | [01;35m[K}[m[K
      | [01;35m[K^[m[K
[01m[K/home/xinyao/SAR_ROS/catkin_ws/src/kinova-ros/kinova_driver/src/kinova_comm.cpp:[m[K In member function ‘[01m[Kint kinova::KinovaComm::SingularityAvoidanceInCartesianMode(int)[m[K’:
[01m[K/home/xinyao/SAR_ROS/catkin_ws/src/kinova-ros/kinova_driver/src/kinova_comm.cpp:1635:1:[m[K [01;35m[Kwarning: [m[Kcontrol reaches end of non-void function [[01;35m[K-Wreturn-type[m[K]
 1635 | [01;35m[K}[m[K
      | [01;35m[K^[m[K
[01m[K/home/xinyao/SAR_ROS/catkin_ws/src/kinova-ros/kinova_driver/src/kinova_comm.cpp:[m[K In member function ‘[01m[Kint kinova::KinovaComm::SetRedundantJointNullSpaceMotion(int)[m[K’:
[01m[K/home/xinyao/SAR_ROS/catkin_ws/src/kinova-ros/kinova_driver/src/kinova_comm.cpp:1649:1:[m[K [01;35m[Kwarning: [m[Kcontrol reaches end of non-void function [[01;35m[K-Wreturn-type[m[K]
 1649 | [01;35m[K}[m[K
      | [01;35m[K^[m[K
[01m[K/home/xinyao/SAR_ROS/catkin_ws/src/kinova-ros/kinova_driver/src/kinova_arm.cpp:[m[K In member function ‘[01m[Kbool kinova::KinovaArm::ActivateNullSpaceModeCallback(kinova_msgs::SetNullSpaceModeState::Request&, kinova_msgs::SetNullSpaceModeState::Response&)[m[K’:
[01m[K/home/xinyao/SAR_ROS/catkin_ws/src/kinova-ros/kinova_driver/src/kinova_arm.cpp:253:1:[m[K [01;35m[Kwarning: [m[Kno return statement in function returning non-void [[01;35m[K-Wreturn-type[m[K]
  253 | [01;35m[K}[m[K
      | [01;35m[K^[m[K
[01m[K/home/xinyao/SAR_ROS/catkin_ws/src/kinova-ros/kinova_driver/src/kinova_arm.cpp:[m[K In member function ‘[01m[Kbool kinova::KinovaArm::setTorqueControlModeService(kinova_msgs::SetTorqueControlMode::Request&, kinova_msgs::SetTorqueControlMode::Response&)[m[K’:
[01m[K/home/xinyao/SAR_ROS/catkin_ws/src/kinova-ros/kinova_driver/src/kinova_arm.cpp:258:1:[m[K [01;35m[Kwarning: [m[Kno return statement in function returning non-void [[01;35m[K-Wreturn-type[m[K]
  258 | [01;35m[K}[m[K
      | [01;35m[K^[m[K
[01m[K/home/xinyao/SAR_ROS/catkin_ws/src/kinova-ros/kinova_driver/src/kinova_arm.cpp:[m[K In member function ‘[01m[Kbool kinova::KinovaArm::setTorqueControlParametersService(kinova_msgs::SetTorqueControlParameters::Request&, kinova_msgs::SetTorqueControlParameters::Response&)[m[K’:
[01m[K/home/xinyao/SAR_ROS/catkin_ws/src/kinova-ros/kinova_driver/src/kinova_arm.cpp:302:1:[m[K [01;35m[Kwarning: [m[Kno return statement in function returning non-void [[01;35m[K-Wreturn-type[m[K]
  302 | [01;35m[K}[m[K
      | [01;35m[K^[m[K
[01m[K/home/xinyao/SAR_ROS/catkin_ws/src/kinova-ros/kinova_driver/src/kinova_arm.cpp:[m[K In member function ‘[01m[Kbool kinova::KinovaArm::addCartesianPoseToTrajectory(kinova_msgs::AddPoseToCartesianTrajectory::Request&, kinova_msgs::AddPoseToCartesianTrajectory::Response&)[m[K’:
[01m[K/home/xinyao/SAR_ROS/catkin_ws/src/kinova-ros/kinova_driver/src/kinova_arm.cpp:392:1:[m[K [01;35m[Kwarning: [m[Kno return statement in function returning non-void [[01;35m[K-Wreturn-type[m[K]
  392 | [01;35m[K}[m[K
      | [01;35m[K^[m[K
[01m[K/home/xinyao/SAR_ROS/catkin_ws/src/kinova-ros/kinova_driver/src/kinova_arm.cpp:[m[K In member function ‘[01m[Kbool kinova::KinovaArm::clearTrajectoriesServiceCallback(kinova_msgs::ClearTrajectories::Request&, kinova_msgs::ClearTrajectories::Response&)[m[K’:
[01m[K/home/xinyao/SAR_ROS/catkin_ws/src/kinova-ros/kinova_driver/src/kinova_arm.cpp:399:1:[m[K [01;35m[Kwarning: [m[Kno return statement in function returning non-void [[01;35m[K-Wreturn-type[m[K]
  399 | [01;35m[K}[m[K
      | [01;35m[K^[m[K
[01m[K/home/xinyao/SAR_ROS/catkin_ws/src/kinova-ros/kinova_driver/src/kinova_arm.cpp:[m[K In member function ‘[01m[Kbool kinova::KinovaArm::runCOMParameterEstimationService(kinova_msgs::RunCOMParametersEstimation::Request&, kinova_msgs::RunCOMParametersEstimation::Response&)[m[K’:
[01m[K/home/xinyao/SAR_ROS/catkin_ws/src/kinova-ros/kinova_driver/src/kinova_arm.cpp:465:1:[m[K [01;35m[Kwarning: [m[Kno return statement in function returning non-void [[01;35m[K-Wreturn-type[m[K]
  465 | [01;35m[K}[m[K
      | [01;35m[K^[m[K
[ 47%] [32mBuilding CXX object CMakeFiles/kinova_driver.dir/src/kinova_ros_types.cpp.o[0m
[ 52%] [32m[1mLinking CXX executable /home/xinyao/SAR_ROS/catkin_ws/devel/.private/kinova_driver/lib/kinova_driver/gripper_command_action_server[0m
[01m[K/home/xinyao/SAR_ROS/catkin_ws/src/kinova-ros/kinova_driver/src/kinova_ros_types.cpp:[m[K In member function ‘[01m[Ktf::Quaternion kinova::KinovaPose::getQuaternion(tf::Quaternion&)[m[K’:
[01m[K/home/xinyao/SAR_ROS/catkin_ws/src/kinova-ros/kinova_driver/src/kinova_ros_types.cpp:361:1:[m[K [01;35m[Kwarning: [m[Kno return statement in function returning non-void [[01;35m[K-Wreturn-type[m[K]
  361 | [01;35m[K}[m[K
      | [01;35m[K^[m[K
[ 52%] Built target gripper_command_action_server
[ 57%] [32mBuilding CXX object CMakeFiles/kinova_tf_updater.dir/src/nodes/kinova_tf_updater.cpp.o[0m
[ 61%] [32mBuilding CXX object CMakeFiles/kinova_tf_updater.dir/src/kinova_arm_kinematics.cpp.o[0m
[ 66%] [32mBuilding CXX object CMakeFiles/kinova_driver.dir/src/kinova_joint_trajectory_controller.cpp.o[0m
[01m[K/home/xinyao/SAR_ROS/catkin_ws/src/kinova-ros/kinova_driver/src/kinova_ros_types.cpp:[m[K In member function ‘[01m[Ktf::Quaternion kinova::KinovaPose::getQuaternion(tf::Quaternion&)[m[K’:
[01m[K/home/xinyao/SAR_ROS/catkin_ws/src/kinova-ros/kinova_driver/src/kinova_ros_types.cpp:361:1:[m[K [01;35m[Kwarning: [m[Kno return statement in function returning non-void [[01;35m[K-Wreturn-type[m[K]
  361 | [01;35m[K}[m[K
      | [01;35m[K^[m[K
[ 71%] [32m[1mLinking CXX executable /home/xinyao/SAR_ROS/catkin_ws/devel/.private/kinova_driver/lib/kinova_driver/joint_trajectory_action_server[0m
[ 71%] Built target joint_trajectory_action_server
[ 76%] [32m[1mLinking CXX executable /home/xinyao/SAR_ROS/catkin_ws/devel/.private/kinova_driver/lib/kinova_driver/kinova_tf_updater[0m
[ 76%] Built target kinova_tf_updater
[ 80%] [32m[1mLinking CXX shared library /home/xinyao/SAR_ROS/catkin_ws/devel/.private/kinova_driver/lib/libkinova_driver.so[0m
[ 80%] Built target kinova_driver
[35m[1mScanning dependencies of target kinova_interactive_control[0m
[35m[1mScanning dependencies of target kinova_arm_driver[0m
[ 85%] [32mBuilding CXX object CMakeFiles/kinova_arm_driver.dir/src/nodes/kinova_arm_driver.cpp.o[0m
[ 90%] [32mBuilding CXX object CMakeFiles/kinova_interactive_control.dir/src/nodes/kinova_interactive_control.cpp.o[0m
[ 95%] [32m[1mLinking CXX executable /home/xinyao/SAR_ROS/catkin_ws/devel/.private/kinova_driver/lib/kinova_driver/kinova_arm_driver[0m
[ 95%] Built target kinova_arm_driver
[100%] [32m[1mLinking CXX executable /home/xinyao/SAR_ROS/catkin_ws/devel/.private/kinova_driver/lib/kinova_driver/kinova_interactive_control[0m
[100%] Built target kinova_interactive_control
