[01m[K/home/xinyao/SAR_ROS/catkin_ws/src/kinova-ros/kinova_driver/src/kinova_api.cpp:[m[K In member function ‘[01m[Kint kinova::KinovaAPI::initializeKinovaAPIFunctions(kinova::KinovaAPIType)[m[K’:
[01m[K/home/xinyao/SAR_ROS/catkin_ws/src/kinova-ros/kinova_driver/src/kinova_api.cpp:333:1:[m[K [01;35m[Kwarning: [m[Kno return statement in function returning non-void [[01;35m[K-Wreturn-type[m[K]
  333 | [01;35m[K}[m[K
      | [01;35m[K^[m[K
[01m[K/home/xinyao/SAR_ROS/catkin_ws/src/kinova-ros/kinova_driver/src/kinova_comm.cpp:[m[K In member function ‘[01m[Kint kinova::KinovaComm::SetRedundancyResolutionToleastSquares(int)[m[K’:
[01m[K/home/xinyao/SAR_ROS/catkin_ws/src/kinova-ros/kinova_driver/src/kinova_comm.cpp:1654:1:[m[K [01;35m[Kwarning: [m[Kno return statement in function returning non-void [[01;35m[K-Wreturn-type[m[K]
 1654 | [01;35m[K}[m[K
      | [01;35m[K^[m[K
[01m[K/home/xinyao/SAR_ROS/catkin_ws/src/kinova-ros/kinova_driver/src/kinova_comm.cpp:[m[K In member function ‘[01m[Kint kinova::KinovaComm::runCOMParameterEstimation(ROBOT_TYPE)[m[K’:
[01m[K/home/xinyao/SAR_ROS/catkin_ws/src/kinova-ros/kinova_driver/src/kinova_comm.cpp:918:1:[m[K [01;35m[Kwarning: [m[Kcontrol reaches end of non-void function [[01;35m[K-Wreturn-type[m[K]
  918 | [01;35m[K}[m[K
      | [01;35m[K^[m[K
[01m[K/home/xinyao/SAR_ROS/catkin_ws/src/kinova-ros/kinova_driver/src/kinova_comm.cpp:[m[K In member function ‘[01m[Kint kinova::KinovaComm::SelfCollisionAvoidanceInCartesianMode(int)[m[K’:
[01m[K/home/xinyao/SAR_ROS/catkin_ws/src/kinova-ros/kinova_driver/src/kinova_comm.cpp:1626:1:[m[K [01;35m[Kwarning: [m[Kcontrol reaches end of non-void function [[01;35m[K-Wreturn-type[m[K]
 1626 | [01;35m[K}[m[K
      | [01;35m[K^[m[K
[01m[K/home/xinyao/SAR_ROS/catkin_ws/src/kinova-ros/kinova_driver/src/kinova_comm.cpp:[m[K In member function ‘[01m[Kint kinova::KinovaComm::SingularityAvoidanceInCartesianMode(int)[m[K’:
[01m[K/home/xinyao/SAR_ROS/catkin_ws/src/kinova-ros/kinova_driver/src/kinova_comm.cpp:1635:1:[m[K [01;35m[Kwarning: [m[Kcontrol reaches end of non-void function [[01;35m[K-Wreturn-type[m[K]
 1635 | [01;35m[K}[m[K
      | [01;35m[K^[m[K
[01m[K/home/xinyao/SAR_ROS/catkin_ws/src/kinova-ros/kinova_driver/src/kinova_comm.cpp:[m[K In member function ‘[01m[Kint kinova::KinovaComm::SetRedundantJointNullSpaceMotion(int)[m[K’:
[01m[K/home/xinyao/SAR_ROS/catkin_ws/src/kinova-ros/kinova_driver/src/kinova_comm.cpp:1649:1:[m[K [01;35m[Kwarning: [m[Kcontrol reaches end of non-void function [[01;35m[K-Wreturn-type[m[K]
 1649 | [01;35m[K}[m[K
      | [01;35m[K^[m[K
[01m[K/home/xinyao/SAR_ROS/catkin_ws/src/kinova-ros/kinova_driver/src/kinova_arm.cpp:[m[K In member function ‘[01m[Kbool kinova::KinovaArm::ActivateNullSpaceModeCallback(kinova_msgs::SetNullSpaceModeState::Request&, kinova_msgs::SetNullSpaceModeState::Response&)[m[K’:
[01m[K/home/xinyao/SAR_ROS/catkin_ws/src/kinova-ros/kinova_driver/src/kinova_arm.cpp:253:1:[m[K [01;35m[Kwarning: [m[Kno return statement in function returning non-void [[01;35m[K-Wreturn-type[m[K]
  253 | [01;35m[K}[m[K
      | [01;35m[K^[m[K
[01m[K/home/xinyao/SAR_ROS/catkin_ws/src/kinova-ros/kinova_driver/src/kinova_arm.cpp:[m[K In member function ‘[01m[Kbool kinova::KinovaArm::setTorqueControlModeService(kinova_msgs::SetTorqueControlMode::Request&, kinova_msgs::SetTorqueControlMode::Response&)[m[K’:
[01m[K/home/xinyao/SAR_ROS/catkin_ws/src/kinova-ros/kinova_driver/src/kinova_arm.cpp:258:1:[m[K [01;35m[Kwarning: [m[Kno return statement in function returning non-void [[01;35m[K-Wreturn-type[m[K]
  258 | [01;35m[K}[m[K
      | [01;35m[K^[m[K
[01m[K/home/xinyao/SAR_ROS/catkin_ws/src/kinova-ros/kinova_driver/src/kinova_arm.cpp:[m[K In member function ‘[01m[Kbool kinova::KinovaArm::setTorqueControlParametersService(kinova_msgs::SetTorqueControlParameters::Request&, kinova_msgs::SetTorqueControlParameters::Response&)[m[K’:
[01m[K/home/xinyao/SAR_ROS/catkin_ws/src/kinova-ros/kinova_driver/src/kinova_arm.cpp:302:1:[m[K [01;35m[Kwarning: [m[Kno return statement in function returning non-void [[01;35m[K-Wreturn-type[m[K]
  302 | [01;35m[K}[m[K
      | [01;35m[K^[m[K
[01m[K/home/xinyao/SAR_ROS/catkin_ws/src/kinova-ros/kinova_driver/src/kinova_arm.cpp:[m[K In member function ‘[01m[Kbool kinova::KinovaArm::addCartesianPoseToTrajectory(kinova_msgs::AddPoseToCartesianTrajectory::Request&, kinova_msgs::AddPoseToCartesianTrajectory::Response&)[m[K’:
[01m[K/home/xinyao/SAR_ROS/catkin_ws/src/kinova-ros/kinova_driver/src/kinova_arm.cpp:392:1:[m[K [01;35m[Kwarning: [m[Kno return statement in function returning non-void [[01;35m[K-Wreturn-type[m[K]
  392 | [01;35m[K}[m[K
      | [01;35m[K^[m[K
[01m[K/home/xinyao/SAR_ROS/catkin_ws/src/kinova-ros/kinova_driver/src/kinova_arm.cpp:[m[K In member function ‘[01m[Kbool kinova::KinovaArm::clearTrajectoriesServiceCallback(kinova_msgs::ClearTrajectories::Request&, kinova_msgs::ClearTrajectories::Response&)[m[K’:
[01m[K/home/xinyao/SAR_ROS/catkin_ws/src/kinova-ros/kinova_driver/src/kinova_arm.cpp:399:1:[m[K [01;35m[Kwarning: [m[Kno return statement in function returning non-void [[01;35m[K-Wreturn-type[m[K]
  399 | [01;35m[K}[m[K
      | [01;35m[K^[m[K
[01m[K/home/xinyao/SAR_ROS/catkin_ws/src/kinova-ros/kinova_driver/src/kinova_arm.cpp:[m[K In member function ‘[01m[Kbool kinova::KinovaArm::runCOMParameterEstimationService(kinova_msgs::RunCOMParametersEstimation::Request&, kinova_msgs::RunCOMParametersEstimation::Response&)[m[K’:
[01m[K/home/xinyao/SAR_ROS/catkin_ws/src/kinova-ros/kinova_driver/src/kinova_arm.cpp:465:1:[m[K [01;35m[Kwarning: [m[Kno return statement in function returning non-void [[01;35m[K-Wreturn-type[m[K]
  465 | [01;35m[K}[m[K
      | [01;35m[K^[m[K
[01m[K/home/xinyao/SAR_ROS/catkin_ws/src/kinova-ros/kinova_driver/src/kinova_ros_types.cpp:[m[K In member function ‘[01m[Ktf::Quaternion kinova::KinovaPose::getQuaternion(tf::Quaternion&)[m[K’:
[01m[K/home/xinyao/SAR_ROS/catkin_ws/src/kinova-ros/kinova_driver/src/kinova_ros_types.cpp:361:1:[m[K [01;35m[Kwarning: [m[Kno return statement in function returning non-void [[01;35m[K-Wreturn-type[m[K]
  361 | [01;35m[K}[m[K
      | [01;35m[K^[m[K
[01m[K/home/xinyao/SAR_ROS/catkin_ws/src/kinova-ros/kinova_driver/src/kinova_ros_types.cpp:[m[K In member function ‘[01m[Ktf::Quaternion kinova::KinovaPose::getQuaternion(tf::Quaternion&)[m[K’:
[01m[K/home/xinyao/SAR_ROS/catkin_ws/src/kinova-ros/kinova_driver/src/kinova_ros_types.cpp:361:1:[m[K [01;35m[Kwarning: [m[Kno return statement in function returning non-void [[01;35m[K-Wreturn-type[m[K]
  361 | [01;35m[K}[m[K
      | [01;35m[K^[m[K
