Symlinking /home/xinyao/SAR_ROS/catkin_ws/devel/include/interbotix_xsarm_joy/ArmJoy.h
Symlinking /home/xinyao/SAR_ROS/catkin_ws/devel/share/interbotix_xsarm_joy/cmake/interbotix_xsarm_joy-msg-paths.cmake
Symlinking /home/xinyao/SAR_ROS/catkin_ws/devel/share/interbotix_xsarm_joy/cmake/interbotix_xsarm_joyConfig-version.cmake
Symlinking /home/xinyao/SAR_ROS/catkin_ws/devel/share/interbotix_xsarm_joy/cmake/interbotix_xsarm_joy-msg-extras.cmake
Symlinking /home/xinyao/SAR_ROS/catkin_ws/devel/share/interbotix_xsarm_joy/cmake/interbotix_xsarm_joyConfig.cmake
Symlinking /home/xinyao/SAR_ROS/catkin_ws/devel/share/common-lisp/ros/interbotix_xsarm_joy/msg/ArmJoy.lisp
Symlinking /home/xinyao/SAR_ROS/catkin_ws/devel/share/common-lisp/ros/interbotix_xsarm_joy/msg/_package.lisp
Symlinking /home/xinyao/SAR_ROS/catkin_ws/devel/share/common-lisp/ros/interbotix_xsarm_joy/msg/_package_ArmJoy.lisp
Symlinking /home/xinyao/SAR_ROS/catkin_ws/devel/share/common-lisp/ros/interbotix_xsarm_joy/msg/interbotix_xsarm_joy-msg.asd
Symlinking /home/xinyao/SAR_ROS/catkin_ws/devel/share/roseus/ros/interbotix_xsarm_joy/manifest.l
Symlinking /home/xinyao/SAR_ROS/catkin_ws/devel/share/roseus/ros/interbotix_xsarm_joy/msg/ArmJoy.l
Symlinking /home/xinyao/SAR_ROS/catkin_ws/devel/share/gennodejs/ros/interbotix_xsarm_joy/_index.js
Symlinking /home/xinyao/SAR_ROS/catkin_ws/devel/share/gennodejs/ros/interbotix_xsarm_joy/msg/_index.js
Symlinking /home/xinyao/SAR_ROS/catkin_ws/devel/share/gennodejs/ros/interbotix_xsarm_joy/msg/ArmJoy.js
Symlinking /home/xinyao/SAR_ROS/catkin_ws/devel/lib/python3/dist-packages/interbotix_xsarm_joy/__init__.py
Symlinking /home/xinyao/SAR_ROS/catkin_ws/devel/lib/python3/dist-packages/interbotix_xsarm_joy/msg/_ArmJoy.py
Symlinking /home/xinyao/SAR_ROS/catkin_ws/devel/lib/python3/dist-packages/interbotix_xsarm_joy/msg/__init__.py
Symlinking /home/xinyao/SAR_ROS/catkin_ws/devel/lib/interbotix_xsarm_joy/cmake.lock
Symlinking /home/xinyao/SAR_ROS/catkin_ws/devel/lib/interbotix_xsarm_joy/xsarm_robot
Symlinking /home/xinyao/SAR_ROS/catkin_ws/devel/lib/interbotix_xsarm_joy/xsarm_joy
Symlinking /home/xinyao/SAR_ROS/catkin_ws/devel/lib/pkgconfig/interbotix_xsarm_joy.pc
