Symlinking /home/xinyao/SAR_ROS/catkin_ws/devel/include/robotnik_elevator_interface_msgs/ElevatorState.h
Symlinking /home/xinyao/SAR_ROS/catkin_ws/devel/include/robotnik_elevator_interface_msgs/GoToFloorRequest.h
Symlinking /home/xinyao/SAR_ROS/catkin_ws/devel/include/robotnik_elevator_interface_msgs/SetElevatorControlRequest.h
Symlinking /home/xinyao/SAR_ROS/catkin_ws/devel/include/robotnik_elevator_interface_msgs/SetDoorStateRequest.h
Symlinking /home/xinyao/SAR_ROS/catkin_ws/devel/include/robotnik_elevator_interface_msgs/SetDoorStateResponse.h
Symlinking /home/xinyao/SAR_ROS/catkin_ws/devel/include/robotnik_elevator_interface_msgs/SetDoorState.h
Symlinking /home/xinyao/SAR_ROS/catkin_ws/devel/include/robotnik_elevator_interface_msgs/GoToFloorResponse.h
Symlinking /home/xinyao/SAR_ROS/catkin_ws/devel/include/robotnik_elevator_interface_msgs/SetElevatorControl.h
Symlinking /home/xinyao/SAR_ROS/catkin_ws/devel/include/robotnik_elevator_interface_msgs/GoToFloor.h
Symlinking /home/xinyao/SAR_ROS/catkin_ws/devel/include/robotnik_elevator_interface_msgs/SetElevatorControlResponse.h
Symlinking /home/xinyao/SAR_ROS/catkin_ws/devel/share/common-lisp/ros/robotnik_elevator_interface_msgs/msg/_package.lisp
Symlinking /home/xinyao/SAR_ROS/catkin_ws/devel/share/common-lisp/ros/robotnik_elevator_interface_msgs/msg/ElevatorState.lisp
Symlinking /home/xinyao/SAR_ROS/catkin_ws/devel/share/common-lisp/ros/robotnik_elevator_interface_msgs/msg/_package_ElevatorState.lisp
Symlinking /home/xinyao/SAR_ROS/catkin_ws/devel/share/common-lisp/ros/robotnik_elevator_interface_msgs/msg/robotnik_elevator_interface_msgs-msg.asd
Symlinking /home/xinyao/SAR_ROS/catkin_ws/devel/share/common-lisp/ros/robotnik_elevator_interface_msgs/srv/_package.lisp
Symlinking /home/xinyao/SAR_ROS/catkin_ws/devel/share/common-lisp/ros/robotnik_elevator_interface_msgs/srv/robotnik_elevator_interface_msgs-srv.asd
Symlinking /home/xinyao/SAR_ROS/catkin_ws/devel/share/common-lisp/ros/robotnik_elevator_interface_msgs/srv/SetElevatorControl.lisp
Symlinking /home/xinyao/SAR_ROS/catkin_ws/devel/share/common-lisp/ros/robotnik_elevator_interface_msgs/srv/_package_SetElevatorControl.lisp
Symlinking /home/xinyao/SAR_ROS/catkin_ws/devel/share/common-lisp/ros/robotnik_elevator_interface_msgs/srv/GoToFloor.lisp
Symlinking /home/xinyao/SAR_ROS/catkin_ws/devel/share/common-lisp/ros/robotnik_elevator_interface_msgs/srv/SetDoorState.lisp
Symlinking /home/xinyao/SAR_ROS/catkin_ws/devel/share/common-lisp/ros/robotnik_elevator_interface_msgs/srv/_package_SetDoorState.lisp
Symlinking /home/xinyao/SAR_ROS/catkin_ws/devel/share/common-lisp/ros/robotnik_elevator_interface_msgs/srv/_package_GoToFloor.lisp
Symlinking /home/xinyao/SAR_ROS/catkin_ws/devel/share/roseus/ros/robotnik_elevator_interface_msgs/manifest.l
Symlinking /home/xinyao/SAR_ROS/catkin_ws/devel/share/roseus/ros/robotnik_elevator_interface_msgs/msg/ElevatorState.l
Symlinking /home/xinyao/SAR_ROS/catkin_ws/devel/share/roseus/ros/robotnik_elevator_interface_msgs/srv/SetElevatorControl.l
Symlinking /home/xinyao/SAR_ROS/catkin_ws/devel/share/roseus/ros/robotnik_elevator_interface_msgs/srv/SetDoorState.l
Symlinking /home/xinyao/SAR_ROS/catkin_ws/devel/share/roseus/ros/robotnik_elevator_interface_msgs/srv/GoToFloor.l
Symlinking /home/xinyao/SAR_ROS/catkin_ws/devel/share/gennodejs/ros/robotnik_elevator_interface_msgs/_index.js
Symlinking /home/xinyao/SAR_ROS/catkin_ws/devel/share/gennodejs/ros/robotnik_elevator_interface_msgs/msg/_index.js
Symlinking /home/xinyao/SAR_ROS/catkin_ws/devel/share/gennodejs/ros/robotnik_elevator_interface_msgs/msg/ElevatorState.js
Symlinking /home/xinyao/SAR_ROS/catkin_ws/devel/share/gennodejs/ros/robotnik_elevator_interface_msgs/srv/SetElevatorControl.js
Symlinking /home/xinyao/SAR_ROS/catkin_ws/devel/share/gennodejs/ros/robotnik_elevator_interface_msgs/srv/_index.js
Symlinking /home/xinyao/SAR_ROS/catkin_ws/devel/share/gennodejs/ros/robotnik_elevator_interface_msgs/srv/SetDoorState.js
Symlinking /home/xinyao/SAR_ROS/catkin_ws/devel/share/gennodejs/ros/robotnik_elevator_interface_msgs/srv/GoToFloor.js
Symlinking /home/xinyao/SAR_ROS/catkin_ws/devel/share/robotnik_elevator_interface_msgs/cmake/robotnik_elevator_interface_msgsConfig.cmake
Symlinking /home/xinyao/SAR_ROS/catkin_ws/devel/share/robotnik_elevator_interface_msgs/cmake/robotnik_elevator_interface_msgs-msg-extras.cmake
Symlinking /home/xinyao/SAR_ROS/catkin_ws/devel/share/robotnik_elevator_interface_msgs/cmake/robotnik_elevator_interface_msgs-msg-paths.cmake
Symlinking /home/xinyao/SAR_ROS/catkin_ws/devel/share/robotnik_elevator_interface_msgs/cmake/robotnik_elevator_interface_msgsConfig-version.cmake
Symlinking /home/xinyao/SAR_ROS/catkin_ws/devel/lib/python3/dist-packages/robotnik_elevator_interface_msgs/__init__.py
Symlinking /home/xinyao/SAR_ROS/catkin_ws/devel/lib/python3/dist-packages/robotnik_elevator_interface_msgs/msg/_ElevatorState.py
Symlinking /home/xinyao/SAR_ROS/catkin_ws/devel/lib/python3/dist-packages/robotnik_elevator_interface_msgs/msg/__init__.py
Symlinking /home/xinyao/SAR_ROS/catkin_ws/devel/lib/python3/dist-packages/robotnik_elevator_interface_msgs/srv/_GoToFloor.py
Symlinking /home/xinyao/SAR_ROS/catkin_ws/devel/lib/python3/dist-packages/robotnik_elevator_interface_msgs/srv/_SetElevatorControl.py
Symlinking /home/xinyao/SAR_ROS/catkin_ws/devel/lib/python3/dist-packages/robotnik_elevator_interface_msgs/srv/__init__.py
Symlinking /home/xinyao/SAR_ROS/catkin_ws/devel/lib/python3/dist-packages/robotnik_elevator_interface_msgs/srv/_SetDoorState.py
Symlinking /home/xinyao/SAR_ROS/catkin_ws/devel/lib/pkgconfig/robotnik_elevator_interface_msgs.pc
