[35m[1mScanning dependencies of target _robotnik_elevator_interface_msgs_generate_messages_check_deps_SetDoorState[0m
[  0%] Built target _robotnik_elevator_interface_msgs_generate_messages_check_deps_SetDoorState
[35m[1mScanning dependencies of target std_msgs_generate_messages_lisp[0m
[  0%] Built target std_msgs_generate_messages_lisp
[35m[1mScanning dependencies of target actionlib_msgs_generate_messages_lisp[0m
[  0%] Built target actionlib_msgs_generate_messages_lisp
[35m[1mScanning dependencies of target _robotnik_elevator_interface_msgs_generate_messages_check_deps_SetElevatorControl[0m
[  0%] Built target _robotnik_elevator_interface_msgs_generate_messages_check_deps_SetElevatorControl
[35m[1mScanning dependencies of target _robotnik_elevator_interface_msgs_generate_messages_check_deps_ElevatorState[0m
[  0%] Built target _robotnik_elevator_interface_msgs_generate_messages_check_deps_ElevatorState
[35m[1mScanning dependencies of target _robotnik_elevator_interface_msgs_generate_messages_check_deps_GoToFloor[0m
[  0%] Built target _robotnik_elevator_interface_msgs_generate_messages_check_deps_GoToFloor
[35m[1mScanning dependencies of target actionlib_msgs_generate_messages_py[0m
[  0%] Built target actionlib_msgs_generate_messages_py
[35m[1mScanning dependencies of target std_msgs_generate_messages_py[0m
[  0%] Built target std_msgs_generate_messages_py
[35m[1mScanning dependencies of target std_msgs_generate_messages_cpp[0m
[  0%] Built target std_msgs_generate_messages_cpp
[35m[1mScanning dependencies of target actionlib_msgs_generate_messages_cpp[0m
[  0%] Built target actionlib_msgs_generate_messages_cpp
[35m[1mScanning dependencies of target actionlib_msgs_generate_messages_nodejs[0m
[  0%] Built target actionlib_msgs_generate_messages_nodejs
[35m[1mScanning dependencies of target std_msgs_generate_messages_nodejs[0m
[  0%] Built target std_msgs_generate_messages_nodejs
[35m[1mScanning dependencies of target actionlib_msgs_generate_messages_eus[0m
[  0%] Built target actionlib_msgs_generate_messages_eus
[35m[1mScanning dependencies of target std_msgs_generate_messages_eus[0m
[  0%] Built target std_msgs_generate_messages_eus
[35m[1mScanning dependencies of target robotnik_elevator_interface_msgs_generate_messages_lisp[0m
[  4%] [34m[1mGenerating Lisp code from robotnik_elevator_interface_msgs/ElevatorState.msg[0m
[  8%] [34m[1mGenerating Lisp code from robotnik_elevator_interface_msgs/SetElevatorControl.srv[0m
[ 13%] [34m[1mGenerating Lisp code from robotnik_elevator_interface_msgs/GoToFloor.srv[0m
[ 17%] [34m[1mGenerating Lisp code from robotnik_elevator_interface_msgs/SetDoorState.srv[0m
[ 17%] Built target robotnik_elevator_interface_msgs_generate_messages_lisp
[35m[1mScanning dependencies of target robotnik_elevator_interface_msgs_generate_messages_py[0m
[ 21%] [34m[1mGenerating Python from MSG robotnik_elevator_interface_msgs/ElevatorState[0m
[ 26%] [34m[1mGenerating Python code from SRV robotnik_elevator_interface_msgs/SetElevatorControl[0m
[ 30%] [34m[1mGenerating Python code from SRV robotnik_elevator_interface_msgs/GoToFloor[0m
[ 34%] [34m[1mGenerating Python code from SRV robotnik_elevator_interface_msgs/SetDoorState[0m
[ 39%] [34m[1mGenerating Python msg __init__.py for robotnik_elevator_interface_msgs[0m
[35m[1mScanning dependencies of target robotnik_elevator_interface_msgs_generate_messages_cpp[0m
[ 43%] [34m[1mGenerating C++ code from robotnik_elevator_interface_msgs/ElevatorState.msg[0m
[ 47%] [34m[1mGenerating Python srv __init__.py for robotnik_elevator_interface_msgs[0m
[ 52%] [34m[1mGenerating C++ code from robotnik_elevator_interface_msgs/SetElevatorControl.srv[0m
[ 56%] [34m[1mGenerating C++ code from robotnik_elevator_interface_msgs/SetDoorState.srv[0m
[ 60%] [34m[1mGenerating C++ code from robotnik_elevator_interface_msgs/GoToFloor.srv[0m
[ 60%] Built target robotnik_elevator_interface_msgs_generate_messages_py
[35m[1mScanning dependencies of target robotnik_elevator_interface_msgs_generate_messages_nodejs[0m
[ 65%] [34m[1mGenerating Javascript code from robotnik_elevator_interface_msgs/ElevatorState.msg[0m
[ 69%] [34m[1mGenerating Javascript code from robotnik_elevator_interface_msgs/SetElevatorControl.srv[0m
[ 73%] [34m[1mGenerating Javascript code from robotnik_elevator_interface_msgs/GoToFloor.srv[0m
[ 78%] [34m[1mGenerating Javascript code from robotnik_elevator_interface_msgs/SetDoorState.srv[0m
[ 78%] Built target robotnik_elevator_interface_msgs_generate_messages_cpp
[ 78%] Built target robotnik_elevator_interface_msgs_generate_messages_nodejs
[35m[1mScanning dependencies of target robotnik_elevator_interface_msgs_generate_messages_eus[0m
[ 82%] [34m[1mGenerating EusLisp code from robotnik_elevator_interface_msgs/ElevatorState.msg[0m
[ 86%] [34m[1mGenerating EusLisp code from robotnik_elevator_interface_msgs/SetElevatorControl.srv[0m
[ 91%] [34m[1mGenerating EusLisp code from robotnik_elevator_interface_msgs/GoToFloor.srv[0m
[ 95%] [34m[1mGenerating EusLisp code from robotnik_elevator_interface_msgs/SetDoorState.srv[0m
[100%] [34m[1mGenerating EusLisp manifest code for robotnik_elevator_interface_msgs[0m
[100%] Built target robotnik_elevator_interface_msgs_generate_messages_eus
[35m[1mScanning dependencies of target robotnik_elevator_interface_msgs_generate_messages[0m
[100%] Built target robotnik_elevator_interface_msgs_generate_messages
