Symlinking /home/xinyao/SAR_ROS/catkin_ws/devel/include/interbotix_xsarm_diagnostic_tool/JointTemps.h
Symlinking /home/xinyao/SAR_ROS/catkin_ws/devel/share/common-lisp/ros/interbotix_xsarm_diagnostic_tool/msg/_package.lisp
Symlinking /home/xinyao/SAR_ROS/catkin_ws/devel/share/common-lisp/ros/interbotix_xsarm_diagnostic_tool/msg/interbotix_xsarm_diagnostic_tool-msg.asd
Symlinking /home/xinyao/SAR_ROS/catkin_ws/devel/share/common-lisp/ros/interbotix_xsarm_diagnostic_tool/msg/JointTemps.lisp
Symlinking /home/xinyao/SAR_ROS/catkin_ws/devel/share/common-lisp/ros/interbotix_xsarm_diagnostic_tool/msg/_package_JointTemps.lisp
Symlinking /home/xinyao/SAR_ROS/catkin_ws/devel/share/interbotix_xsarm_diagnostic_tool/cmake/interbotix_xsarm_diagnostic_tool-msg-extras.cmake
Symlinking /home/xinyao/SAR_ROS/catkin_ws/devel/share/interbotix_xsarm_diagnostic_tool/cmake/interbotix_xsarm_diagnostic_toolConfig.cmake
Symlinking /home/xinyao/SAR_ROS/catkin_ws/devel/share/interbotix_xsarm_diagnostic_tool/cmake/interbotix_xsarm_diagnostic_toolConfig-version.cmake
Symlinking /home/xinyao/SAR_ROS/catkin_ws/devel/share/interbotix_xsarm_diagnostic_tool/cmake/interbotix_xsarm_diagnostic_tool-msg-paths.cmake
Symlinking /home/xinyao/SAR_ROS/catkin_ws/devel/share/roseus/ros/interbotix_xsarm_diagnostic_tool/manifest.l
Symlinking /home/xinyao/SAR_ROS/catkin_ws/devel/share/roseus/ros/interbotix_xsarm_diagnostic_tool/msg/JointTemps.l
Symlinking /home/xinyao/SAR_ROS/catkin_ws/devel/share/gennodejs/ros/interbotix_xsarm_diagnostic_tool/_index.js
Symlinking /home/xinyao/SAR_ROS/catkin_ws/devel/share/gennodejs/ros/interbotix_xsarm_diagnostic_tool/msg/_index.js
Symlinking /home/xinyao/SAR_ROS/catkin_ws/devel/share/gennodejs/ros/interbotix_xsarm_diagnostic_tool/msg/JointTemps.js
Symlinking /home/xinyao/SAR_ROS/catkin_ws/devel/lib/python3/dist-packages/interbotix_xsarm_diagnostic_tool/__init__.py
Symlinking /home/xinyao/SAR_ROS/catkin_ws/devel/lib/python3/dist-packages/interbotix_xsarm_diagnostic_tool/msg/__init__.py
Symlinking /home/xinyao/SAR_ROS/catkin_ws/devel/lib/python3/dist-packages/interbotix_xsarm_diagnostic_tool/msg/_JointTemps.py
Symlinking /home/xinyao/SAR_ROS/catkin_ws/devel/lib/pkgconfig/interbotix_xsarm_diagnostic_tool.pc
Symlinking /home/xinyao/SAR_ROS/catkin_ws/devel/lib/interbotix_xsarm_diagnostic_tool/cmake.lock
Symlinking /home/xinyao/SAR_ROS/catkin_ws/devel/lib/interbotix_xsarm_diagnostic_tool/xsarm_diagnostic_tool
Symlinking /home/xinyao/SAR_ROS/catkin_ws/devel/lib/interbotix_xsarm_diagnostic_tool/bag2csv.py
