[35m[1mScanning dependencies of target actionlib_msgs_generate_messages_lisp[0m
[  0%] Built target actionlib_msgs_generate_messages_lisp
[35m[1mScanning dependencies of target robotnik_elevator_interface_msgs_generate_messages_py[0m
[  0%] Built target robotnik_elevator_interface_msgs_generate_messages_py
[35m[1mScanning dependencies of target robotnik_elevator_interface_msgs_generate_messages_lisp[0m
[  0%] Built target robotnik_elevator_interface_msgs_generate_messages_lisp
[35m[1mScanning dependencies of target robotnik_elevator_interface_msgs_generate_messages_cpp[0m
[  0%] Built target robotnik_elevator_interface_msgs_generate_messages_cpp
[35m[1mScanning dependencies of target geometry_msgs_generate_messages_py[0m
[35m[1mScanning dependencies of target geometry_msgs_generate_messages_lisp[0m
[35m[1mScanning dependencies of target geometry_msgs_generate_messages_nodejs[0m
[  0%] Built target geometry_msgs_generate_messages_py
[  0%] Built target geometry_msgs_generate_messages_nodejs
[  0%] Built target geometry_msgs_generate_messages_lisp
[35m[1mScanning dependencies of target geometry_msgs_generate_messages_cpp[0m
[  0%] Built target geometry_msgs_generate_messages_cpp
[35m[1mScanning dependencies of target robotnik_msgs_generate_messages_nodejs[0m
[35m[1mScanning dependencies of target robotnik_elevator_interface_msgs_generate_messages_nodejs[0m
[  0%] Built target robotnik_msgs_generate_messages_nodejs
[  0%] Built target robotnik_elevator_interface_msgs_generate_messages_nodejs
[35m[1mScanning dependencies of target actionlib_msgs_generate_messages_nodejs[0m
[35m[1mScanning dependencies of target rosgraph_msgs_generate_messages_eus[0m
[  0%] Built target actionlib_msgs_generate_messages_nodejs
[  0%] Built target rosgraph_msgs_generate_messages_eus
[35m[1mScanning dependencies of target rosgraph_msgs_generate_messages_cpp[0m
[  0%] Built target rosgraph_msgs_generate_messages_cpp
[35m[1mScanning dependencies of target roscpp_generate_messages_nodejs[0m
[35m[1mScanning dependencies of target roscpp_generate_messages_eus[0m
[  0%] Built target roscpp_generate_messages_eus
[35m[1mScanning dependencies of target std_msgs_generate_messages_eus[0m
[  0%] Built target roscpp_generate_messages_nodejs
[  0%] Built target std_msgs_generate_messages_eus
[35m[1mScanning dependencies of target roscpp_generate_messages_cpp[0m
[35m[1mScanning dependencies of target roscpp_generate_messages_py[0m
[35m[1mScanning dependencies of target rosgraph_msgs_generate_messages_py[0m
[  0%] Built target roscpp_generate_messages_py
[  0%] Built target roscpp_generate_messages_cpp
[  0%] Built target rosgraph_msgs_generate_messages_py
[35m[1mScanning dependencies of target rosgraph_msgs_generate_messages_lisp[0m
[35m[1mScanning dependencies of target actionlib_msgs_generate_messages_eus[0m
[35m[1mScanning dependencies of target robotnik_elevator_interface_msgs_generate_messages_eus[0m
[  0%] Built target rosgraph_msgs_generate_messages_lisp
[  0%] Built target robotnik_elevator_interface_msgs_generate_messages_eus
[  0%] Built target actionlib_msgs_generate_messages_eus
[35m[1mScanning dependencies of target roscpp_generate_messages_lisp[0m
[35m[1mScanning dependencies of target actionlib_msgs_generate_messages_cpp[0m
[  0%] Built target roscpp_generate_messages_lisp
[35m[1mScanning dependencies of target std_msgs_generate_messages_lisp[0m
[  0%] Built target actionlib_msgs_generate_messages_cpp
[  0%] Built target std_msgs_generate_messages_lisp
[35m[1mScanning dependencies of target rosgraph_msgs_generate_messages_nodejs[0m
[35m[1mScanning dependencies of target actionlib_msgs_generate_messages_py[0m
[  0%] Built target rosgraph_msgs_generate_messages_nodejs
[  0%] Built target actionlib_msgs_generate_messages_py
[35m[1mScanning dependencies of target std_msgs_generate_messages_cpp[0m
[  0%] Built target std_msgs_generate_messages_cpp
[35m[1mScanning dependencies of target geometry_msgs_generate_messages_eus[0m
[  0%] Built target geometry_msgs_generate_messages_eus
[35m[1mScanning dependencies of target std_msgs_generate_messages_nodejs[0m
[  0%] Built target std_msgs_generate_messages_nodejs
[35m[1mScanning dependencies of target std_msgs_generate_messages_py[0m
[35m[1mScanning dependencies of target robotnik_msgs_generate_messages_cpp[0m
[  0%] Built target std_msgs_generate_messages_py
[35m[1mScanning dependencies of target robotnik_msgs_generate_messages_lisp[0m
[35m[1mScanning dependencies of target robotnik_msgs_generate_messages_py[0m
[  0%] Built target robotnik_msgs_generate_messages_cpp
[  0%] Built target robotnik_msgs_generate_messages_py
[35m[1mScanning dependencies of target robotnik_msgs_generate_messages_eus[0m
[  0%] Built target robotnik_msgs_generate_messages_lisp
[  0%] Built target robotnik_msgs_generate_messages_eus
[35m[1mScanning dependencies of target robotnik_elevator_component[0m
[ 25%] [32mBuilding CXX object CMakeFiles/robotnik_elevator_component.dir/src/robotnik_elevator_component.cpp.o[0m
[ 50%] [32m[1mLinking CXX shared library /home/xinyao/SAR_ROS/catkin_ws/devel/.private/robotnik_elevator_component/lib/librobotnik_elevator_component.so[0m
[ 50%] Built target robotnik_elevator_component
[35m[1mScanning dependencies of target robotnik_fake_elevator_node[0m
[ 75%] [32mBuilding CXX object CMakeFiles/robotnik_fake_elevator_node.dir/src/robotnik_fake_elevator_node.cpp.o[0m
[100%] [32m[1mLinking CXX executable /home/xinyao/SAR_ROS/catkin_ws/devel/.private/robotnik_elevator_component/lib/robotnik_elevator_component/robotnik_fake_elevator_node[0m
[100%] Built target robotnik_fake_elevator_node
