[35m[1mScanning dependencies of target work_scene[0m
[ 12%] [32mBuilding CXX object CMakeFiles/work_scene.dir/src/work_scene.cpp.o[0m
[35m[1mScanning dependencies of target motion_plan[0m
[35m[1mScanning dependencies of target test_accuracy[0m
[ 25%] [32mBuilding CXX object CMakeFiles/motion_plan.dir/src/motion_plan.cpp.o[0m
[ 37%] [32mBuilding CXX object CMakeFiles/test_accuracy.dir/src/test_accuracy.cpp.o[0m
[35m[1mScanning dependencies of target pick_place[0m
[ 50%] [32mBuilding CXX object CMakeFiles/pick_place.dir/src/pick_place.cpp.o[0m
[ 62%] [32m[1mLinking CXX executable /home/xinyao/SAR_ROS/catkin_ws/devel/.private/kinova_arm_moveit_demo/lib/kinova_arm_moveit_demo/work_scene[0m
[ 62%] Built target work_scene
[01m[K/home/xinyao/SAR_ROS/catkin_ws/src/kinova-ros/kinova_moveit/kinova_arm_moveit_demo/src/test_accuracy.cpp:[m[K In member function ‘[01m[Kvoid kinova::PickPlace::build_workscene()[m[K’:
[01m[K/home/xinyao/SAR_ROS/catkin_ws/src/kinova-ros/kinova_moveit/kinova_arm_moveit_demo/src/test_accuracy.cpp:216:59:[m[K [01;35m[Kwarning: [m[K‘[01m[Ktemplate<int shape> struct geometric_shapes::SolidPrimitiveDimCount[m[K’ is deprecated: Replace SolidPrimitiveDimCount<SHAPE>::value with solidPrimitiveDimCount<SHAPE>() [[01;35m[K-Wdeprecated-declarations[m[K]
  216 |     co_.primitives[0].dimensions.resize(geometric_shapes::[01;35m[KSolidPrimitiveDimCount[m[K<shape_msgs::SolidPrimitive::BOX>::value);
      |                                                           [01;35m[K^~~~~~~~~~~~~~~~~~~~~~[m[K
In file included from [01m[K/home/xinyao/SAR_ROS/catkin_ws/src/kinova-ros/kinova_moveit/kinova_arm_moveit_demo/include/test_accuracy.h:22[m[K,
                 from [01m[K/home/xinyao/SAR_ROS/catkin_ws/src/kinova-ros/kinova_moveit/kinova_arm_moveit_demo/src/test_accuracy.cpp:3[m[K:
[01m[K/opt/ros/noetic/include/geometric_shapes/solid_primitive_dims.h:72:1:[m[K [01;36m[Knote: [m[Kdeclared here
   72 | [01;36m[KSolidPrimitiveDimCount[m[K
      | [01;36m[K^~~~~~~~~~~~~~~~~~~~~~[m[K
[01m[K/home/xinyao/SAR_ROS/catkin_ws/src/kinova-ros/kinova_moveit/kinova_arm_moveit_demo/src/test_accuracy.cpp:[m[K In member function ‘[01m[Kvoid kinova::PickPlace::add_obstacle()[m[K’:
[01m[K/home/xinyao/SAR_ROS/catkin_ws/src/kinova-ros/kinova_moveit/kinova_arm_moveit_demo/src/test_accuracy.cpp:262:59:[m[K [01;35m[Kwarning: [m[K‘[01m[Ktemplate<int shape> struct geometric_shapes::SolidPrimitiveDimCount[m[K’ is deprecated: Replace SolidPrimitiveDimCount<SHAPE>::value with solidPrimitiveDimCount<SHAPE>() [[01;35m[K-Wdeprecated-declarations[m[K]
  262 |     co_.primitives[0].dimensions.resize(geometric_shapes::[01;35m[KSolidPrimitiveDimCount[m[K<shape_msgs::SolidPrimitive::BOX>::value);
      |                                                           [01;35m[K^~~~~~~~~~~~~~~~~~~~~~[m[K
In file included from [01m[K/home/xinyao/SAR_ROS/catkin_ws/src/kinova-ros/kinova_moveit/kinova_arm_moveit_demo/include/test_accuracy.h:22[m[K,
                 from [01m[K/home/xinyao/SAR_ROS/catkin_ws/src/kinova-ros/kinova_moveit/kinova_arm_moveit_demo/src/test_accuracy.cpp:3[m[K:
[01m[K/opt/ros/noetic/include/geometric_shapes/solid_primitive_dims.h:72:1:[m[K [01;36m[Knote: [m[Kdeclared here
   72 | [01;36m[KSolidPrimitiveDimCount[m[K
      | [01;36m[K^~~~~~~~~~~~~~~~~~~~~~[m[K
[01m[K/home/xinyao/SAR_ROS/catkin_ws/src/kinova-ros/kinova_moveit/kinova_arm_moveit_demo/src/test_accuracy.cpp:[m[K In member function ‘[01m[Kvoid kinova::PickPlace::add_complex_obstacle()[m[K’:
[01m[K/home/xinyao/SAR_ROS/catkin_ws/src/kinova-ros/kinova_moveit/kinova_arm_moveit_demo/src/test_accuracy.cpp:286:59:[m[K [01;35m[Kwarning: [m[K‘[01m[Ktemplate<int shape> struct geometric_shapes::SolidPrimitiveDimCount[m[K’ is deprecated: Replace SolidPrimitiveDimCount<SHAPE>::value with solidPrimitiveDimCount<SHAPE>() [[01;35m[K-Wdeprecated-declarations[m[K]
  286 |     co_.primitives[0].dimensions.resize(geometric_shapes::[01;35m[KSolidPrimitiveDimCount[m[K<shape_msgs::SolidPrimitive::BOX>::value);
      |                                                           [01;35m[K^~~~~~~~~~~~~~~~~~~~~~[m[K
In file included from [01m[K/home/xinyao/SAR_ROS/catkin_ws/src/kinova-ros/kinova_moveit/kinova_arm_moveit_demo/include/test_accuracy.h:22[m[K,
                 from [01m[K/home/xinyao/SAR_ROS/catkin_ws/src/kinova-ros/kinova_moveit/kinova_arm_moveit_demo/src/test_accuracy.cpp:3[m[K:
[01m[K/opt/ros/noetic/include/geometric_shapes/solid_primitive_dims.h:72:1:[m[K [01;36m[Knote: [m[Kdeclared here
   72 | [01;36m[KSolidPrimitiveDimCount[m[K
      | [01;36m[K^~~~~~~~~~~~~~~~~~~~~~[m[K
[01m[K/home/xinyao/SAR_ROS/catkin_ws/src/kinova-ros/kinova_moveit/kinova_arm_moveit_demo/src/test_accuracy.cpp:[m[K In member function ‘[01m[Kvoid kinova::PickPlace::add_target()[m[K’:
[01m[K/home/xinyao/SAR_ROS/catkin_ws/src/kinova-ros/kinova_moveit/kinova_arm_moveit_demo/src/test_accuracy.cpp:345:59:[m[K [01;35m[Kwarning: [m[K‘[01m[Ktemplate<int shape> struct geometric_shapes::SolidPrimitiveDimCount[m[K’ is deprecated: Replace SolidPrimitiveDimCount<SHAPE>::value with solidPrimitiveDimCount<SHAPE>() [[01;35m[K-Wdeprecated-declarations[m[K]
  345 |     co_.primitives[0].dimensions.resize(geometric_shapes::[01;35m[KSolidPrimitiveDimCount[m[K<shape_msgs::SolidPrimitive::CYLINDER>::value);
      |                                                           [01;35m[K^~~~~~~~~~~~~~~~~~~~~~[m[K
In file included from [01m[K/home/xinyao/SAR_ROS/catkin_ws/src/kinova-ros/kinova_moveit/kinova_arm_moveit_demo/include/test_accuracy.h:22[m[K,
                 from [01m[K/home/xinyao/SAR_ROS/catkin_ws/src/kinova-ros/kinova_moveit/kinova_arm_moveit_demo/src/test_accuracy.cpp:3[m[K:
[01m[K/opt/ros/noetic/include/geometric_shapes/solid_primitive_dims.h:72:1:[m[K [01;36m[Knote: [m[Kdeclared here
   72 | [01;36m[KSolidPrimitiveDimCount[m[K
      | [01;36m[K^~~~~~~~~~~~~~~~~~~~~~[m[K
[01m[K/home/xinyao/SAR_ROS/catkin_ws/src/kinova-ros/kinova_moveit/kinova_arm_moveit_demo/src/test_accuracy.cpp:[m[K In member function ‘[01m[Kvoid kinova::PickPlace::evaluate_move_accuracy()[m[K’:
[01m[K/home/xinyao/SAR_ROS/catkin_ws/src/kinova-ros/kinova_moveit/kinova_arm_moveit_demo/src/test_accuracy.cpp:707:72:[m[K [01;35m[Kwarning: [m[K‘[01m[Kconst moveit::core::RobotState& moveit::planning_interface::MoveGroupInterface::getJointValueTarget() const[m[K’ is deprecated [[01;35m[K-Wdeprecated-declarations[m[K]
  707 |     robot_state::RobotState target_state = group_->getJointValueTarget([01;35m[K)[m[K;
      |                                                                        [01;35m[K^[m[K
In file included from [01m[K/home/xinyao/SAR_ROS/catkin_ws/src/kinova-ros/kinova_moveit/kinova_arm_moveit_demo/include/test_accuracy.h:15[m[K,
                 from [01m[K/home/xinyao/SAR_ROS/catkin_ws/src/kinova-ros/kinova_moveit/kinova_arm_moveit_demo/src/test_accuracy.cpp:3[m[K:
[01m[K/opt/ros/noetic/include/moveit/move_group_interface/move_group_interface.h:551:50:[m[K [01;36m[Knote: [m[Kdeclared here
  551 |   [[deprecated]] const moveit::core::RobotState& [01;36m[KgetJointValueTarget[m[K() const;
      |                                                  [01;36m[K^~~~~~~~~~~~~~~~~~~[m[K
[01m[K/home/xinyao/SAR_ROS/catkin_ws/src/kinova-ros/kinova_moveit/kinova_arm_moveit_demo/src/pick_place.cpp:[m[K In member function ‘[01m[Kvoid kinova::PickPlace::build_workscene()[m[K’:
[01m[K/home/xinyao/SAR_ROS/catkin_ws/src/kinova-ros/kinova_moveit/kinova_arm_moveit_demo/src/pick_place.cpp:208:59:[m[K [01;35m[Kwarning: [m[K‘[01m[Ktemplate<int shape> struct geometric_shapes::SolidPrimitiveDimCount[m[K’ is deprecated: Replace SolidPrimitiveDimCount<SHAPE>::value with solidPrimitiveDimCount<SHAPE>() [[01;35m[K-Wdeprecated-declarations[m[K]
  208 |     co_.primitives[0].dimensions.resize(geometric_shapes::[01;35m[KSolidPrimitiveDimCount[m[K<shape_msgs::SolidPrimitive::BOX>::value);
      |                                                           [01;35m[K^~~~~~~~~~~~~~~~~~~~~~[m[K
In file included from [01m[K/home/xinyao/SAR_ROS/catkin_ws/src/kinova-ros/kinova_moveit/kinova_arm_moveit_demo/include/pick_place.h:22[m[K,
                 from [01m[K/home/xinyao/SAR_ROS/catkin_ws/src/kinova-ros/kinova_moveit/kinova_arm_moveit_demo/src/pick_place.cpp:1[m[K:
[01m[K/opt/ros/noetic/include/geometric_shapes/solid_primitive_dims.h:72:1:[m[K [01;36m[Knote: [m[Kdeclared here
   72 | [01;36m[KSolidPrimitiveDimCount[m[K
      | [01;36m[K^~~~~~~~~~~~~~~~~~~~~~[m[K
[01m[K/home/xinyao/SAR_ROS/catkin_ws/src/kinova-ros/kinova_moveit/kinova_arm_moveit_demo/src/pick_place.cpp:[m[K In member function ‘[01m[Kvoid kinova::PickPlace::add_obstacle()[m[K’:
[01m[K/home/xinyao/SAR_ROS/catkin_ws/src/kinova-ros/kinova_moveit/kinova_arm_moveit_demo/src/pick_place.cpp:254:59:[m[K [01;35m[Kwarning: [m[K‘[01m[Ktemplate<int shape> struct geometric_shapes::SolidPrimitiveDimCount[m[K’ is deprecated: Replace SolidPrimitiveDimCount<SHAPE>::value with solidPrimitiveDimCount<SHAPE>() [[01;35m[K-Wdeprecated-declarations[m[K]
  254 |     co_.primitives[0].dimensions.resize(geometric_shapes::[01;35m[KSolidPrimitiveDimCount[m[K<shape_msgs::SolidPrimitive::BOX>::value);
      |                                                           [01;35m[K^~~~~~~~~~~~~~~~~~~~~~[m[K
In file included from [01m[K/home/xinyao/SAR_ROS/catkin_ws/src/kinova-ros/kinova_moveit/kinova_arm_moveit_demo/include/pick_place.h:22[m[K,
                 from [01m[K/home/xinyao/SAR_ROS/catkin_ws/src/kinova-ros/kinova_moveit/kinova_arm_moveit_demo/src/pick_place.cpp:1[m[K:
[01m[K/opt/ros/noetic/include/geometric_shapes/solid_primitive_dims.h:72:1:[m[K [01;36m[Knote: [m[Kdeclared here
   72 | [01;36m[KSolidPrimitiveDimCount[m[K
      | [01;36m[K^~~~~~~~~~~~~~~~~~~~~~[m[K
[01m[K/home/xinyao/SAR_ROS/catkin_ws/src/kinova-ros/kinova_moveit/kinova_arm_moveit_demo/src/pick_place.cpp:[m[K In member function ‘[01m[Kvoid kinova::PickPlace::add_complex_obstacle()[m[K’:
[01m[K/home/xinyao/SAR_ROS/catkin_ws/src/kinova-ros/kinova_moveit/kinova_arm_moveit_demo/src/pick_place.cpp:282:59:[m[K [01;35m[Kwarning: [m[K‘[01m[Ktemplate<int shape> struct geometric_shapes::SolidPrimitiveDimCount[m[K’ is deprecated: Replace SolidPrimitiveDimCount<SHAPE>::value with solidPrimitiveDimCount<SHAPE>() [[01;35m[K-Wdeprecated-declarations[m[K]
  282 |     co_.primitives[0].dimensions.resize(geometric_shapes::[01;35m[KSolidPrimitiveDimCount[m[K<shape_msgs::SolidPrimitive::BOX>::value);
      |                                                           [01;35m[K^~~~~~~~~~~~~~~~~~~~~~[m[K
In file included from [01m[K/home/xinyao/SAR_ROS/catkin_ws/src/kinova-ros/kinova_moveit/kinova_arm_moveit_demo/include/pick_place.h:22[m[K,
                 from [01m[K/home/xinyao/SAR_ROS/catkin_ws/src/kinova-ros/kinova_moveit/kinova_arm_moveit_demo/src/pick_place.cpp:1[m[K:
[01m[K/opt/ros/noetic/include/geometric_shapes/solid_primitive_dims.h:72:1:[m[K [01;36m[Knote: [m[Kdeclared here
   72 | [01;36m[KSolidPrimitiveDimCount[m[K
      | [01;36m[K^~~~~~~~~~~~~~~~~~~~~~[m[K
[01m[K/home/xinyao/SAR_ROS/catkin_ws/src/kinova-ros/kinova_moveit/kinova_arm_moveit_demo/src/pick_place.cpp:[m[K In member function ‘[01m[Kvoid kinova::PickPlace::add_target()[m[K’:
[01m[K/home/xinyao/SAR_ROS/catkin_ws/src/kinova-ros/kinova_moveit/kinova_arm_moveit_demo/src/pick_place.cpp:341:59:[m[K [01;35m[Kwarning: [m[K‘[01m[Ktemplate<int shape> struct geometric_shapes::SolidPrimitiveDimCount[m[K’ is deprecated: Replace SolidPrimitiveDimCount<SHAPE>::value with solidPrimitiveDimCount<SHAPE>() [[01;35m[K-Wdeprecated-declarations[m[K]
  341 |     co_.primitives[0].dimensions.resize(geometric_shapes::[01;35m[KSolidPrimitiveDimCount[m[K<shape_msgs::SolidPrimitive::CYLINDER>::value);
      |                                                           [01;35m[K^~~~~~~~~~~~~~~~~~~~~~[m[K
In file included from [01m[K/home/xinyao/SAR_ROS/catkin_ws/src/kinova-ros/kinova_moveit/kinova_arm_moveit_demo/include/pick_place.h:22[m[K,
                 from [01m[K/home/xinyao/SAR_ROS/catkin_ws/src/kinova-ros/kinova_moveit/kinova_arm_moveit_demo/src/pick_place.cpp:1[m[K:
[01m[K/opt/ros/noetic/include/geometric_shapes/solid_primitive_dims.h:72:1:[m[K [01;36m[Knote: [m[Kdeclared here
   72 | [01;36m[KSolidPrimitiveDimCount[m[K
      | [01;36m[K^~~~~~~~~~~~~~~~~~~~~~[m[K
[ 75%] [32m[1mLinking CXX executable /home/xinyao/SAR_ROS/catkin_ws/devel/.private/kinova_arm_moveit_demo/lib/kinova_arm_moveit_demo/motion_plan[0m
[ 75%] Built target motion_plan
[ 87%] [32m[1mLinking CXX executable /home/xinyao/SAR_ROS/catkin_ws/devel/.private/kinova_arm_moveit_demo/lib/kinova_arm_moveit_demo/pick_place[0m
[100%] [32m[1mLinking CXX executable /home/xinyao/SAR_ROS/catkin_ws/devel/.private/kinova_arm_moveit_demo/lib/kinova_arm_moveit_demo/test_accuracy[0m
[100%] Built target pick_place
[100%] Built target test_accuracy
