[35m[1mScanning dependencies of target sensor_msgs_generate_messages_nodejs[0m
[  0%] Built target sensor_msgs_generate_messages_nodejs
[35m[1mScanning dependencies of target _interbotix_xs_sdk_generate_messages_check_deps_MotorGains[0m
[35m[1mScanning dependencies of target _interbotix_xs_sdk_generate_messages_check_deps_RegisterValues[0m
[  0%] Built target _interbotix_xs_sdk_generate_messages_check_deps_MotorGains
[  0%] Built target _interbotix_xs_sdk_generate_messages_check_deps_RegisterValues
[35m[1mScanning dependencies of target _interbotix_xs_sdk_generate_messages_check_deps_OperatingModes[0m
[35m[1mScanning dependencies of target _interbotix_xs_sdk_generate_messages_check_deps_JointGroupCommand[0m
[  0%] Built target _interbotix_xs_sdk_generate_messages_check_deps_OperatingModes
[35m[1mScanning dependencies of target _interbotix_xs_sdk_generate_messages_check_deps_JointSingleCommand[0m
[  0%] Built target _interbotix_xs_sdk_generate_messages_check_deps_JointGroupCommand
[35m[1mScanning dependencies of target _interbotix_xs_sdk_generate_messages_check_deps_JointTrajectoryCommand[0m
[  0%] Built target _interbotix_xs_sdk_generate_messages_check_deps_JointSingleCommand
[35m[1mScanning dependencies of target std_msgs_generate_messages_lisp[0m
[35m[1mScanning dependencies of target _interbotix_xs_sdk_generate_messages_check_deps_Reboot[0m
[  0%] Built target std_msgs_generate_messages_lisp
[35m[1mScanning dependencies of target _interbotix_xs_sdk_generate_messages_check_deps_TorqueEnable[0m
[35m[1mScanning dependencies of target trajectory_msgs_generate_messages_lisp[0m
[  0%] Built target _interbotix_xs_sdk_generate_messages_check_deps_JointTrajectoryCommand
[  0%] Built target trajectory_msgs_generate_messages_lisp
[35m[1mScanning dependencies of target std_msgs_generate_messages_eus[0m
[35m[1mScanning dependencies of target _interbotix_xs_sdk_generate_messages_check_deps_RobotInfo[0m
[  0%] Built target _interbotix_xs_sdk_generate_messages_check_deps_Reboot
[  0%] Built target std_msgs_generate_messages_eus
[35m[1mScanning dependencies of target trajectory_msgs_generate_messages_eus[0m
[35m[1mScanning dependencies of target roscpp_generate_messages_eus[0m
[  0%] Built target _interbotix_xs_sdk_generate_messages_check_deps_TorqueEnable
[  0%] Built target trajectory_msgs_generate_messages_eus
[  0%] Built target roscpp_generate_messages_eus
[35m[1mScanning dependencies of target roscpp_generate_messages_cpp[0m
[35m[1mScanning dependencies of target std_msgs_generate_messages_py[0m
[35m[1mScanning dependencies of target std_msgs_generate_messages_nodejs[0m
[  0%] Built target _interbotix_xs_sdk_generate_messages_check_deps_RobotInfo
[  0%] Built target roscpp_generate_messages_cpp
[  0%] Built target std_msgs_generate_messages_py
[  0%] Built target std_msgs_generate_messages_nodejs
[35m[1mScanning dependencies of target roscpp_generate_messages_nodejs[0m
[35m[1mScanning dependencies of target std_msgs_generate_messages_cpp[0m
[35m[1mScanning dependencies of target geometry_msgs_generate_messages_eus[0m
[35m[1mScanning dependencies of target actionlib_msgs_generate_messages_py[0m
[  0%] Built target geometry_msgs_generate_messages_eus
[  0%] Built target std_msgs_generate_messages_cpp
[  0%] Built target roscpp_generate_messages_nodejs
[  0%] Built target actionlib_msgs_generate_messages_py
[35m[1mScanning dependencies of target rosgraph_msgs_generate_messages_nodejs[0m
[35m[1mScanning dependencies of target actionlib_generate_messages_cpp[0m
[35m[1mScanning dependencies of target rosgraph_msgs_generate_messages_lisp[0m
[  0%] Built target rosgraph_msgs_generate_messages_nodejs
[  0%] Built target rosgraph_msgs_generate_messages_lisp
[  0%] Built target actionlib_generate_messages_cpp
[35m[1mScanning dependencies of target actionlib_generate_messages_py[0m
[  0%] Built target actionlib_generate_messages_py
[35m[1mScanning dependencies of target trajectory_msgs_generate_messages_cpp[0m
[35m[1mScanning dependencies of target actionlib_generate_messages_lisp[0m
[35m[1mScanning dependencies of target _catkin_empty_exported_target[0m
[  0%] Built target actionlib_generate_messages_lisp
[  0%] Built target trajectory_msgs_generate_messages_cpp
[  0%] Built target _catkin_empty_exported_target
[35m[1mScanning dependencies of target control_msgs_generate_messages_eus[0m
[35m[1mScanning dependencies of target actionlib_generate_messages_nodejs[0m
[  0%] Built target control_msgs_generate_messages_eus
[35m[1mScanning dependencies of target trajectory_msgs_generate_messages_nodejs[0m
[  0%] Built target actionlib_generate_messages_nodejs
[35m[1mScanning dependencies of target rosgraph_msgs_generate_messages_py[0m
[  0%] Built target trajectory_msgs_generate_messages_nodejs
[35m[1mScanning dependencies of target trajectory_msgs_generate_messages_py[0m
[  0%] Built target rosgraph_msgs_generate_messages_py
[  0%] Built target trajectory_msgs_generate_messages_py
[35m[1mScanning dependencies of target actionlib_msgs_generate_messages_nodejs[0m
[35m[1mScanning dependencies of target actionlib_msgs_generate_messages_cpp[0m
[35m[1mScanning dependencies of target roscpp_generate_messages_py[0m
[35m[1mScanning dependencies of target actionlib_msgs_generate_messages_lisp[0m
[  0%] Built target actionlib_msgs_generate_messages_nodejs
[  0%] Built target actionlib_msgs_generate_messages_cpp
[  0%] Built target actionlib_msgs_generate_messages_lisp
[35m[1mScanning dependencies of target interbotix_xs_sdk_generate_messages_cpp[0m
[  0%] Built target roscpp_generate_messages_py
[35m[1mScanning dependencies of target rosgraph_msgs_generate_messages_eus[0m
[  1%] [34m[1mGenerating C++ code from interbotix_xs_sdk/JointGroupCommand.msg[0m
[  1%] Built target rosgraph_msgs_generate_messages_eus
[  3%] [34m[1mGenerating C++ code from interbotix_xs_sdk/JointSingleCommand.msg[0m
[  5%] [34m[1mGenerating C++ code from interbotix_xs_sdk/JointTrajectoryCommand.msg[0m
[35m[1mScanning dependencies of target roscpp_generate_messages_lisp[0m
[  5%] Built target roscpp_generate_messages_lisp
[  7%] [34m[1mGenerating C++ code from interbotix_xs_sdk/Reboot.srv[0m
[  9%] [34m[1mGenerating C++ code from interbotix_xs_sdk/RobotInfo.srv[0m
[ 11%] [34m[1mGenerating C++ code from interbotix_xs_sdk/MotorGains.srv[0m
[ 13%] [34m[1mGenerating C++ code from interbotix_xs_sdk/TorqueEnable.srv[0m
[ 15%] [34m[1mGenerating C++ code from interbotix_xs_sdk/OperatingModes.srv[0m
[ 16%] [34m[1mGenerating C++ code from interbotix_xs_sdk/RegisterValues.srv[0m
[35m[1mScanning dependencies of target control_msgs_generate_messages_cpp[0m
[ 16%] Built target control_msgs_generate_messages_cpp
[35m[1mScanning dependencies of target control_msgs_generate_messages_nodejs[0m
[35m[1mScanning dependencies of target control_msgs_generate_messages_py[0m
[ 16%] Built target control_msgs_generate_messages_nodejs
[35m[1mScanning dependencies of target actionlib_msgs_generate_messages_eus[0m
[ 16%] Built target control_msgs_generate_messages_py
[35m[1mScanning dependencies of target geometry_msgs_generate_messages_cpp[0m
[35m[1mScanning dependencies of target geometry_msgs_generate_messages_lisp[0m
[ 16%] Built target geometry_msgs_generate_messages_cpp
[ 16%] Built target actionlib_msgs_generate_messages_eus
[ 16%] Built target geometry_msgs_generate_messages_lisp
[ 16%] Built target interbotix_xs_sdk_generate_messages_cpp
[35m[1mScanning dependencies of target geometry_msgs_generate_messages_nodejs[0m
[35m[1mScanning dependencies of target geometry_msgs_generate_messages_py[0m
[ 16%] Built target geometry_msgs_generate_messages_nodejs
[ 16%] Built target geometry_msgs_generate_messages_py
[35m[1mScanning dependencies of target sensor_msgs_generate_messages_py[0m
[ 16%] Built target sensor_msgs_generate_messages_py
[35m[1mScanning dependencies of target rosgraph_msgs_generate_messages_cpp[0m
[ 16%] Built target rosgraph_msgs_generate_messages_cpp
[35m[1mScanning dependencies of target actionlib_generate_messages_eus[0m
[ 16%] Built target actionlib_generate_messages_eus
[35m[1mScanning dependencies of target sensor_msgs_generate_messages_cpp[0m
[ 16%] Built target sensor_msgs_generate_messages_cpp
[35m[1mScanning dependencies of target sensor_msgs_generate_messages_eus[0m
[ 16%] Built target sensor_msgs_generate_messages_eus
[35m[1mScanning dependencies of target control_msgs_generate_messages_lisp[0m
[35m[1mScanning dependencies of target sensor_msgs_generate_messages_lisp[0m
[ 16%] Built target sensor_msgs_generate_messages_lisp
[ 16%] Built target control_msgs_generate_messages_lisp
[35m[1mScanning dependencies of target interbotix_xs_sdk_generate_messages_lisp[0m
[35m[1mScanning dependencies of target interbotix_xs_sdk_generate_messages_eus[0m
[35m[1mScanning dependencies of target interbotix_xs_sdk_generate_messages_nodejs[0m
[ 18%] [34m[1mGenerating Lisp code from interbotix_xs_sdk/JointGroupCommand.msg[0m
[ 20%] [34m[1mGenerating EusLisp code from interbotix_xs_sdk/JointGroupCommand.msg[0m
[ 22%] [34m[1mGenerating Javascript code from interbotix_xs_sdk/JointGroupCommand.msg[0m
[ 24%] [34m[1mGenerating Lisp code from interbotix_xs_sdk/JointSingleCommand.msg[0m
[ 26%] [34m[1mGenerating Javascript code from interbotix_xs_sdk/JointSingleCommand.msg[0m
[ 28%] [34m[1mGenerating Lisp code from interbotix_xs_sdk/JointTrajectoryCommand.msg[0m
[ 30%] [34m[1mGenerating Javascript code from interbotix_xs_sdk/JointTrajectoryCommand.msg[0m
[ 32%] [34m[1mGenerating EusLisp code from interbotix_xs_sdk/JointSingleCommand.msg[0m
[ 33%] [34m[1mGenerating Lisp code from interbotix_xs_sdk/Reboot.srv[0m
[ 35%] [34m[1mGenerating Javascript code from interbotix_xs_sdk/Reboot.srv[0m
[ 37%] [34m[1mGenerating Lisp code from interbotix_xs_sdk/RobotInfo.srv[0m
[ 39%] [34m[1mGenerating EusLisp code from interbotix_xs_sdk/JointTrajectoryCommand.msg[0m
[ 41%] [34m[1mGenerating Javascript code from interbotix_xs_sdk/RobotInfo.srv[0m
[ 43%] [34m[1mGenerating Lisp code from interbotix_xs_sdk/MotorGains.srv[0m
[ 45%] [34m[1mGenerating Javascript code from interbotix_xs_sdk/MotorGains.srv[0m
[ 47%] [34m[1mGenerating EusLisp code from interbotix_xs_sdk/Reboot.srv[0m
[ 49%] [34m[1mGenerating Lisp code from interbotix_xs_sdk/TorqueEnable.srv[0m
[ 50%] [34m[1mGenerating Javascript code from interbotix_xs_sdk/TorqueEnable.srv[0m
[ 52%] [34m[1mGenerating Javascript code from interbotix_xs_sdk/OperatingModes.srv[0m
[ 54%] [34m[1mGenerating Lisp code from interbotix_xs_sdk/OperatingModes.srv[0m
[ 56%] [34m[1mGenerating EusLisp code from interbotix_xs_sdk/RobotInfo.srv[0m
[ 58%] [34m[1mGenerating EusLisp code from interbotix_xs_sdk/MotorGains.srv[0m
[ 60%] [34m[1mGenerating Javascript code from interbotix_xs_sdk/RegisterValues.srv[0m
[ 62%] [34m[1mGenerating Lisp code from interbotix_xs_sdk/RegisterValues.srv[0m
[ 62%] Built target interbotix_xs_sdk_generate_messages_nodejs
[ 64%] [34m[1mGenerating EusLisp code from interbotix_xs_sdk/TorqueEnable.srv[0m
[ 64%] Built target interbotix_xs_sdk_generate_messages_lisp
[35m[1mScanning dependencies of target interbotix_xs_sdk_generate_messages_py[0m
[ 66%] [34m[1mGenerating Python from MSG interbotix_xs_sdk/JointGroupCommand[0m
[ 67%] [34m[1mGenerating Python from MSG interbotix_xs_sdk/JointSingleCommand[0m
[ 69%] [34m[1mGenerating EusLisp code from interbotix_xs_sdk/OperatingModes.srv[0m
[ 71%] [34m[1mGenerating EusLisp code from interbotix_xs_sdk/RegisterValues.srv[0m
[ 73%] [34m[1mGenerating EusLisp manifest code for interbotix_xs_sdk[0m
[ 75%] [34m[1mGenerating Python from MSG interbotix_xs_sdk/JointTrajectoryCommand[0m
[ 77%] [34m[1mGenerating Python code from SRV interbotix_xs_sdk/Reboot[0m
[ 79%] [34m[1mGenerating Python code from SRV interbotix_xs_sdk/RobotInfo[0m
[ 81%] [34m[1mGenerating Python code from SRV interbotix_xs_sdk/MotorGains[0m
[ 83%] [34m[1mGenerating Python code from SRV interbotix_xs_sdk/TorqueEnable[0m
[ 83%] Built target interbotix_xs_sdk_generate_messages_eus
[ 84%] [34m[1mGenerating Python code from SRV interbotix_xs_sdk/OperatingModes[0m
[ 86%] [34m[1mGenerating Python code from SRV interbotix_xs_sdk/RegisterValues[0m
[ 88%] [34m[1mGenerating Python msg __init__.py for interbotix_xs_sdk[0m
[ 90%] [34m[1mGenerating Python srv __init__.py for interbotix_xs_sdk[0m
[ 90%] Built target interbotix_xs_sdk_generate_messages_py
[35m[1mScanning dependencies of target interbotix_xs_sdk[0m
[35m[1mScanning dependencies of target interbotix_xs_sdk_generate_messages[0m
[ 90%] Built target interbotix_xs_sdk_generate_messages
[ 92%] [32mBuilding CXX object CMakeFiles/interbotix_xs_sdk.dir/src/xs_sdk_obj.cpp.o[0m
[ 94%] [32m[1mLinking CXX shared library /home/xinyao/SAR_ROS/catkin_ws/devel/.private/interbotix_xs_sdk/lib/libinterbotix_xs_sdk.so[0m
[ 94%] Built target interbotix_xs_sdk
[35m[1mScanning dependencies of target xs_sdk[0m
[ 96%] [32mBuilding CXX object CMakeFiles/xs_sdk.dir/src/xs_sdk.cpp.o[0m
[ 98%] [32mBuilding CXX object CMakeFiles/xs_sdk.dir/src/xs_sdk_obj.cpp.o[0m
[100%] [32m[1mLinking CXX executable /home/xinyao/SAR_ROS/catkin_ws/devel/.private/interbotix_xs_sdk/lib/interbotix_xs_sdk/xs_sdk[0m
[100%] Built target xs_sdk
