Symlinking /home/xinyao/SAR_ROS/catkin_ws/devel/include/interbotix_xs_sdk/TorqueEnableResponse.h
Symlinking /home/xinyao/SAR_ROS/catkin_ws/devel/include/interbotix_xs_sdk/RobotInfoResponse.h
Symlinking /home/xinyao/SAR_ROS/catkin_ws/devel/include/interbotix_xs_sdk/RegisterValuesRequest.h
Symlinking /home/xinyao/SAR_ROS/catkin_ws/devel/include/interbotix_xs_sdk/Reboot.h
Symlinking /home/xinyao/SAR_ROS/catkin_ws/devel/include/interbotix_xs_sdk/JointSingleCommand.h
Symlinking /home/xinyao/SAR_ROS/catkin_ws/devel/include/interbotix_xs_sdk/OperatingModesResponse.h
Symlinking /home/xinyao/SAR_ROS/catkin_ws/devel/include/interbotix_xs_sdk/RebootRequest.h
Symlinking /home/xinyao/SAR_ROS/catkin_ws/devel/include/interbotix_xs_sdk/JointGroupCommand.h
Symlinking /home/xinyao/SAR_ROS/catkin_ws/devel/include/interbotix_xs_sdk/TorqueEnableRequest.h
Symlinking /home/xinyao/SAR_ROS/catkin_ws/devel/include/interbotix_xs_sdk/RobotInfo.h
Symlinking /home/xinyao/SAR_ROS/catkin_ws/devel/include/interbotix_xs_sdk/RebootResponse.h
Symlinking /home/xinyao/SAR_ROS/catkin_ws/devel/include/interbotix_xs_sdk/OperatingModesRequest.h
Symlinking /home/xinyao/SAR_ROS/catkin_ws/devel/include/interbotix_xs_sdk/TorqueEnable.h
Symlinking /home/xinyao/SAR_ROS/catkin_ws/devel/include/interbotix_xs_sdk/MotorGains.h
Symlinking /home/xinyao/SAR_ROS/catkin_ws/devel/include/interbotix_xs_sdk/MotorGainsRequest.h
Symlinking /home/xinyao/SAR_ROS/catkin_ws/devel/include/interbotix_xs_sdk/OperatingModes.h
Symlinking /home/xinyao/SAR_ROS/catkin_ws/devel/include/interbotix_xs_sdk/RobotInfoRequest.h
Symlinking /home/xinyao/SAR_ROS/catkin_ws/devel/include/interbotix_xs_sdk/MotorGainsResponse.h
Symlinking /home/xinyao/SAR_ROS/catkin_ws/devel/include/interbotix_xs_sdk/RegisterValues.h
Symlinking /home/xinyao/SAR_ROS/catkin_ws/devel/include/interbotix_xs_sdk/RegisterValuesResponse.h
Symlinking /home/xinyao/SAR_ROS/catkin_ws/devel/include/interbotix_xs_sdk/JointTrajectoryCommand.h
Symlinking /home/xinyao/SAR_ROS/catkin_ws/devel/share/common-lisp/ros/interbotix_xs_sdk/msg/_package.lisp
Symlinking /home/xinyao/SAR_ROS/catkin_ws/devel/share/common-lisp/ros/interbotix_xs_sdk/msg/JointTrajectoryCommand.lisp
Symlinking /home/xinyao/SAR_ROS/catkin_ws/devel/share/common-lisp/ros/interbotix_xs_sdk/msg/_package_JointTrajectoryCommand.lisp
Symlinking /home/xinyao/SAR_ROS/catkin_ws/devel/share/common-lisp/ros/interbotix_xs_sdk/msg/JointSingleCommand.lisp
Symlinking /home/xinyao/SAR_ROS/catkin_ws/devel/share/common-lisp/ros/interbotix_xs_sdk/msg/_package_JointSingleCommand.lisp
Symlinking /home/xinyao/SAR_ROS/catkin_ws/devel/share/common-lisp/ros/interbotix_xs_sdk/msg/_package_JointGroupCommand.lisp
Symlinking /home/xinyao/SAR_ROS/catkin_ws/devel/share/common-lisp/ros/interbotix_xs_sdk/msg/JointGroupCommand.lisp
Symlinking /home/xinyao/SAR_ROS/catkin_ws/devel/share/common-lisp/ros/interbotix_xs_sdk/msg/interbotix_xs_sdk-msg.asd
Symlinking /home/xinyao/SAR_ROS/catkin_ws/devel/share/common-lisp/ros/interbotix_xs_sdk/srv/TorqueEnable.lisp
Symlinking /home/xinyao/SAR_ROS/catkin_ws/devel/share/common-lisp/ros/interbotix_xs_sdk/srv/_package_MotorGains.lisp
Symlinking /home/xinyao/SAR_ROS/catkin_ws/devel/share/common-lisp/ros/interbotix_xs_sdk/srv/_package.lisp
Symlinking /home/xinyao/SAR_ROS/catkin_ws/devel/share/common-lisp/ros/interbotix_xs_sdk/srv/_package_RobotInfo.lisp
Symlinking /home/xinyao/SAR_ROS/catkin_ws/devel/share/common-lisp/ros/interbotix_xs_sdk/srv/_package_Reboot.lisp
Symlinking /home/xinyao/SAR_ROS/catkin_ws/devel/share/common-lisp/ros/interbotix_xs_sdk/srv/RegisterValues.lisp
Symlinking /home/xinyao/SAR_ROS/catkin_ws/devel/share/common-lisp/ros/interbotix_xs_sdk/srv/_package_OperatingModes.lisp
Symlinking /home/xinyao/SAR_ROS/catkin_ws/devel/share/common-lisp/ros/interbotix_xs_sdk/srv/MotorGains.lisp
Symlinking /home/xinyao/SAR_ROS/catkin_ws/devel/share/common-lisp/ros/interbotix_xs_sdk/srv/_package_TorqueEnable.lisp
Symlinking /home/xinyao/SAR_ROS/catkin_ws/devel/share/common-lisp/ros/interbotix_xs_sdk/srv/Reboot.lisp
Symlinking /home/xinyao/SAR_ROS/catkin_ws/devel/share/common-lisp/ros/interbotix_xs_sdk/srv/OperatingModes.lisp
Symlinking /home/xinyao/SAR_ROS/catkin_ws/devel/share/common-lisp/ros/interbotix_xs_sdk/srv/RobotInfo.lisp
Symlinking /home/xinyao/SAR_ROS/catkin_ws/devel/share/common-lisp/ros/interbotix_xs_sdk/srv/interbotix_xs_sdk-srv.asd
Symlinking /home/xinyao/SAR_ROS/catkin_ws/devel/share/common-lisp/ros/interbotix_xs_sdk/srv/_package_RegisterValues.lisp
Symlinking /home/xinyao/SAR_ROS/catkin_ws/devel/share/interbotix_xs_sdk/cmake/interbotix_xs_sdkConfig.cmake
Symlinking /home/xinyao/SAR_ROS/catkin_ws/devel/share/interbotix_xs_sdk/cmake/interbotix_xs_sdkConfig-version.cmake
Symlinking /home/xinyao/SAR_ROS/catkin_ws/devel/share/interbotix_xs_sdk/cmake/interbotix_xs_sdk-msg-extras.cmake
Symlinking /home/xinyao/SAR_ROS/catkin_ws/devel/share/interbotix_xs_sdk/cmake/interbotix_xs_sdk-msg-paths.cmake
Symlinking /home/xinyao/SAR_ROS/catkin_ws/devel/share/roseus/ros/interbotix_xs_sdk/manifest.l
Symlinking /home/xinyao/SAR_ROS/catkin_ws/devel/share/roseus/ros/interbotix_xs_sdk/msg/JointTrajectoryCommand.l
Symlinking /home/xinyao/SAR_ROS/catkin_ws/devel/share/roseus/ros/interbotix_xs_sdk/msg/JointGroupCommand.l
Symlinking /home/xinyao/SAR_ROS/catkin_ws/devel/share/roseus/ros/interbotix_xs_sdk/msg/JointSingleCommand.l
Symlinking /home/xinyao/SAR_ROS/catkin_ws/devel/share/roseus/ros/interbotix_xs_sdk/srv/RegisterValues.l
Symlinking /home/xinyao/SAR_ROS/catkin_ws/devel/share/roseus/ros/interbotix_xs_sdk/srv/MotorGains.l
Symlinking /home/xinyao/SAR_ROS/catkin_ws/devel/share/roseus/ros/interbotix_xs_sdk/srv/OperatingModes.l
Symlinking /home/xinyao/SAR_ROS/catkin_ws/devel/share/roseus/ros/interbotix_xs_sdk/srv/RobotInfo.l
Symlinking /home/xinyao/SAR_ROS/catkin_ws/devel/share/roseus/ros/interbotix_xs_sdk/srv/TorqueEnable.l
Symlinking /home/xinyao/SAR_ROS/catkin_ws/devel/share/roseus/ros/interbotix_xs_sdk/srv/Reboot.l
Symlinking /home/xinyao/SAR_ROS/catkin_ws/devel/share/gennodejs/ros/interbotix_xs_sdk/_index.js
Symlinking /home/xinyao/SAR_ROS/catkin_ws/devel/share/gennodejs/ros/interbotix_xs_sdk/msg/_index.js
Symlinking /home/xinyao/SAR_ROS/catkin_ws/devel/share/gennodejs/ros/interbotix_xs_sdk/msg/JointTrajectoryCommand.js
Symlinking /home/xinyao/SAR_ROS/catkin_ws/devel/share/gennodejs/ros/interbotix_xs_sdk/msg/JointSingleCommand.js
Symlinking /home/xinyao/SAR_ROS/catkin_ws/devel/share/gennodejs/ros/interbotix_xs_sdk/msg/JointGroupCommand.js
Symlinking /home/xinyao/SAR_ROS/catkin_ws/devel/share/gennodejs/ros/interbotix_xs_sdk/srv/Reboot.js
Symlinking /home/xinyao/SAR_ROS/catkin_ws/devel/share/gennodejs/ros/interbotix_xs_sdk/srv/RegisterValues.js
Symlinking /home/xinyao/SAR_ROS/catkin_ws/devel/share/gennodejs/ros/interbotix_xs_sdk/srv/RobotInfo.js
Symlinking /home/xinyao/SAR_ROS/catkin_ws/devel/share/gennodejs/ros/interbotix_xs_sdk/srv/_index.js
Symlinking /home/xinyao/SAR_ROS/catkin_ws/devel/share/gennodejs/ros/interbotix_xs_sdk/srv/MotorGains.js
Symlinking /home/xinyao/SAR_ROS/catkin_ws/devel/share/gennodejs/ros/interbotix_xs_sdk/srv/TorqueEnable.js
Symlinking /home/xinyao/SAR_ROS/catkin_ws/devel/share/gennodejs/ros/interbotix_xs_sdk/srv/OperatingModes.js
Symlinking /home/xinyao/SAR_ROS/catkin_ws/devel/lib/libinterbotix_xs_sdk.so
Symlinking /home/xinyao/SAR_ROS/catkin_ws/devel/lib/python3/dist-packages/interbotix_xs_sdk/__init__.py
Symlinking /home/xinyao/SAR_ROS/catkin_ws/devel/lib/python3/dist-packages/interbotix_xs_sdk/msg/_JointSingleCommand.py
Symlinking /home/xinyao/SAR_ROS/catkin_ws/devel/lib/python3/dist-packages/interbotix_xs_sdk/msg/_JointTrajectoryCommand.py
Symlinking /home/xinyao/SAR_ROS/catkin_ws/devel/lib/python3/dist-packages/interbotix_xs_sdk/msg/__init__.py
Symlinking /home/xinyao/SAR_ROS/catkin_ws/devel/lib/python3/dist-packages/interbotix_xs_sdk/msg/_JointGroupCommand.py
Symlinking /home/xinyao/SAR_ROS/catkin_ws/devel/lib/python3/dist-packages/interbotix_xs_sdk/srv/_Reboot.py
Symlinking /home/xinyao/SAR_ROS/catkin_ws/devel/lib/python3/dist-packages/interbotix_xs_sdk/srv/_OperatingModes.py
Symlinking /home/xinyao/SAR_ROS/catkin_ws/devel/lib/python3/dist-packages/interbotix_xs_sdk/srv/_RegisterValues.py
Symlinking /home/xinyao/SAR_ROS/catkin_ws/devel/lib/python3/dist-packages/interbotix_xs_sdk/srv/_TorqueEnable.py
Symlinking /home/xinyao/SAR_ROS/catkin_ws/devel/lib/python3/dist-packages/interbotix_xs_sdk/srv/_RobotInfo.py
Symlinking /home/xinyao/SAR_ROS/catkin_ws/devel/lib/python3/dist-packages/interbotix_xs_sdk/srv/_MotorGains.py
Symlinking /home/xinyao/SAR_ROS/catkin_ws/devel/lib/python3/dist-packages/interbotix_xs_sdk/srv/__init__.py
Symlinking /home/xinyao/SAR_ROS/catkin_ws/devel/lib/pkgconfig/interbotix_xs_sdk.pc
Symlinking /home/xinyao/SAR_ROS/catkin_ws/devel/lib/interbotix_xs_sdk/xs_sdk_sim
Symlinking /home/xinyao/SAR_ROS/catkin_ws/devel/lib/interbotix_xs_sdk/xs_sdk
Symlinking /home/xinyao/SAR_ROS/catkin_ws/devel/lib/interbotix_xs_sdk/cmake.lock
