[35m[1mScanning dependencies of target _kinova_msgs_generate_messages_check_deps_ArmPoseFeedback[0m
[  0%] Built target _kinova_msgs_generate_messages_check_deps_ArmPoseFeedback
[35m[1mScanning dependencies of target _kinova_msgs_generate_messages_check_deps_RunCOMParametersEstimation[0m
[  0%] Built target _kinova_msgs_generate_messages_check_deps_RunCOMParametersEstimation
[35m[1mScanning dependencies of target _kinova_msgs_generate_messages_check_deps_SetTorqueControlMode[0m
[  0%] Built target _kinova_msgs_generate_messages_check_deps_SetTorqueControlMode
[35m[1mScanning dependencies of target _kinova_msgs_generate_messages_check_deps_SetNullSpaceModeState[0m
[  0%] Built target _kinova_msgs_generate_messages_check_deps_SetNullSpaceModeState
[35m[1mScanning dependencies of target _kinova_msgs_generate_messages_check_deps_SetEndEffectorOffset[0m
[  0%] Built target _kinova_msgs_generate_messages_check_deps_SetEndEffectorOffset
[35m[1mScanning dependencies of target _kinova_msgs_generate_messages_check_deps_SetForceControlParams[0m
[  0%] Built target _kinova_msgs_generate_messages_check_deps_SetForceControlParams
[35m[1mScanning dependencies of target _kinova_msgs_generate_messages_check_deps_SetFingersPositionFeedback[0m
[  0%] Built target _kinova_msgs_generate_messages_check_deps_SetFingersPositionFeedback
[35m[1mScanning dependencies of target _kinova_msgs_generate_messages_check_deps_SetFingersPositionActionResult[0m
[  0%] Built target _kinova_msgs_generate_messages_check_deps_SetFingersPositionActionResult
[35m[1mScanning dependencies of target _kinova_msgs_generate_messages_check_deps_SetFingersPositionActionGoal[0m
[  0%] Built target _kinova_msgs_generate_messages_check_deps_SetFingersPositionActionGoal
[35m[1mScanning dependencies of target _kinova_msgs_generate_messages_check_deps_SetFingersPositionAction[0m
[  0%] Built target _kinova_msgs_generate_messages_check_deps_SetFingersPositionAction
[35m[1mScanning dependencies of target _kinova_msgs_generate_messages_check_deps_Arm_KinovaPoseFeedback[0m
[  0%] Built target _kinova_msgs_generate_messages_check_deps_Arm_KinovaPoseFeedback
[35m[1mScanning dependencies of target _kinova_msgs_generate_messages_check_deps_Arm_KinovaPoseResult[0m
[  0%] Built target _kinova_msgs_generate_messages_check_deps_Arm_KinovaPoseResult
[35m[1mScanning dependencies of target _kinova_msgs_generate_messages_check_deps_Arm_KinovaPoseGoal[0m
[  0%] Built target _kinova_msgs_generate_messages_check_deps_Arm_KinovaPoseGoal
[35m[1mScanning dependencies of target _kinova_msgs_generate_messages_check_deps_Arm_KinovaPoseActionResult[0m
[35m[1mScanning dependencies of target _kinova_msgs_generate_messages_check_deps_Arm_KinovaPoseActionGoal[0m
[  0%] Built target _kinova_msgs_generate_messages_check_deps_Arm_KinovaPoseActionResult
[  0%] Built target _kinova_msgs_generate_messages_check_deps_Arm_KinovaPoseActionGoal
[35m[1mScanning dependencies of target _kinova_msgs_generate_messages_check_deps_Arm_KinovaPoseAction[0m
[  0%] Built target _kinova_msgs_generate_messages_check_deps_Arm_KinovaPoseAction
[35m[1mScanning dependencies of target _kinova_msgs_generate_messages_check_deps_ArmPoseActionGoal[0m
[  0%] Built target _kinova_msgs_generate_messages_check_deps_ArmPoseActionGoal
[35m[1mScanning dependencies of target geometry_msgs_generate_messages_eus[0m
[  0%] Built target geometry_msgs_generate_messages_eus
[35m[1mScanning dependencies of target _kinova_msgs_generate_messages_check_deps_ArmJointAnglesResult[0m
[  0%] Built target _kinova_msgs_generate_messages_check_deps_ArmJointAnglesResult
[35m[1mScanning dependencies of target _kinova_msgs_generate_messages_check_deps_ZeroTorques[0m
[  0%] Built target _kinova_msgs_generate_messages_check_deps_ZeroTorques
[35m[1mScanning dependencies of target _kinova_msgs_generate_messages_check_deps_ArmJointAnglesGoal[0m
[  0%] Built target _kinova_msgs_generate_messages_check_deps_ArmJointAnglesGoal
[35m[1mScanning dependencies of target _kinova_msgs_generate_messages_check_deps_ArmPoseGoal[0m
[  0%] Built target _kinova_msgs_generate_messages_check_deps_ArmPoseGoal
[35m[1mScanning dependencies of target _kinova_msgs_generate_messages_check_deps_HomeArm[0m
[  0%] Built target _kinova_msgs_generate_messages_check_deps_HomeArm
[35m[1mScanning dependencies of target _kinova_msgs_generate_messages_check_deps_Stop[0m
[35m[1mScanning dependencies of target _kinova_msgs_generate_messages_check_deps_Arm_KinovaPoseActionFeedback[0m
[35m[1mScanning dependencies of target _kinova_msgs_generate_messages_check_deps_AddPoseToCartesianTrajectory[0m
[  0%] Built target _kinova_msgs_generate_messages_check_deps_Stop
[  0%] Built target _kinova_msgs_generate_messages_check_deps_Arm_KinovaPoseActionFeedback
[35m[1mScanning dependencies of target _kinova_msgs_generate_messages_check_deps_SetFingersPositionActionFeedback[0m
[  0%] Built target _kinova_msgs_generate_messages_check_deps_AddPoseToCartesianTrajectory
[  0%] Built target _kinova_msgs_generate_messages_check_deps_SetFingersPositionActionFeedback
[35m[1mScanning dependencies of target _kinova_msgs_generate_messages_check_deps_ArmJointAnglesActionGoal[0m
[  0%] Built target _kinova_msgs_generate_messages_check_deps_ArmJointAnglesActionGoal
[35m[1mScanning dependencies of target _kinova_msgs_generate_messages_check_deps_Start[0m
[  0%] Built target _kinova_msgs_generate_messages_check_deps_Start
[35m[1mScanning dependencies of target _kinova_msgs_generate_messages_check_deps_ArmPoseActionResult[0m
[35m[1mScanning dependencies of target _kinova_msgs_generate_messages_check_deps_FingerPosition[0m
[  0%] Built target _kinova_msgs_generate_messages_check_deps_ArmPoseActionResult
[35m[1mScanning dependencies of target _kinova_msgs_generate_messages_check_deps_ArmPoseActionFeedback[0m
[  0%] Built target _kinova_msgs_generate_messages_check_deps_FingerPosition
[35m[1mScanning dependencies of target _kinova_msgs_generate_messages_check_deps_SetFingersPositionGoal[0m
[  0%] Built target _kinova_msgs_generate_messages_check_deps_ArmPoseActionFeedback
[  0%] Built target _kinova_msgs_generate_messages_check_deps_SetFingersPositionGoal
[35m[1mScanning dependencies of target _kinova_msgs_generate_messages_check_deps_JointAngles[0m
[  0%] Built target _kinova_msgs_generate_messages_check_deps_JointAngles
[35m[1mScanning dependencies of target _kinova_msgs_generate_messages_check_deps_SetTorqueControlParameters[0m
[  0%] Built target _kinova_msgs_generate_messages_check_deps_SetTorqueControlParameters
[35m[1mScanning dependencies of target _kinova_msgs_generate_messages_check_deps_JointVelocity[0m
[  0%] Built target _kinova_msgs_generate_messages_check_deps_JointVelocity
[35m[1mScanning dependencies of target _kinova_msgs_generate_messages_check_deps_CartesianForce[0m
[  0%] Built target _kinova_msgs_generate_messages_check_deps_CartesianForce
[35m[1mScanning dependencies of target actionlib_msgs_generate_messages_eus[0m
[  0%] Built target actionlib_msgs_generate_messages_eus
[35m[1mScanning dependencies of target _kinova_msgs_generate_messages_check_deps_JointTorque[0m
[35m[1mScanning dependencies of target _kinova_msgs_generate_messages_check_deps_PoseVelocityWithFingers[0m
[  0%] Built target _kinova_msgs_generate_messages_check_deps_JointTorque
[35m[1mScanning dependencies of target _kinova_msgs_generate_messages_check_deps_KinovaPose[0m
[  0%] Built target _kinova_msgs_generate_messages_check_deps_PoseVelocityWithFingers
[  0%] Built target _kinova_msgs_generate_messages_check_deps_KinovaPose
[35m[1mScanning dependencies of target _kinova_msgs_generate_messages_check_deps_PoseVelocity[0m
[35m[1mScanning dependencies of target _kinova_msgs_generate_messages_check_deps_ArmJointAnglesAction[0m
[  0%] Built target _kinova_msgs_generate_messages_check_deps_PoseVelocity
[  0%] Built target _kinova_msgs_generate_messages_check_deps_ArmJointAnglesAction
[35m[1mScanning dependencies of target _kinova_msgs_generate_messages_check_deps_ArmJointAnglesActionResult[0m
[35m[1mScanning dependencies of target _kinova_msgs_generate_messages_check_deps_ArmJointAnglesActionFeedback[0m
[35m[1mScanning dependencies of target _kinova_msgs_generate_messages_check_deps_ArmJointAnglesFeedback[0m
[  0%] Built target _kinova_msgs_generate_messages_check_deps_ArmJointAnglesActionResult
[  0%] Built target _kinova_msgs_generate_messages_check_deps_ArmJointAnglesFeedback
[35m[1mScanning dependencies of target _kinova_msgs_generate_messages_check_deps_ClearTrajectories[0m
[35m[1mScanning dependencies of target _kinova_msgs_generate_messages_check_deps_ArmPoseResult[0m
[  0%] Built target _kinova_msgs_generate_messages_check_deps_ArmJointAnglesActionFeedback
[35m[1mScanning dependencies of target _kinova_msgs_generate_messages_check_deps_ArmPoseAction[0m
[35m[1mScanning dependencies of target _kinova_msgs_generate_messages_check_deps_SetFingersPositionResult[0m
[  0%] Built target _kinova_msgs_generate_messages_check_deps_ClearTrajectories
[  0%] Built target _kinova_msgs_generate_messages_check_deps_ArmPoseResult
[35m[1mScanning dependencies of target geometry_msgs_generate_messages_py[0m
[35m[1mScanning dependencies of target actionlib_msgs_generate_messages_py[0m
[  0%] Built target geometry_msgs_generate_messages_py
[  0%] Built target actionlib_msgs_generate_messages_py
[  0%] Built target _kinova_msgs_generate_messages_check_deps_ArmPoseAction
[35m[1mScanning dependencies of target actionlib_msgs_generate_messages_nodejs[0m
[  0%] Built target actionlib_msgs_generate_messages_nodejs
[35m[1mScanning dependencies of target geometry_msgs_generate_messages_nodejs[0m
[  0%] Built target geometry_msgs_generate_messages_nodejs
[35m[1mScanning dependencies of target actionlib_msgs_generate_messages_lisp[0m
[  0%] Built target _kinova_msgs_generate_messages_check_deps_SetFingersPositionResult
[35m[1mScanning dependencies of target geometry_msgs_generate_messages_lisp[0m
[  0%] Built target actionlib_msgs_generate_messages_lisp
[35m[1mScanning dependencies of target actionlib_msgs_generate_messages_cpp[0m
[  0%] Built target geometry_msgs_generate_messages_lisp
[35m[1mScanning dependencies of target geometry_msgs_generate_messages_cpp[0m
[  0%] Built target actionlib_msgs_generate_messages_cpp
[35m[1mScanning dependencies of target kinova_msgs_generate_messages_eus[0m
[  0%] Built target geometry_msgs_generate_messages_cpp
[  0%] [34m[1mGenerating EusLisp code from kinova_msgs/FingerPosition.msg[0m
[  1%] [34m[1mGenerating EusLisp code from kinova_msgs/JointAngles.msg[0m
[  1%] [34m[1mGenerating EusLisp code from kinova_msgs/JointVelocity.msg[0m
[  1%] [34m[1mGenerating EusLisp code from kinova_msgs/JointTorque.msg[0m
[  2%] [34m[1mGenerating EusLisp code from kinova_msgs/KinovaPose.msg[0m
[  2%] [34m[1mGenerating EusLisp code from kinova_msgs/PoseVelocity.msg[0m
[  3%] [34m[1mGenerating EusLisp code from kinova_msgs/PoseVelocityWithFingers.msg[0m
[  3%] [34m[1mGenerating EusLisp code from kinova_msgs/CartesianForce.msg[0m
[  3%] [34m[1mGenerating EusLisp code from kinova_msgs/ArmJointAnglesAction.msg[0m
[  4%] [34m[1mGenerating EusLisp code from kinova_msgs/ArmJointAnglesActionGoal.msg[0m
[35m[1mScanning dependencies of target kinova_msgs_generate_messages_py[0m
[35m[1mScanning dependencies of target kinova_msgs_generate_messages_nodejs[0m
[  4%] [34m[1mGenerating Python from MSG kinova_msgs/FingerPosition[0m
[  4%] [34m[1mGenerating EusLisp code from kinova_msgs/ArmJointAnglesActionResult.msg[0m
[  5%] [34m[1mGenerating Javascript code from kinova_msgs/FingerPosition.msg[0m
[  6%] [34m[1mGenerating EusLisp code from kinova_msgs/ArmJointAnglesActionFeedback.msg[0m
[  7%] [34m[1mGenerating Javascript code from kinova_msgs/JointAngles.msg[0m
[  7%] [34m[1mGenerating EusLisp code from kinova_msgs/ArmJointAnglesGoal.msg[0m
[  7%] [34m[1mGenerating Python from MSG kinova_msgs/JointVelocity[0m
[  8%] [34m[1mGenerating Javascript code from kinova_msgs/JointVelocity.msg[0m
[  8%] [34m[1mGenerating EusLisp code from kinova_msgs/ArmJointAnglesResult.msg[0m
[  8%] [34m[1mGenerating Python from MSG kinova_msgs/JointAngles[0m
[  9%] [34m[1mGenerating EusLisp code from kinova_msgs/ArmJointAnglesFeedback.msg[0m
[  9%] [34m[1mGenerating EusLisp code from kinova_msgs/ArmPoseAction.msg[0m
[  9%] [34m[1mGenerating Javascript code from kinova_msgs/JointTorque.msg[0m
[  9%] [34m[1mGenerating Javascript code from kinova_msgs/KinovaPose.msg[0m
[ 10%] [34m[1mGenerating EusLisp code from kinova_msgs/ArmPoseActionGoal.msg[0m
[ 10%] [34m[1mGenerating EusLisp code from kinova_msgs/ArmPoseActionResult.msg[0m
[ 11%] [34m[1mGenerating Javascript code from kinova_msgs/PoseVelocity.msg[0m
[ 11%] [34m[1mGenerating Python from MSG kinova_msgs/JointTorque[0m
[ 11%] [34m[1mGenerating Javascript code from kinova_msgs/PoseVelocityWithFingers.msg[0m
[ 11%] [34m[1mGenerating EusLisp code from kinova_msgs/ArmPoseActionFeedback.msg[0m
[ 12%] [34m[1mGenerating Javascript code from kinova_msgs/CartesianForce.msg[0m
[ 12%] [34m[1mGenerating Javascript code from kinova_msgs/ArmJointAnglesAction.msg[0m
[ 12%] [34m[1mGenerating Javascript code from kinova_msgs/ArmJointAnglesActionGoal.msg[0m
[ 13%] [34m[1mGenerating Python from MSG kinova_msgs/KinovaPose[0m
[ 14%] [34m[1mGenerating EusLisp code from kinova_msgs/ArmPoseGoal.msg[0m
[ 15%] [34m[1mGenerating Javascript code from kinova_msgs/ArmJointAnglesActionResult.msg[0m
[ 15%] [34m[1mGenerating EusLisp code from kinova_msgs/ArmPoseResult.msg[0m
[ 15%] [34m[1mGenerating Javascript code from kinova_msgs/ArmJointAnglesActionFeedback.msg[0m
[ 15%] [34m[1mGenerating Python from MSG kinova_msgs/PoseVelocity[0m
[35m[1mScanning dependencies of target kinova_msgs_generate_messages_lisp[0m
[ 16%] [34m[1mGenerating EusLisp code from kinova_msgs/ArmPoseFeedback.msg[0m
[ 17%] [34m[1mGenerating Lisp code from kinova_msgs/FingerPosition.msg[0m
[ 18%] [34m[1mGenerating Javascript code from kinova_msgs/ArmJointAnglesGoal.msg[0m
[ 18%] [34m[1mGenerating Javascript code from kinova_msgs/ArmJointAnglesResult.msg[0m
[35m[1mScanning dependencies of target kinova_msgs_generate_messages_cpp[0m
[ 18%] [34m[1mGenerating Python from MSG kinova_msgs/PoseVelocityWithFingers[0m
[ 18%] [34m[1mGenerating C++ code from kinova_msgs/FingerPosition.msg[0m
[ 18%] [34m[1mGenerating EusLisp code from kinova_msgs/Arm_KinovaPoseAction.msg[0m
[ 18%] [34m[1mGenerating Lisp code from kinova_msgs/JointAngles.msg[0m
[ 18%] [34m[1mGenerating Javascript code from kinova_msgs/ArmJointAnglesFeedback.msg[0m
[ 19%] [34m[1mGenerating Lisp code from kinova_msgs/JointVelocity.msg[0m
[ 19%] [34m[1mGenerating EusLisp code from kinova_msgs/Arm_KinovaPoseActionGoal.msg[0m
[ 20%] [34m[1mGenerating Javascript code from kinova_msgs/ArmPoseAction.msg[0m
[ 21%] [34m[1mGenerating EusLisp code from kinova_msgs/Arm_KinovaPoseActionResult.msg[0m
[ 21%] [34m[1mGenerating C++ code from kinova_msgs/JointAngles.msg[0m
[ 21%] [34m[1mGenerating Lisp code from kinova_msgs/JointTorque.msg[0m
[ 21%] [34m[1mGenerating Lisp code from kinova_msgs/KinovaPose.msg[0m
[ 21%] [34m[1mGenerating Javascript code from kinova_msgs/ArmPoseActionGoal.msg[0m
[ 21%] [34m[1mGenerating EusLisp code from kinova_msgs/Arm_KinovaPoseActionFeedback.msg[0m
[ 22%] [34m[1mGenerating Lisp code from kinova_msgs/PoseVelocity.msg[0m
[ 22%] [34m[1mGenerating Lisp code from kinova_msgs/PoseVelocityWithFingers.msg[0m
[ 23%] [34m[1mGenerating Python from MSG kinova_msgs/CartesianForce[0m
[ 24%] [34m[1mGenerating Lisp code from kinova_msgs/CartesianForce.msg[0m
[ 25%] [34m[1mGenerating C++ code from kinova_msgs/JointVelocity.msg[0m
[ 26%] [34m[1mGenerating Javascript code from kinova_msgs/ArmPoseActionResult.msg[0m
[ 26%] [34m[1mGenerating Lisp code from kinova_msgs/ArmJointAnglesAction.msg[0m
[ 26%] [34m[1mGenerating Javascript code from kinova_msgs/ArmPoseActionFeedback.msg[0m
[ 26%] [34m[1mGenerating Javascript code from kinova_msgs/ArmPoseGoal.msg[0m
[ 27%] [34m[1mGenerating Javascript code from kinova_msgs/ArmPoseFeedback.msg[0m
[ 28%] [34m[1mGenerating Javascript code from kinova_msgs/ArmPoseResult.msg[0m
[ 27%] [34m[1mGenerating EusLisp code from kinova_msgs/Arm_KinovaPoseGoal.msg[0m
[ 28%] [34m[1mGenerating Lisp code from kinova_msgs/ArmJointAnglesActionGoal.msg[0m
[ 28%] [34m[1mGenerating C++ code from kinova_msgs/JointTorque.msg[0m
[ 28%] [34m[1mGenerating EusLisp code from kinova_msgs/Arm_KinovaPoseResult.msg[0m
[ 29%] [34m[1mGenerating Javascript code from kinova_msgs/Arm_KinovaPoseAction.msg[0m
[ 29%] [34m[1mGenerating EusLisp code from kinova_msgs/Arm_KinovaPoseFeedback.msg[0m
[ 30%] [34m[1mGenerating Lisp code from kinova_msgs/ArmJointAnglesActionResult.msg[0m
[ 30%] [34m[1mGenerating Javascript code from kinova_msgs/Arm_KinovaPoseActionGoal.msg[0m
[ 30%] [34m[1mGenerating Python from MSG kinova_msgs/ArmJointAnglesAction[0m
[ 30%] [34m[1mGenerating Lisp code from kinova_msgs/ArmJointAnglesActionFeedback.msg[0m
[ 31%] [34m[1mGenerating Python from MSG kinova_msgs/ArmJointAnglesActionGoal[0m
[ 32%] [34m[1mGenerating EusLisp code from kinova_msgs/SetFingersPositionAction.msg[0m
[ 34%] [34m[1mGenerating C++ code from kinova_msgs/KinovaPose.msg[0m
[ 34%] [34m[1mGenerating Javascript code from kinova_msgs/Arm_KinovaPoseActionResult.msg[0m
[ 34%] [34m[1mGenerating C++ code from kinova_msgs/PoseVelocity.msg[0m
[ 35%] [34m[1mGenerating Lisp code from kinova_msgs/ArmJointAnglesGoal.msg[0m
[ 35%] [34m[1mGenerating Javascript code from kinova_msgs/Arm_KinovaPoseGoal.msg[0m
[ 36%] [34m[1mGenerating Javascript code from kinova_msgs/Arm_KinovaPoseActionFeedback.msg[0m
[ 36%] [34m[1mGenerating EusLisp code from kinova_msgs/SetFingersPositionActionGoal.msg[0m
[ 36%] [34m[1mGenerating Lisp code from kinova_msgs/ArmJointAnglesResult.msg[0m
[ 36%] [34m[1mGenerating Python from MSG kinova_msgs/ArmJointAnglesActionResult[0m
[ 37%] [34m[1mGenerating Javascript code from kinova_msgs/Arm_KinovaPoseResult.msg[0m
[ 37%] [34m[1mGenerating Lisp code from kinova_msgs/ArmJointAnglesFeedback.msg[0m
[ 37%] [34m[1mGenerating Javascript code from kinova_msgs/Arm_KinovaPoseFeedback.msg[0m
[ 38%] [34m[1mGenerating Python from MSG kinova_msgs/ArmJointAnglesGoal[0m
[ 38%] [34m[1mGenerating Python from MSG kinova_msgs/ArmJointAnglesActionFeedback[0m
[ 38%] [34m[1mGenerating C++ code from kinova_msgs/PoseVelocityWithFingers.msg[0m
[ 38%] [34m[1mGenerating Javascript code from kinova_msgs/SetFingersPositionAction.msg[0m
[ 39%] [34m[1mGenerating EusLisp code from kinova_msgs/SetFingersPositionActionResult.msg[0m
[ 39%] [34m[1mGenerating EusLisp code from kinova_msgs/SetFingersPositionActionFeedback.msg[0m
[ 40%] [34m[1mGenerating Lisp code from kinova_msgs/ArmPoseAction.msg[0m
[ 41%] [34m[1mGenerating Javascript code from kinova_msgs/SetFingersPositionActionGoal.msg[0m
[ 41%] [34m[1mGenerating Lisp code from kinova_msgs/ArmPoseActionGoal.msg[0m
[ 41%] [34m[1mGenerating Javascript code from kinova_msgs/SetFingersPositionActionResult.msg[0m
[ 41%] [34m[1mGenerating EusLisp code from kinova_msgs/SetFingersPositionGoal.msg[0m
[ 42%] [34m[1mGenerating C++ code from kinova_msgs/CartesianForce.msg[0m
[ 42%] [34m[1mGenerating Python from MSG kinova_msgs/ArmJointAnglesResult[0m
[ 43%] [34m[1mGenerating Javascript code from kinova_msgs/SetFingersPositionActionFeedback.msg[0m
[ 44%] [34m[1mGenerating Lisp code from kinova_msgs/ArmPoseActionResult.msg[0m
[ 45%] [34m[1mGenerating EusLisp code from kinova_msgs/SetFingersPositionResult.msg[0m
[ 45%] [34m[1mGenerating EusLisp code from kinova_msgs/SetFingersPositionFeedback.msg[0m
[ 45%] [34m[1mGenerating Javascript code from kinova_msgs/SetFingersPositionGoal.msg[0m
[ 45%] [34m[1mGenerating Javascript code from kinova_msgs/SetFingersPositionResult.msg[0m
[ 45%] [34m[1mGenerating C++ code from kinova_msgs/ArmJointAnglesAction.msg[0m
[ 45%] [34m[1mGenerating Lisp code from kinova_msgs/ArmPoseActionFeedback.msg[0m
[ 46%] [34m[1mGenerating Javascript code from kinova_msgs/SetFingersPositionFeedback.msg[0m
[ 46%] [34m[1mGenerating Javascript code from kinova_msgs/Start.srv[0m
[ 47%] [34m[1mGenerating Python from MSG kinova_msgs/ArmJointAnglesFeedback[0m
[ 47%] [34m[1mGenerating Lisp code from kinova_msgs/ArmPoseGoal.msg[0m
[ 47%] [34m[1mGenerating Lisp code from kinova_msgs/ArmPoseFeedback.msg[0m
[ 48%] [34m[1mGenerating Lisp code from kinova_msgs/ArmPoseResult.msg[0m
[ 48%] [34m[1mGenerating Lisp code from kinova_msgs/Arm_KinovaPoseAction.msg[0m
[ 49%] [34m[1mGenerating EusLisp code from kinova_msgs/Start.srv[0m
[ 50%] [34m[1mGenerating Javascript code from kinova_msgs/Stop.srv[0m
[ 51%] [34m[1mGenerating C++ code from kinova_msgs/ArmJointAnglesActionGoal.msg[0m
[ 52%] [34m[1mGenerating C++ code from kinova_msgs/ArmJointAnglesActionResult.msg[0m
[ 52%] [34m[1mGenerating Lisp code from kinova_msgs/Arm_KinovaPoseActionGoal.msg[0m
[ 52%] [34m[1mGenerating Javascript code from kinova_msgs/HomeArm.srv[0m
[ 52%] [34m[1mGenerating Lisp code from kinova_msgs/Arm_KinovaPoseActionResult.msg[0m
[ 53%] [34m[1mGenerating Lisp code from kinova_msgs/Arm_KinovaPoseActionFeedback.msg[0m
[ 53%] [34m[1mGenerating Python from MSG kinova_msgs/ArmPoseAction[0m
[ 53%] [34m[1mGenerating Javascript code from kinova_msgs/SetForceControlParams.srv[0m
[ 53%] [34m[1mGenerating Lisp code from kinova_msgs/Arm_KinovaPoseGoal.msg[0m
[ 53%] [34m[1mGenerating Lisp code from kinova_msgs/Arm_KinovaPoseResult.msg[0m
[ 53%] [34m[1mGenerating EusLisp code from kinova_msgs/Stop.srv[0m
[ 54%] [34m[1mGenerating Javascript code from kinova_msgs/SetEndEffectorOffset.srv[0m
[ 54%] [34m[1mGenerating Javascript code from kinova_msgs/SetNullSpaceModeState.srv[0m
[ 55%] [34m[1mGenerating Javascript code from kinova_msgs/SetTorqueControlMode.srv[0m
[ 56%] [34m[1mGenerating Lisp code from kinova_msgs/Arm_KinovaPoseFeedback.msg[0m
[ 56%] [34m[1mGenerating Lisp code from kinova_msgs/SetFingersPositionAction.msg[0m
[ 57%] [34m[1mGenerating C++ code from kinova_msgs/ArmJointAnglesGoal.msg[0m
[ 57%] [34m[1mGenerating C++ code from kinova_msgs/ArmJointAnglesActionFeedback.msg[0m
[ 58%] [34m[1mGenerating Lisp code from kinova_msgs/SetFingersPositionActionGoal.msg[0m
[ 58%] [34m[1mGenerating Python from MSG kinova_msgs/ArmPoseActionGoal[0m
[ 58%] [34m[1mGenerating Javascript code from kinova_msgs/SetTorqueControlParameters.srv[0m
[ 58%] [34m[1mGenerating Javascript code from kinova_msgs/ClearTrajectories.srv[0m
[ 58%] [34m[1mGenerating Lisp code from kinova_msgs/SetFingersPositionActionResult.msg[0m
[ 58%] [34m[1mGenerating EusLisp code from kinova_msgs/HomeArm.srv[0m
[ 59%] [34m[1mGenerating Lisp code from kinova_msgs/SetFingersPositionGoal.msg[0m
[ 59%] [34m[1mGenerating Lisp code from kinova_msgs/SetFingersPositionActionFeedback.msg[0m
[ 60%] [34m[1mGenerating Javascript code from kinova_msgs/ZeroTorques.srv[0m
[ 60%] [34m[1mGenerating Lisp code from kinova_msgs/SetFingersPositionResult.msg[0m
[ 61%] [34m[1mGenerating C++ code from kinova_msgs/ArmJointAnglesFeedback.msg[0m
[ 61%] [34m[1mGenerating C++ code from kinova_msgs/ArmJointAnglesResult.msg[0m
[ 61%] [34m[1mGenerating Javascript code from kinova_msgs/AddPoseToCartesianTrajectory.srv[0m
[ 62%] [34m[1mGenerating Python from MSG kinova_msgs/ArmPoseActionResult[0m
[ 63%] [34m[1mGenerating Lisp code from kinova_msgs/SetFingersPositionFeedback.msg[0m
[ 63%] [34m[1mGenerating Lisp code from kinova_msgs/Start.srv[0m
[ 64%] [34m[1mGenerating Javascript code from kinova_msgs/RunCOMParametersEstimation.srv[0m
[ 65%] [34m[1mGenerating EusLisp code from kinova_msgs/SetForceControlParams.srv[0m
[ 67%] [34m[1mGenerating EusLisp code from kinova_msgs/SetNullSpaceModeState.srv[0m
[ 67%] [34m[1mGenerating C++ code from kinova_msgs/ArmPoseAction.msg[0m
[ 67%] [34m[1mGenerating EusLisp code from kinova_msgs/SetEndEffectorOffset.srv[0m
[ 67%] [34m[1mGenerating Lisp code from kinova_msgs/Stop.srv[0m
[ 67%] Built target kinova_msgs_generate_messages_nodejs
[ 67%] [34m[1mGenerating Python from MSG kinova_msgs/ArmPoseActionFeedback[0m
[ 67%] [34m[1mGenerating C++ code from kinova_msgs/ArmPoseActionGoal.msg[0m
[ 68%] [34m[1mGenerating C++ code from kinova_msgs/ArmPoseActionResult.msg[0m
[ 68%] [34m[1mGenerating C++ code from kinova_msgs/ArmPoseActionFeedback.msg[0m
[ 68%] [34m[1mGenerating EusLisp code from kinova_msgs/SetTorqueControlMode.srv[0m
[ 68%] [34m[1mGenerating EusLisp code from kinova_msgs/SetTorqueControlParameters.srv[0m
[ 69%] [34m[1mGenerating EusLisp code from kinova_msgs/ClearTrajectories.srv[0m
[ 70%] [34m[1mGenerating C++ code from kinova_msgs/ArmPoseGoal.msg[0m
[ 70%] [34m[1mGenerating C++ code from kinova_msgs/ArmPoseResult.msg[0m
[ 71%] [34m[1mGenerating Lisp code from kinova_msgs/HomeArm.srv[0m
[ 72%] [34m[1mGenerating Python from MSG kinova_msgs/ArmPoseGoal[0m
[ 72%] [34m[1mGenerating C++ code from kinova_msgs/ArmPoseFeedback.msg[0m
[ 72%] [34m[1mGenerating Lisp code from kinova_msgs/SetForceControlParams.srv[0m
[ 72%] [34m[1mGenerating EusLisp code from kinova_msgs/ZeroTorques.srv[0m
[ 73%] [34m[1mGenerating C++ code from kinova_msgs/Arm_KinovaPoseAction.msg[0m
[ 73%] [34m[1mGenerating Python from MSG kinova_msgs/ArmPoseResult[0m
[ 74%] [34m[1mGenerating Lisp code from kinova_msgs/SetNullSpaceModeState.srv[0m
[ 74%] [34m[1mGenerating Lisp code from kinova_msgs/SetEndEffectorOffset.srv[0m
[ 75%] [34m[1mGenerating EusLisp code from kinova_msgs/AddPoseToCartesianTrajectory.srv[0m
[ 75%] [34m[1mGenerating C++ code from kinova_msgs/Arm_KinovaPoseActionGoal.msg[0m
[ 75%] [34m[1mGenerating EusLisp code from kinova_msgs/RunCOMParametersEstimation.srv[0m
[ 75%] [34m[1mGenerating Lisp code from kinova_msgs/SetTorqueControlMode.srv[0m
[ 76%] [34m[1mGenerating C++ code from kinova_msgs/Arm_KinovaPoseActionResult.msg[0m
[ 77%] [34m[1mGenerating Lisp code from kinova_msgs/SetTorqueControlParameters.srv[0m
[ 77%] [34m[1mGenerating EusLisp manifest code for kinova_msgs[0m
[ 77%] [34m[1mGenerating C++ code from kinova_msgs/Arm_KinovaPoseActionFeedback.msg[0m
[ 77%] [34m[1mGenerating Lisp code from kinova_msgs/ClearTrajectories.srv[0m
[ 77%] [34m[1mGenerating C++ code from kinova_msgs/Arm_KinovaPoseGoal.msg[0m
[ 77%] [34m[1mGenerating Python from MSG kinova_msgs/ArmPoseFeedback[0m
[ 78%] [34m[1mGenerating C++ code from kinova_msgs/Arm_KinovaPoseResult.msg[0m
[ 78%] [34m[1mGenerating C++ code from kinova_msgs/Arm_KinovaPoseFeedback.msg[0m
[ 79%] [34m[1mGenerating Lisp code from kinova_msgs/ZeroTorques.srv[0m
[ 80%] [34m[1mGenerating Python from MSG kinova_msgs/Arm_KinovaPoseAction[0m
[ 80%] [34m[1mGenerating Lisp code from kinova_msgs/AddPoseToCartesianTrajectory.srv[0m
[ 80%] [34m[1mGenerating Lisp code from kinova_msgs/RunCOMParametersEstimation.srv[0m
[ 81%] [34m[1mGenerating C++ code from kinova_msgs/SetFingersPositionAction.msg[0m
[ 81%] [34m[1mGenerating C++ code from kinova_msgs/SetFingersPositionActionGoal.msg[0m
[ 81%] [34m[1mGenerating C++ code from kinova_msgs/SetFingersPositionActionResult.msg[0m
[ 82%] [34m[1mGenerating C++ code from kinova_msgs/SetFingersPositionActionFeedback.msg[0m
[ 82%] Built target kinova_msgs_generate_messages_lisp
[ 82%] [34m[1mGenerating C++ code from kinova_msgs/SetFingersPositionGoal.msg[0m
[ 82%] [34m[1mGenerating Python from MSG kinova_msgs/Arm_KinovaPoseActionGoal[0m
[ 83%] [34m[1mGenerating C++ code from kinova_msgs/SetFingersPositionResult.msg[0m
[ 83%] [34m[1mGenerating Python from MSG kinova_msgs/Arm_KinovaPoseActionFeedback[0m
[ 83%] [34m[1mGenerating Python from MSG kinova_msgs/Arm_KinovaPoseGoal[0m
[ 84%] [34m[1mGenerating Python from MSG kinova_msgs/Arm_KinovaPoseActionResult[0m
[ 85%] [34m[1mGenerating C++ code from kinova_msgs/Stop.srv[0m
[ 85%] [34m[1mGenerating C++ code from kinova_msgs/SetFingersPositionFeedback.msg[0m
[ 85%] [34m[1mGenerating C++ code from kinova_msgs/Start.srv[0m
[ 86%] [34m[1mGenerating Python from MSG kinova_msgs/Arm_KinovaPoseResult[0m
[ 86%] [34m[1mGenerating Python from MSG kinova_msgs/Arm_KinovaPoseFeedback[0m
[ 87%] [34m[1mGenerating Python from MSG kinova_msgs/SetFingersPositionAction[0m
[ 87%] [34m[1mGenerating C++ code from kinova_msgs/HomeArm.srv[0m
[ 87%] [34m[1mGenerating Python from MSG kinova_msgs/SetFingersPositionActionResult[0m
[ 87%] [34m[1mGenerating Python from MSG kinova_msgs/SetFingersPositionActionGoal[0m
[ 88%] [34m[1mGenerating Python from MSG kinova_msgs/SetFingersPositionActionFeedback[0m
[ 89%] [34m[1mGenerating C++ code from kinova_msgs/SetEndEffectorOffset.srv[0m
[ 89%] [34m[1mGenerating C++ code from kinova_msgs/SetForceControlParams.srv[0m
[ 89%] [34m[1mGenerating C++ code from kinova_msgs/SetNullSpaceModeState.srv[0m
[ 89%] [34m[1mGenerating Python from MSG kinova_msgs/SetFingersPositionGoal[0m
[ 90%] [34m[1mGenerating Python from MSG kinova_msgs/SetFingersPositionResult[0m
[ 90%] [34m[1mGenerating Python from MSG kinova_msgs/SetFingersPositionFeedback[0m
[ 91%] [34m[1mGenerating C++ code from kinova_msgs/SetTorqueControlMode.srv[0m
[ 91%] [34m[1mGenerating Python code from SRV kinova_msgs/Start[0m
[ 91%] [34m[1mGenerating C++ code from kinova_msgs/SetTorqueControlParameters.srv[0m
[ 92%] [34m[1mGenerating Python code from SRV kinova_msgs/Stop[0m
[ 93%] [34m[1mGenerating C++ code from kinova_msgs/ClearTrajectories.srv[0m
[ 93%] [34m[1mGenerating Python code from SRV kinova_msgs/HomeArm[0m
[ 94%] [34m[1mGenerating Python code from SRV kinova_msgs/SetForceControlParams[0m
[ 94%] [34m[1mGenerating C++ code from kinova_msgs/ZeroTorques.srv[0m
[ 94%] [34m[1mGenerating C++ code from kinova_msgs/AddPoseToCartesianTrajectory.srv[0m
[ 94%] [34m[1mGenerating Python code from SRV kinova_msgs/SetEndEffectorOffset[0m
[ 94%] [34m[1mGenerating Python code from SRV kinova_msgs/SetNullSpaceModeState[0m
[ 95%] [34m[1mGenerating C++ code from kinova_msgs/RunCOMParametersEstimation.srv[0m
[ 95%] Built target kinova_msgs_generate_messages_eus
[ 96%] [34m[1mGenerating Python code from SRV kinova_msgs/SetTorqueControlMode[0m
[ 97%] [34m[1mGenerating Python code from SRV kinova_msgs/ClearTrajectories[0m
[ 97%] [34m[1mGenerating Python code from SRV kinova_msgs/SetTorqueControlParameters[0m
[ 97%] [34m[1mGenerating Python code from SRV kinova_msgs/ZeroTorques[0m
[ 97%] [34m[1mGenerating Python code from SRV kinova_msgs/AddPoseToCartesianTrajectory[0m
[ 98%] [34m[1mGenerating Python code from SRV kinova_msgs/RunCOMParametersEstimation[0m
[ 98%] Built target kinova_msgs_generate_messages_cpp
[100%] [34m[1mGenerating Python msg __init__.py for kinova_msgs[0m
[100%] [34m[1mGenerating Python srv __init__.py for kinova_msgs[0m
[100%] Built target kinova_msgs_generate_messages_py
[35m[1mScanning dependencies of target kinova_msgs_generate_messages[0m
[100%] Built target kinova_msgs_generate_messages
