Performing C SOURCE FILE Test CMAKE_HAVE_LIBC_PTHREAD failed with the following output:
Change Dir: /home/xinyao/SAR_ROS/catkin_ws/build/slam_toolbox/CMakeFiles/CMakeTmp

Run Build Command(s):/usr/bin/make cmTC_9479c/fast && /usr/bin/make -f CMakeFiles/cmTC_9479c.dir/build.make CMakeFiles/cmTC_9479c.dir/build
make[1]: Entering directory '/home/xinyao/SAR_ROS/catkin_ws/build/slam_toolbox/CMakeFiles/CMakeTmp'
Building C object CMakeFiles/cmTC_9479c.dir/src.c.o
/usr/bin/cc   -DCMAKE_HAVE_LIBC_PTHREAD   -o CMakeFiles/cmTC_9479c.dir/src.c.o   -c /home/xinyao/SAR_ROS/catkin_ws/build/slam_toolbox/CMakeFiles/CMakeTmp/src.c
Linking C executable cmTC_9479c
/usr/bin/cmake -E cmake_link_script CMakeFiles/cmTC_9479c.dir/link.txt --verbose=1
/usr/bin/cc  -DCMAKE_HAVE_LIBC_PTHREAD    -rdynamic CMakeFiles/cmTC_9479c.dir/src.c.o  -o cmTC_9479c 
/usr/bin/ld: CMakeFiles/cmTC_9479c.dir/src.c.o: in function `main':
src.c:(.text+0x46): undefined reference to `pthread_create'
/usr/bin/ld: src.c:(.text+0x52): undefined reference to `pthread_detach'
/usr/bin/ld: src.c:(.text+0x63): undefined reference to `pthread_join'
collect2: error: ld returned 1 exit status
make[1]: *** [CMakeFiles/cmTC_9479c.dir/build.make:87: cmTC_9479c] Error 1
make[1]: Leaving directory '/home/xinyao/SAR_ROS/catkin_ws/build/slam_toolbox/CMakeFiles/CMakeTmp'
make: *** [Makefile:121: cmTC_9479c/fast] Error 2


Source file was:
#include <pthread.h>

void* test_func(void* data)
{
  return data;
}

int main(void)
{
  pthread_t thread;
  pthread_create(&thread, NULL, test_func, NULL);
  pthread_detach(thread);
  pthread_join(thread, NULL);
  pthread_atfork(NULL, NULL, NULL);
  pthread_exit(NULL);

  return 0;
}

Determining if the function pthread_create exists in the pthreads failed with the following output:
Change Dir: /home/xinyao/SAR_ROS/catkin_ws/build/slam_toolbox/CMakeFiles/CMakeTmp

Run Build Command(s):/usr/bin/make cmTC_c8ed2/fast && /usr/bin/make -f CMakeFiles/cmTC_c8ed2.dir/build.make CMakeFiles/cmTC_c8ed2.dir/build
make[1]: Entering directory '/home/xinyao/SAR_ROS/catkin_ws/build/slam_toolbox/CMakeFiles/CMakeTmp'
Building C object CMakeFiles/cmTC_c8ed2.dir/CheckFunctionExists.c.o
/usr/bin/cc   -DCHECK_FUNCTION_EXISTS=pthread_create   -o CMakeFiles/cmTC_c8ed2.dir/CheckFunctionExists.c.o   -c /usr/share/cmake-3.16/Modules/CheckFunctionExists.c
Linking C executable cmTC_c8ed2
/usr/bin/cmake -E cmake_link_script CMakeFiles/cmTC_c8ed2.dir/link.txt --verbose=1
/usr/bin/cc  -DCHECK_FUNCTION_EXISTS=pthread_create    -rdynamic CMakeFiles/cmTC_c8ed2.dir/CheckFunctionExists.c.o  -o cmTC_c8ed2  -lpthreads 
/usr/bin/ld: cannot find -lpthreads
collect2: error: ld returned 1 exit status
make[1]: *** [CMakeFiles/cmTC_c8ed2.dir/build.make:87: cmTC_c8ed2] Error 1
make[1]: Leaving directory '/home/xinyao/SAR_ROS/catkin_ws/build/slam_toolbox/CMakeFiles/CMakeTmp'
make: *** [Makefile:121: cmTC_c8ed2/fast] Error 2



Determining if the function sgemm_ exists failed with the following output:
Change Dir: /home/xinyao/SAR_ROS/catkin_ws/build/slam_toolbox/CMakeFiles/CMakeTmp

Run Build Command(s):/usr/bin/make cmTC_ff347/fast && /usr/bin/make -f CMakeFiles/cmTC_ff347.dir/build.make CMakeFiles/cmTC_ff347.dir/build
make[1]: Entering directory '/home/xinyao/SAR_ROS/catkin_ws/build/slam_toolbox/CMakeFiles/CMakeTmp'
Building C object CMakeFiles/cmTC_ff347.dir/CheckFunctionExists.c.o
/usr/bin/cc   -DCHECK_FUNCTION_EXISTS=sgemm_   -o CMakeFiles/cmTC_ff347.dir/CheckFunctionExists.c.o   -c /usr/share/cmake-3.16/Modules/CheckFunctionExists.c
Linking C executable cmTC_ff347
/usr/bin/cmake -E cmake_link_script CMakeFiles/cmTC_ff347.dir/link.txt --verbose=1
/usr/bin/cc  -DCHECK_FUNCTION_EXISTS=sgemm_    CMakeFiles/cmTC_ff347.dir/CheckFunctionExists.c.o  -o cmTC_ff347 
/usr/bin/ld: CMakeFiles/cmTC_ff347.dir/CheckFunctionExists.c.o: in function `main':
CheckFunctionExists.c:(.text+0x14): undefined reference to `sgemm_'
collect2: error: ld returned 1 exit status
make[1]: *** [CMakeFiles/cmTC_ff347.dir/build.make:87: cmTC_ff347] Error 1
make[1]: Leaving directory '/home/xinyao/SAR_ROS/catkin_ws/build/slam_toolbox/CMakeFiles/CMakeTmp'
make: *** [Makefile:121: cmTC_ff347/fast] Error 2



Determining if the function cheev_ exists failed with the following output:
Change Dir: /home/xinyao/SAR_ROS/catkin_ws/build/slam_toolbox/CMakeFiles/CMakeTmp

Run Build Command(s):/usr/bin/make cmTC_09e81/fast && /usr/bin/make -f CMakeFiles/cmTC_09e81.dir/build.make CMakeFiles/cmTC_09e81.dir/build
make[1]: Entering directory '/home/xinyao/SAR_ROS/catkin_ws/build/slam_toolbox/CMakeFiles/CMakeTmp'
Building C object CMakeFiles/cmTC_09e81.dir/CheckFunctionExists.c.o
/usr/bin/cc   -DCHECK_FUNCTION_EXISTS=cheev_   -o CMakeFiles/cmTC_09e81.dir/CheckFunctionExists.c.o   -c /usr/share/cmake-3.16/Modules/CheckFunctionExists.c
Linking C executable cmTC_09e81
/usr/bin/cmake -E cmake_link_script CMakeFiles/cmTC_09e81.dir/link.txt --verbose=1
/usr/bin/cc  -DCHECK_FUNCTION_EXISTS=cheev_    CMakeFiles/cmTC_09e81.dir/CheckFunctionExists.c.o  -o cmTC_09e81  /usr/lib/x86_64-linux-gnu/libf77blas.so /usr/lib/x86_64-linux-gnu/libatlas.so 
/usr/bin/ld: CMakeFiles/cmTC_09e81.dir/CheckFunctionExists.c.o: in function `main':
CheckFunctionExists.c:(.text+0x14): undefined reference to `cheev_'
collect2: error: ld returned 1 exit status
make[1]: *** [CMakeFiles/cmTC_09e81.dir/build.make:89: cmTC_09e81] Error 1
make[1]: Leaving directory '/home/xinyao/SAR_ROS/catkin_ws/build/slam_toolbox/CMakeFiles/CMakeTmp'
make: *** [Makefile:121: cmTC_09e81/fast] Error 2



