Performing C SOURCE FILE Test CMAKE_HAVE_LIBC_PTHREAD failed with the following output:
Change Dir: /home/xinyao/SAR_ROS/catkin_ws/build/m1n6s300_ikfast/CMakeFiles/CMakeTmp

Run Build Command(s):/usr/bin/make cmTC_78d93/fast && /usr/bin/make -f CMakeFiles/cmTC_78d93.dir/build.make CMakeFiles/cmTC_78d93.dir/build
make[1]: Entering directory '/home/xinyao/SAR_ROS/catkin_ws/build/m1n6s300_ikfast/CMakeFiles/CMakeTmp'
Building C object CMakeFiles/cmTC_78d93.dir/src.c.o
/usr/bin/cc   -DCMAKE_HAVE_LIBC_PTHREAD   -o CMakeFiles/cmTC_78d93.dir/src.c.o   -c /home/xinyao/SAR_ROS/catkin_ws/build/m1n6s300_ikfast/CMakeFiles/CMakeTmp/src.c
Linking C executable cmTC_78d93
/usr/bin/cmake -E cmake_link_script CMakeFiles/cmTC_78d93.dir/link.txt --verbose=1
/usr/bin/cc  -DCMAKE_HAVE_LIBC_PTHREAD    -rdynamic CMakeFiles/cmTC_78d93.dir/src.c.o  -o cmTC_78d93 
/usr/bin/ld: CMakeFiles/cmTC_78d93.dir/src.c.o: in function `main':
src.c:(.text+0x46): undefined reference to `pthread_create'
/usr/bin/ld: src.c:(.text+0x52): undefined reference to `pthread_detach'
/usr/bin/ld: src.c:(.text+0x63): undefined reference to `pthread_join'
collect2: error: ld returned 1 exit status
make[1]: *** [CMakeFiles/cmTC_78d93.dir/build.make:87: cmTC_78d93] Error 1
make[1]: Leaving directory '/home/xinyao/SAR_ROS/catkin_ws/build/m1n6s300_ikfast/CMakeFiles/CMakeTmp'
make: *** [Makefile:121: cmTC_78d93/fast] Error 2


Source file was:
#include <pthread.h>

void* test_func(void* data)
{
  return data;
}

int main(void)
{
  pthread_t thread;
  pthread_create(&thread, NULL, test_func, NULL);
  pthread_detach(thread);
  pthread_join(thread, NULL);
  pthread_atfork(NULL, NULL, NULL);
  pthread_exit(NULL);

  return 0;
}

Determining if the function pthread_create exists in the pthreads failed with the following output:
Change Dir: /home/xinyao/SAR_ROS/catkin_ws/build/m1n6s300_ikfast/CMakeFiles/CMakeTmp

Run Build Command(s):/usr/bin/make cmTC_14fb9/fast && /usr/bin/make -f CMakeFiles/cmTC_14fb9.dir/build.make CMakeFiles/cmTC_14fb9.dir/build
make[1]: Entering directory '/home/xinyao/SAR_ROS/catkin_ws/build/m1n6s300_ikfast/CMakeFiles/CMakeTmp'
Building C object CMakeFiles/cmTC_14fb9.dir/CheckFunctionExists.c.o
/usr/bin/cc   -DCHECK_FUNCTION_EXISTS=pthread_create   -o CMakeFiles/cmTC_14fb9.dir/CheckFunctionExists.c.o   -c /usr/share/cmake-3.16/Modules/CheckFunctionExists.c
Linking C executable cmTC_14fb9
/usr/bin/cmake -E cmake_link_script CMakeFiles/cmTC_14fb9.dir/link.txt --verbose=1
/usr/bin/cc  -DCHECK_FUNCTION_EXISTS=pthread_create    -rdynamic CMakeFiles/cmTC_14fb9.dir/CheckFunctionExists.c.o  -o cmTC_14fb9  -lpthreads 
/usr/bin/ld: cannot find -lpthreads
collect2: error: ld returned 1 exit status
make[1]: *** [CMakeFiles/cmTC_14fb9.dir/build.make:87: cmTC_14fb9] Error 1
make[1]: Leaving directory '/home/xinyao/SAR_ROS/catkin_ws/build/m1n6s300_ikfast/CMakeFiles/CMakeTmp'
make: *** [Makefile:121: cmTC_14fb9/fast] Error 2



Determining if the function sgemm_ exists failed with the following output:
Change Dir: /home/xinyao/SAR_ROS/catkin_ws/build/m1n6s300_ikfast/CMakeFiles/CMakeTmp

Run Build Command(s):/usr/bin/make cmTC_b8723/fast && /usr/bin/make -f CMakeFiles/cmTC_b8723.dir/build.make CMakeFiles/cmTC_b8723.dir/build
make[1]: Entering directory '/home/xinyao/SAR_ROS/catkin_ws/build/m1n6s300_ikfast/CMakeFiles/CMakeTmp'
Building C object CMakeFiles/cmTC_b8723.dir/CheckFunctionExists.c.o
/usr/bin/cc   -DCHECK_FUNCTION_EXISTS=sgemm_   -o CMakeFiles/cmTC_b8723.dir/CheckFunctionExists.c.o   -c /usr/share/cmake-3.16/Modules/CheckFunctionExists.c
Linking C executable cmTC_b8723
/usr/bin/cmake -E cmake_link_script CMakeFiles/cmTC_b8723.dir/link.txt --verbose=1
/usr/bin/cc  -DCHECK_FUNCTION_EXISTS=sgemm_    -rdynamic CMakeFiles/cmTC_b8723.dir/CheckFunctionExists.c.o  -o cmTC_b8723 
/usr/bin/ld: CMakeFiles/cmTC_b8723.dir/CheckFunctionExists.c.o: in function `main':
CheckFunctionExists.c:(.text+0x14): undefined reference to `sgemm_'
collect2: error: ld returned 1 exit status
make[1]: *** [CMakeFiles/cmTC_b8723.dir/build.make:87: cmTC_b8723] Error 1
make[1]: Leaving directory '/home/xinyao/SAR_ROS/catkin_ws/build/m1n6s300_ikfast/CMakeFiles/CMakeTmp'
make: *** [Makefile:121: cmTC_b8723/fast] Error 2



Determining if the function cheev_ exists failed with the following output:
Change Dir: /home/xinyao/SAR_ROS/catkin_ws/build/m1n6s300_ikfast/CMakeFiles/CMakeTmp

Run Build Command(s):/usr/bin/make cmTC_b270b/fast && /usr/bin/make -f CMakeFiles/cmTC_b270b.dir/build.make CMakeFiles/cmTC_b270b.dir/build
make[1]: Entering directory '/home/xinyao/SAR_ROS/catkin_ws/build/m1n6s300_ikfast/CMakeFiles/CMakeTmp'
Building C object CMakeFiles/cmTC_b270b.dir/CheckFunctionExists.c.o
/usr/bin/cc   -DCHECK_FUNCTION_EXISTS=cheev_   -o CMakeFiles/cmTC_b270b.dir/CheckFunctionExists.c.o   -c /usr/share/cmake-3.16/Modules/CheckFunctionExists.c
Linking C executable cmTC_b270b
/usr/bin/cmake -E cmake_link_script CMakeFiles/cmTC_b270b.dir/link.txt --verbose=1
/usr/bin/cc  -DCHECK_FUNCTION_EXISTS=cheev_    -rdynamic CMakeFiles/cmTC_b270b.dir/CheckFunctionExists.c.o  -o cmTC_b270b  /usr/lib/x86_64-linux-gnu/libf77blas.so /usr/lib/x86_64-linux-gnu/libatlas.so 
/usr/bin/ld: CMakeFiles/cmTC_b270b.dir/CheckFunctionExists.c.o: in function `main':
CheckFunctionExists.c:(.text+0x14): undefined reference to `cheev_'
collect2: error: ld returned 1 exit status
make[1]: *** [CMakeFiles/cmTC_b270b.dir/build.make:89: cmTC_b270b] Error 1
make[1]: Leaving directory '/home/xinyao/SAR_ROS/catkin_ws/build/m1n6s300_ikfast/CMakeFiles/CMakeTmp'
make: *** [Makefile:121: cmTC_b270b/fast] Error 2



