[35m[1mScanning dependencies of target tf2_msgs_generate_messages_cpp[0m
[35m[1mScanning dependencies of target nodelet_generate_messages_py[0m
[  0%] Built target tf2_msgs_generate_messages_cpp
[  0%] Built target nodelet_generate_messages_py
[35m[1mScanning dependencies of target bond_generate_messages_nodejs[0m
[35m[1mScanning dependencies of target std_srvs_generate_messages_nodejs[0m
[35m[1mScanning dependencies of target nodelet_generate_messages_nodejs[0m
[  0%] Built target bond_generate_messages_nodejs
[  0%] Built target std_srvs_generate_messages_nodejs
[35m[1mScanning dependencies of target nodelet_generate_messages_eus[0m
[35m[1mScanning dependencies of target pcl_msgs_generate_messages_py[0m
[  0%] Built target nodelet_generate_messages_nodejs
[  0%] Built target nodelet_generate_messages_eus
[  0%] Built target pcl_msgs_generate_messages_py
[35m[1mScanning dependencies of target pcl_msgs_generate_messages_lisp[0m
[35m[1mScanning dependencies of target pcl_msgs_generate_messages_eus[0m
[35m[1mScanning dependencies of target pcl_msgs_generate_messages_nodejs[0m
[  0%] Built target pcl_msgs_generate_messages_lisp
[  0%] Built target pcl_msgs_generate_messages_nodejs
[35m[1mScanning dependencies of target rosgraph_msgs_generate_messages_nodejs[0m
[35m[1mScanning dependencies of target pcl_ros_gencfg[0m
[  0%] Built target rosgraph_msgs_generate_messages_nodejs
[  0%] Built target pcl_msgs_generate_messages_eus
[  0%] Built target pcl_ros_gencfg
[35m[1mScanning dependencies of target rosgraph_msgs_generate_messages_eus[0m
[35m[1mScanning dependencies of target rosgraph_msgs_generate_messages_cpp[0m
[  0%] Built target rosgraph_msgs_generate_messages_cpp
[  0%] Built target rosgraph_msgs_generate_messages_eus
[35m[1mScanning dependencies of target actionlib_generate_messages_eus[0m
[35m[1mScanning dependencies of target roscpp_generate_messages_nodejs[0m
[  0%] Built target actionlib_generate_messages_eus
[  0%] Built target roscpp_generate_messages_nodejs
[35m[1mScanning dependencies of target roscpp_generate_messages_eus[0m
[  0%] Built target roscpp_generate_messages_eus
[35m[1mScanning dependencies of target geometry_msgs_generate_messages_nodejs[0m
[35m[1mScanning dependencies of target dynamic_reconfigure_generate_messages_cpp[0m
[35m[1mScanning dependencies of target dynamic_reconfigure_generate_messages_eus[0m
[35m[1mScanning dependencies of target geometry_msgs_generate_messages_cpp[0m
[  0%] Built target geometry_msgs_generate_messages_nodejs
[  0%] Built target dynamic_reconfigure_generate_messages_eus
[  0%] Built target dynamic_reconfigure_generate_messages_cpp
[  0%] Built target geometry_msgs_generate_messages_cpp
[35m[1mScanning dependencies of target ar_track_alvar_msgs_generate_messages_cpp[0m
[35m[1mScanning dependencies of target ar_track_alvar_msgs_generate_messages_lisp[0m
[  0%] Built target ar_track_alvar_msgs_generate_messages_cpp
[  0%] Built target ar_track_alvar_msgs_generate_messages_lisp
[35m[1mScanning dependencies of target visualization_msgs_generate_messages_eus[0m
[35m[1mScanning dependencies of target visualization_msgs_generate_messages_nodejs[0m
[  0%] Built target visualization_msgs_generate_messages_eus
[  0%] Built target visualization_msgs_generate_messages_nodejs
[35m[1mScanning dependencies of target rosgraph_msgs_generate_messages_lisp[0m
[  0%] Built target rosgraph_msgs_generate_messages_lisp
[35m[1mScanning dependencies of target rosgraph_msgs_generate_messages_py[0m
[35m[1mScanning dependencies of target actionlib_msgs_generate_messages_py[0m
[  0%] Built target rosgraph_msgs_generate_messages_py
[  0%] Built target actionlib_msgs_generate_messages_py
[35m[1mScanning dependencies of target std_srvs_generate_messages_cpp[0m
[  0%] Built target std_srvs_generate_messages_cpp
[35m[1mScanning dependencies of target dynamic_reconfigure_generate_messages_py[0m
[  0%] Built target dynamic_reconfigure_generate_messages_py
[35m[1mScanning dependencies of target actionlib_msgs_generate_messages_eus[0m
[  0%] Built target actionlib_msgs_generate_messages_eus
[35m[1mScanning dependencies of target std_msgs_generate_messages_lisp[0m
[  0%] Built target std_msgs_generate_messages_lisp
[35m[1mScanning dependencies of target ar_track_alvar_msgs_generate_messages_py[0m
[  0%] Built target ar_track_alvar_msgs_generate_messages_py
[35m[1mScanning dependencies of target nodelet_generate_messages_lisp[0m
[  0%] Built target nodelet_generate_messages_lisp
[35m[1mScanning dependencies of target std_msgs_generate_messages_nodejs[0m
[  0%] Built target std_msgs_generate_messages_nodejs
[35m[1mScanning dependencies of target geometry_msgs_generate_messages_lisp[0m
[  0%] Built target geometry_msgs_generate_messages_lisp
[35m[1mScanning dependencies of target ar_track_alvar_msgs_generate_messages_eus[0m
[  0%] Built target ar_track_alvar_msgs_generate_messages_eus
[35m[1mScanning dependencies of target tf_generate_messages_py[0m
[  0%] Built target tf_generate_messages_py
[35m[1mScanning dependencies of target ar_track_alvar_msgs_generate_messages_nodejs[0m
[  0%] Built target ar_track_alvar_msgs_generate_messages_nodejs
[35m[1mScanning dependencies of target actionlib_msgs_generate_messages_lisp[0m
[35m[1mScanning dependencies of target actionlib_msgs_generate_messages_nodejs[0m
[  0%] Built target actionlib_msgs_generate_messages_lisp
[  0%] Built target actionlib_msgs_generate_messages_nodejs
[35m[1mScanning dependencies of target ar_track_alvar_gencfg[0m
[35m[1mScanning dependencies of target tf2_msgs_generate_messages_eus[0m
[35m[1mScanning dependencies of target geometry_msgs_generate_messages_py[0m
[  2%] [34m[1mGenerating dynamic reconfigure files from cfg/Params.cfg: /home/xinyao/SAR_ROS/catkin_ws/devel/.private/ar_track_alvar/include/ar_track_alvar/ParamsConfig.h /home/xinyao/SAR_ROS/catkin_ws/devel/.private/ar_track_alvar/lib/python3/dist-packages/ar_track_alvar/cfg/ParamsConfig.py[0m
[  2%] Built target tf2_msgs_generate_messages_eus
[35m[1mScanning dependencies of target bond_generate_messages_lisp[0m
[  2%] Built target geometry_msgs_generate_messages_py
[35m[1mScanning dependencies of target nodelet_topic_tools_gencfg[0m
[  2%] Built target bond_generate_messages_lisp
[  2%] Built target nodelet_topic_tools_gencfg
[35m[1mScanning dependencies of target sensor_msgs_generate_messages_eus[0m
[  2%] Built target sensor_msgs_generate_messages_eus
[35m[1mScanning dependencies of target tf_generate_messages_eus[0m
[35m[1mScanning dependencies of target visualization_msgs_generate_messages_cpp[0m
[  2%] Built target tf_generate_messages_eus
[  2%] Built target visualization_msgs_generate_messages_cpp
Generating reconfiguration files for Params in ar_track_alvar
Wrote header file in /home/xinyao/SAR_ROS/catkin_ws/devel/.private/ar_track_alvar/include/ar_track_alvar/ParamsConfig.h
[  2%] Built target ar_track_alvar_gencfg
[35m[1mScanning dependencies of target bond_generate_messages_eus[0m
[  2%] Built target bond_generate_messages_eus
[35m[1mScanning dependencies of target bond_generate_messages_cpp[0m
[35m[1mScanning dependencies of target dynamic_reconfigure_generate_messages_nodejs[0m
[  2%] Built target bond_generate_messages_cpp
[  2%] Built target dynamic_reconfigure_generate_messages_nodejs
[35m[1mScanning dependencies of target tf2_msgs_generate_messages_py[0m
[  2%] Built target tf2_msgs_generate_messages_py
[35m[1mScanning dependencies of target roscpp_generate_messages_py[0m
[  2%] Built target roscpp_generate_messages_py
[35m[1mScanning dependencies of target sensor_msgs_generate_messages_nodejs[0m
[  2%] Built target sensor_msgs_generate_messages_nodejs
[35m[1mScanning dependencies of target geometry_msgs_generate_messages_eus[0m
[  2%] Built target geometry_msgs_generate_messages_eus
[35m[1mScanning dependencies of target std_msgs_generate_messages_py[0m
[  2%] Built target std_msgs_generate_messages_py
[35m[1mScanning dependencies of target dynamic_reconfigure_gencfg[0m
[  2%] Built target dynamic_reconfigure_gencfg
[35m[1mScanning dependencies of target pcl_msgs_generate_messages_cpp[0m
[  2%] Built target pcl_msgs_generate_messages_cpp
[35m[1mScanning dependencies of target sensor_msgs_generate_messages_cpp[0m
[  2%] Built target sensor_msgs_generate_messages_cpp
[35m[1mScanning dependencies of target roscpp_generate_messages_cpp[0m
[  2%] Built target roscpp_generate_messages_cpp
[35m[1mScanning dependencies of target dynamic_reconfigure_generate_messages_lisp[0m
[  2%] Built target dynamic_reconfigure_generate_messages_lisp
[35m[1mScanning dependencies of target std_srvs_generate_messages_eus[0m
[  2%] Built target std_srvs_generate_messages_eus
[35m[1mScanning dependencies of target roscpp_generate_messages_lisp[0m
[  2%] Built target roscpp_generate_messages_lisp
[35m[1mScanning dependencies of target std_msgs_generate_messages_eus[0m
[  2%] Built target std_msgs_generate_messages_eus
[35m[1mScanning dependencies of target std_srvs_generate_messages_lisp[0m
[  2%] Built target std_srvs_generate_messages_lisp
[35m[1mScanning dependencies of target topic_tools_generate_messages_cpp[0m
[  2%] Built target topic_tools_generate_messages_cpp
[35m[1mScanning dependencies of target visualization_msgs_generate_messages_py[0m
[  2%] Built target visualization_msgs_generate_messages_py
[35m[1mScanning dependencies of target topic_tools_generate_messages_eus[0m
[  2%] Built target topic_tools_generate_messages_eus
[35m[1mScanning dependencies of target topic_tools_generate_messages_lisp[0m
[  2%] Built target topic_tools_generate_messages_lisp
[35m[1mScanning dependencies of target topic_tools_generate_messages_nodejs[0m
[  2%] Built target topic_tools_generate_messages_nodejs
[35m[1mScanning dependencies of target tf_generate_messages_cpp[0m
[  2%] Built target tf_generate_messages_cpp
[35m[1mScanning dependencies of target tf_generate_messages_lisp[0m
[  2%] Built target tf_generate_messages_lisp
[35m[1mScanning dependencies of target tf_generate_messages_nodejs[0m
[  2%] Built target tf_generate_messages_nodejs
[35m[1mScanning dependencies of target topic_tools_generate_messages_py[0m
[35m[1mScanning dependencies of target actionlib_generate_messages_lisp[0m
[  2%] Built target topic_tools_generate_messages_py
[  2%] Built target actionlib_generate_messages_lisp
[35m[1mScanning dependencies of target actionlib_generate_messages_cpp[0m
[  2%] Built target actionlib_generate_messages_cpp
[35m[1mScanning dependencies of target std_srvs_generate_messages_py[0m
[  2%] Built target std_srvs_generate_messages_py
[35m[1mScanning dependencies of target actionlib_generate_messages_nodejs[0m
[  2%] Built target actionlib_generate_messages_nodejs
[35m[1mScanning dependencies of target actionlib_generate_messages_py[0m
[  2%] Built target actionlib_generate_messages_py
[35m[1mScanning dependencies of target sensor_msgs_generate_messages_lisp[0m
[35m[1mScanning dependencies of target tf2_msgs_generate_messages_lisp[0m
[35m[1mScanning dependencies of target nodelet_generate_messages_cpp[0m
[  2%] Built target tf2_msgs_generate_messages_lisp
[  2%] Built target nodelet_generate_messages_cpp
[35m[1mScanning dependencies of target tf2_msgs_generate_messages_nodejs[0m
[  2%] Built target sensor_msgs_generate_messages_lisp
[35m[1mScanning dependencies of target actionlib_msgs_generate_messages_cpp[0m
[  2%] Built target tf2_msgs_generate_messages_nodejs
[35m[1mScanning dependencies of target visualization_msgs_generate_messages_lisp[0m
[  2%] Built target actionlib_msgs_generate_messages_cpp
[  2%] Built target visualization_msgs_generate_messages_lisp
[35m[1mScanning dependencies of target sensor_msgs_generate_messages_py[0m
[  2%] Built target sensor_msgs_generate_messages_py
[35m[1mScanning dependencies of target std_msgs_generate_messages_cpp[0m
[  2%] Built target std_msgs_generate_messages_cpp
[35m[1mScanning dependencies of target bond_generate_messages_py[0m
[  2%] Built target bond_generate_messages_py
[35m[1mScanning dependencies of target ar_track_alvar[0m
[35m[1mScanning dependencies of target kinect_filtering[0m
[  4%] [32mBuilding CXX object CMakeFiles/ar_track_alvar.dir/src/Bitset.cpp.o[0m
[  6%] [32mBuilding CXX object CMakeFiles/ar_track_alvar.dir/src/Camera.cpp.o[0m
[  8%] [32mBuilding CXX object CMakeFiles/kinect_filtering.dir/src/kinect_filtering.cpp.o[0m
[ 10%] [32mBuilding CXX object CMakeFiles/ar_track_alvar.dir/src/CaptureDevice.cpp.o[0m
[ 12%] [32mBuilding CXX object CMakeFiles/ar_track_alvar.dir/src/CaptureFactory.cpp.o[0m
[ 14%] [32mBuilding CXX object CMakeFiles/ar_track_alvar.dir/src/CaptureFactory_unix.cpp.o[0m
[ 17%] [32mBuilding CXX object CMakeFiles/ar_track_alvar.dir/src/ConnectedComponents.cpp.o[0m
[ 19%] [32mBuilding CXX object CMakeFiles/ar_track_alvar.dir/src/CvTestbed.cpp.o[0m
[ 21%] [32mBuilding CXX object CMakeFiles/ar_track_alvar.dir/src/DirectoryIterator.cpp.o[0m
[ 23%] [32mBuilding CXX object CMakeFiles/ar_track_alvar.dir/src/DirectoryIterator_unix.cpp.o[0m
[ 25%] [32mBuilding CXX object CMakeFiles/ar_track_alvar.dir/src/Draw.cpp.o[0m
[ 27%] [32mBuilding CXX object CMakeFiles/ar_track_alvar.dir/src/FileFormatUtils.cpp.o[0m
[ 29%] [32mBuilding CXX object CMakeFiles/ar_track_alvar.dir/src/Filter.cpp.o[0m
[ 31%] [32mBuilding CXX object CMakeFiles/ar_track_alvar.dir/src/Kalman.cpp.o[0m
[ 34%] [32mBuilding CXX object CMakeFiles/ar_track_alvar.dir/src/Line.cpp.o[0m
[ 36%] [32mBuilding CXX object CMakeFiles/ar_track_alvar.dir/src/Marker.cpp.o[0m
[ 38%] [32mBuilding CXX object CMakeFiles/ar_track_alvar.dir/src/MarkerDetector.cpp.o[0m
[ 40%] [32mBuilding CXX object CMakeFiles/ar_track_alvar.dir/src/MultiMarker.cpp.o[0m
[ 42%] [32mBuilding CXX object CMakeFiles/ar_track_alvar.dir/src/MultiMarkerBundle.cpp.o[0m
[ 44%] [32mBuilding CXX object CMakeFiles/ar_track_alvar.dir/src/MultiMarkerInitializer.cpp.o[0m
[ 46%] [32mBuilding CXX object CMakeFiles/ar_track_alvar.dir/src/Mutex.cpp.o[0m
[ 48%] [32m[1mLinking CXX shared library /home/xinyao/SAR_ROS/catkin_ws/devel/.private/ar_track_alvar/lib/libkinect_filtering.so[0m
[ 48%] Built target kinect_filtering
[ 51%] [32mBuilding CXX object CMakeFiles/ar_track_alvar.dir/src/Mutex_unix.cpp.o[0m
[ 53%] [32mBuilding CXX object CMakeFiles/ar_track_alvar.dir/src/Optimization.cpp.o[0m
[ 55%] [32mBuilding CXX object CMakeFiles/ar_track_alvar.dir/src/Plugin.cpp.o[0m
[ 57%] [32mBuilding CXX object CMakeFiles/ar_track_alvar.dir/src/Plugin_unix.cpp.o[0m
[ 59%] [32mBuilding CXX object CMakeFiles/ar_track_alvar.dir/src/Pose.cpp.o[0m
[ 61%] [32mBuilding CXX object CMakeFiles/ar_track_alvar.dir/src/Rotation.cpp.o[0m
[ 63%] [32mBuilding CXX object CMakeFiles/ar_track_alvar.dir/src/Threads.cpp.o[0m
[ 65%] [32mBuilding CXX object CMakeFiles/ar_track_alvar.dir/src/Threads_unix.cpp.o[0m
[ 68%] [32mBuilding CXX object CMakeFiles/ar_track_alvar.dir/src/Util.cpp.o[0m
[ 70%] [32m[1mLinking CXX shared library /home/xinyao/SAR_ROS/catkin_ws/devel/.private/ar_track_alvar/lib/libar_track_alvar.so[0m
[ 70%] Built target ar_track_alvar
[35m[1mScanning dependencies of target individualMarkersNoKinect[0m
[ 72%] [32mBuilding CXX object CMakeFiles/individualMarkersNoKinect.dir/nodes/IndividualMarkersNoKinect.cpp.o[0m
[35m[1mScanning dependencies of target trainMarkerBundle[0m
[ 74%] [32mBuilding CXX object CMakeFiles/trainMarkerBundle.dir/nodes/TrainMarkerBundle.cpp.o[0m
[35m[1mScanning dependencies of target createMarker[0m
[ 76%] [32mBuilding CXX object CMakeFiles/createMarker.dir/src/SampleMarkerCreator.cpp.o[0m
[35m[1mScanning dependencies of target medianFilter[0m
[ 78%] [32mBuilding CXX object CMakeFiles/medianFilter.dir/src/medianFilter.cpp.o[0m
[35m[1mScanning dependencies of target individualMarkers[0m
[ 80%] [32mBuilding CXX object CMakeFiles/individualMarkers.dir/nodes/IndividualMarkers.cpp.o[0m
[35m[1mScanning dependencies of target findMarkerBundlesNoKinect[0m
[ 82%] [32m[1mLinking CXX shared library /home/xinyao/SAR_ROS/catkin_ws/devel/.private/ar_track_alvar/lib/libmedianFilter.so[0m
[ 85%] [32mBuilding CXX object CMakeFiles/findMarkerBundlesNoKinect.dir/nodes/FindMarkerBundlesNoKinect.cpp.o[0m
[ 85%] Built target medianFilter
[35m[1mScanning dependencies of target findMarkerBundles[0m
[ 87%] [32mBuilding CXX object CMakeFiles/findMarkerBundles.dir/nodes/FindMarkerBundles.cpp.o[0m
[ 89%] [32m[1mLinking CXX executable /home/xinyao/SAR_ROS/catkin_ws/devel/.private/ar_track_alvar/lib/ar_track_alvar/individualMarkersNoKinect[0m
[ 91%] [32m[1mLinking CXX executable /home/xinyao/SAR_ROS/catkin_ws/devel/.private/ar_track_alvar/lib/ar_track_alvar/createMarker[0m
[ 93%] [32m[1mLinking CXX executable /home/xinyao/SAR_ROS/catkin_ws/devel/.private/ar_track_alvar/lib/ar_track_alvar/trainMarkerBundle[0m
[ 93%] Built target createMarker
[ 93%] Built target individualMarkersNoKinect
[ 93%] Built target trainMarkerBundle
[ 95%] [32m[1mLinking CXX executable /home/xinyao/SAR_ROS/catkin_ws/devel/.private/ar_track_alvar/lib/ar_track_alvar/individualMarkers[0m
[ 97%] [32m[1mLinking CXX executable /home/xinyao/SAR_ROS/catkin_ws/devel/.private/ar_track_alvar/lib/ar_track_alvar/findMarkerBundlesNoKinect[0m
[ 97%] Built target findMarkerBundlesNoKinect
[ 97%] Built target individualMarkers
[100%] [32m[1mLinking CXX executable /home/xinyao/SAR_ROS/catkin_ws/devel/.private/ar_track_alvar/lib/ar_track_alvar/findMarkerBundles[0m
[100%] Built target findMarkerBundles
