Symlinking /home/xinyao/SAR_ROS/catkin_ws/devel/include/xarm_msgs/SetDigitalIORequest.h
Symlinking /home/xinyao/SAR_ROS/catkin_ws/devel/include/xarm_msgs/SetDigitalIO.h
Symlinking /home/xinyao/SAR_ROS/catkin_ws/devel/include/xarm_msgs/GetErr.h
Symlinking /home/xinyao/SAR_ROS/catkin_ws/devel/include/xarm_msgs/SetLoadRequest.h
Symlinking /home/xinyao/SAR_ROS/catkin_ws/devel/include/xarm_msgs/SetAxis.h
Symlinking /home/xinyao/SAR_ROS/catkin_ws/devel/include/xarm_msgs/SetAxisResponse.h
Symlinking /home/xinyao/SAR_ROS/catkin_ws/devel/include/xarm_msgs/SetInt16.h
Symlinking /home/xinyao/SAR_ROS/catkin_ws/devel/include/xarm_msgs/SetToolModbus.h
Symlinking /home/xinyao/SAR_ROS/catkin_ws/devel/include/xarm_msgs/MoveRequest.h
Symlinking /home/xinyao/SAR_ROS/catkin_ws/devel/include/xarm_msgs/GripperMoveResponse.h
Symlinking /home/xinyao/SAR_ROS/catkin_ws/devel/include/xarm_msgs/SetDigitalIOResponse.h
Symlinking /home/xinyao/SAR_ROS/catkin_ws/devel/include/xarm_msgs/GetAnalogIORequest.h
Symlinking /home/xinyao/SAR_ROS/catkin_ws/devel/include/xarm_msgs/GripperConfig.h
Symlinking /home/xinyao/SAR_ROS/catkin_ws/devel/include/xarm_msgs/GetControllerDigitalIOResponse.h
Symlinking /home/xinyao/SAR_ROS/catkin_ws/devel/include/xarm_msgs/ClearErrRequest.h
Symlinking /home/xinyao/SAR_ROS/catkin_ws/devel/include/xarm_msgs/TCPOffsetResponse.h
Symlinking /home/xinyao/SAR_ROS/catkin_ws/devel/include/xarm_msgs/SetLoadResponse.h
Symlinking /home/xinyao/SAR_ROS/catkin_ws/devel/include/xarm_msgs/ClearErrResponse.h
Symlinking /home/xinyao/SAR_ROS/catkin_ws/devel/include/xarm_msgs/SetInt16Request.h
Symlinking /home/xinyao/SAR_ROS/catkin_ws/devel/include/xarm_msgs/GetErrResponse.h
Symlinking /home/xinyao/SAR_ROS/catkin_ws/devel/include/xarm_msgs/MoveResponse.h
Symlinking /home/xinyao/SAR_ROS/catkin_ws/devel/include/xarm_msgs/ConfigToolModbusRequest.h
Symlinking /home/xinyao/SAR_ROS/catkin_ws/devel/include/xarm_msgs/GetDigitalIO.h
Symlinking /home/xinyao/SAR_ROS/catkin_ws/devel/include/xarm_msgs/GripperConfigRequest.h
Symlinking /home/xinyao/SAR_ROS/catkin_ws/devel/include/xarm_msgs/GetAnalogIO.h
Symlinking /home/xinyao/SAR_ROS/catkin_ws/devel/include/xarm_msgs/GetDigitalIORequest.h
Symlinking /home/xinyao/SAR_ROS/catkin_ws/devel/include/xarm_msgs/GripperStateResponse.h
Symlinking /home/xinyao/SAR_ROS/catkin_ws/devel/include/xarm_msgs/SetAxisRequest.h
Symlinking /home/xinyao/SAR_ROS/catkin_ws/devel/include/xarm_msgs/TCPOffsetRequest.h
Symlinking /home/xinyao/SAR_ROS/catkin_ws/devel/include/xarm_msgs/GetDigitalIOResponse.h
Symlinking /home/xinyao/SAR_ROS/catkin_ws/devel/include/xarm_msgs/GetControllerDigitalIO.h
Symlinking /home/xinyao/SAR_ROS/catkin_ws/devel/include/xarm_msgs/IOState.h
Symlinking /home/xinyao/SAR_ROS/catkin_ws/devel/include/xarm_msgs/ClearErr.h
Symlinking /home/xinyao/SAR_ROS/catkin_ws/devel/include/xarm_msgs/TCPOffset.h
Symlinking /home/xinyao/SAR_ROS/catkin_ws/devel/include/xarm_msgs/GripperMoveRequest.h
Symlinking /home/xinyao/SAR_ROS/catkin_ws/devel/include/xarm_msgs/ConfigToolModbusResponse.h
Symlinking /home/xinyao/SAR_ROS/catkin_ws/devel/include/xarm_msgs/Move.h
Symlinking /home/xinyao/SAR_ROS/catkin_ws/devel/include/xarm_msgs/RobotMsg.h
Symlinking /home/xinyao/SAR_ROS/catkin_ws/devel/include/xarm_msgs/SetLoad.h
Symlinking /home/xinyao/SAR_ROS/catkin_ws/devel/include/xarm_msgs/GetAnalogIOResponse.h
Symlinking /home/xinyao/SAR_ROS/catkin_ws/devel/include/xarm_msgs/SetToolModbusRequest.h
Symlinking /home/xinyao/SAR_ROS/catkin_ws/devel/include/xarm_msgs/GripperMove.h
Symlinking /home/xinyao/SAR_ROS/catkin_ws/devel/include/xarm_msgs/ConfigToolModbus.h
Symlinking /home/xinyao/SAR_ROS/catkin_ws/devel/include/xarm_msgs/GripperStateRequest.h
Symlinking /home/xinyao/SAR_ROS/catkin_ws/devel/include/xarm_msgs/GripperConfigResponse.h
Symlinking /home/xinyao/SAR_ROS/catkin_ws/devel/include/xarm_msgs/GetControllerDigitalIORequest.h
Symlinking /home/xinyao/SAR_ROS/catkin_ws/devel/include/xarm_msgs/SetInt16Response.h
Symlinking /home/xinyao/SAR_ROS/catkin_ws/devel/include/xarm_msgs/SetToolModbusResponse.h
Symlinking /home/xinyao/SAR_ROS/catkin_ws/devel/include/xarm_msgs/GripperState.h
Symlinking /home/xinyao/SAR_ROS/catkin_ws/devel/include/xarm_msgs/GetErrRequest.h
Symlinking /home/xinyao/SAR_ROS/catkin_ws/devel/share/common-lisp/ros/xarm_msgs/msg/_package.lisp
Symlinking /home/xinyao/SAR_ROS/catkin_ws/devel/share/common-lisp/ros/xarm_msgs/msg/_package_IOState.lisp
Symlinking /home/xinyao/SAR_ROS/catkin_ws/devel/share/common-lisp/ros/xarm_msgs/msg/IOState.lisp
Symlinking /home/xinyao/SAR_ROS/catkin_ws/devel/share/common-lisp/ros/xarm_msgs/msg/xarm_msgs-msg.asd
Symlinking /home/xinyao/SAR_ROS/catkin_ws/devel/share/common-lisp/ros/xarm_msgs/msg/_package_RobotMsg.lisp
Symlinking /home/xinyao/SAR_ROS/catkin_ws/devel/share/common-lisp/ros/xarm_msgs/msg/RobotMsg.lisp
Symlinking /home/xinyao/SAR_ROS/catkin_ws/devel/share/common-lisp/ros/xarm_msgs/srv/ConfigToolModbus.lisp
Symlinking /home/xinyao/SAR_ROS/catkin_ws/devel/share/common-lisp/ros/xarm_msgs/srv/_package.lisp
Symlinking /home/xinyao/SAR_ROS/catkin_ws/devel/share/common-lisp/ros/xarm_msgs/srv/GetErr.lisp
Symlinking /home/xinyao/SAR_ROS/catkin_ws/devel/share/common-lisp/ros/xarm_msgs/srv/_package_GetErr.lisp
Symlinking /home/xinyao/SAR_ROS/catkin_ws/devel/share/common-lisp/ros/xarm_msgs/srv/SetInt16.lisp
Symlinking /home/xinyao/SAR_ROS/catkin_ws/devel/share/common-lisp/ros/xarm_msgs/srv/GetControllerDigitalIO.lisp
Symlinking /home/xinyao/SAR_ROS/catkin_ws/devel/share/common-lisp/ros/xarm_msgs/srv/Move.lisp
Symlinking /home/xinyao/SAR_ROS/catkin_ws/devel/share/common-lisp/ros/xarm_msgs/srv/TCPOffset.lisp
Symlinking /home/xinyao/SAR_ROS/catkin_ws/devel/share/common-lisp/ros/xarm_msgs/srv/GripperMove.lisp
Symlinking /home/xinyao/SAR_ROS/catkin_ws/devel/share/common-lisp/ros/xarm_msgs/srv/_package_SetInt16.lisp
Symlinking /home/xinyao/SAR_ROS/catkin_ws/devel/share/common-lisp/ros/xarm_msgs/srv/GripperConfig.lisp
Symlinking /home/xinyao/SAR_ROS/catkin_ws/devel/share/common-lisp/ros/xarm_msgs/srv/_package_GetControllerDigitalIO.lisp
Symlinking /home/xinyao/SAR_ROS/catkin_ws/devel/share/common-lisp/ros/xarm_msgs/srv/SetAxis.lisp
Symlinking /home/xinyao/SAR_ROS/catkin_ws/devel/share/common-lisp/ros/xarm_msgs/srv/GripperState.lisp
Symlinking /home/xinyao/SAR_ROS/catkin_ws/devel/share/common-lisp/ros/xarm_msgs/srv/_package_GetDigitalIO.lisp
Symlinking /home/xinyao/SAR_ROS/catkin_ws/devel/share/common-lisp/ros/xarm_msgs/srv/xarm_msgs-srv.asd
Symlinking /home/xinyao/SAR_ROS/catkin_ws/devel/share/common-lisp/ros/xarm_msgs/srv/SetToolModbus.lisp
Symlinking /home/xinyao/SAR_ROS/catkin_ws/devel/share/common-lisp/ros/xarm_msgs/srv/_package_SetLoad.lisp
Symlinking /home/xinyao/SAR_ROS/catkin_ws/devel/share/common-lisp/ros/xarm_msgs/srv/SetLoad.lisp
Symlinking /home/xinyao/SAR_ROS/catkin_ws/devel/share/common-lisp/ros/xarm_msgs/srv/_package_GripperConfig.lisp
Symlinking /home/xinyao/SAR_ROS/catkin_ws/devel/share/common-lisp/ros/xarm_msgs/srv/_package_GripperMove.lisp
Symlinking /home/xinyao/SAR_ROS/catkin_ws/devel/share/common-lisp/ros/xarm_msgs/srv/_package_TCPOffset.lisp
Symlinking /home/xinyao/SAR_ROS/catkin_ws/devel/share/common-lisp/ros/xarm_msgs/srv/_package_SetDigitalIO.lisp
Symlinking /home/xinyao/SAR_ROS/catkin_ws/devel/share/common-lisp/ros/xarm_msgs/srv/_package_SetToolModbus.lisp
Symlinking /home/xinyao/SAR_ROS/catkin_ws/devel/share/common-lisp/ros/xarm_msgs/srv/GetAnalogIO.lisp
Symlinking /home/xinyao/SAR_ROS/catkin_ws/devel/share/common-lisp/ros/xarm_msgs/srv/ClearErr.lisp
Symlinking /home/xinyao/SAR_ROS/catkin_ws/devel/share/common-lisp/ros/xarm_msgs/srv/_package_ClearErr.lisp
Symlinking /home/xinyao/SAR_ROS/catkin_ws/devel/share/common-lisp/ros/xarm_msgs/srv/_package_ConfigToolModbus.lisp
Symlinking /home/xinyao/SAR_ROS/catkin_ws/devel/share/common-lisp/ros/xarm_msgs/srv/SetDigitalIO.lisp
Symlinking /home/xinyao/SAR_ROS/catkin_ws/devel/share/common-lisp/ros/xarm_msgs/srv/_package_GripperState.lisp
Symlinking /home/xinyao/SAR_ROS/catkin_ws/devel/share/common-lisp/ros/xarm_msgs/srv/GetDigitalIO.lisp
Symlinking /home/xinyao/SAR_ROS/catkin_ws/devel/share/common-lisp/ros/xarm_msgs/srv/_package_GetAnalogIO.lisp
Symlinking /home/xinyao/SAR_ROS/catkin_ws/devel/share/common-lisp/ros/xarm_msgs/srv/_package_SetAxis.lisp
Symlinking /home/xinyao/SAR_ROS/catkin_ws/devel/share/common-lisp/ros/xarm_msgs/srv/_package_Move.lisp
Symlinking /home/xinyao/SAR_ROS/catkin_ws/devel/share/xarm_msgs/cmake/xarm_msgs-msg-extras.cmake
Symlinking /home/xinyao/SAR_ROS/catkin_ws/devel/share/xarm_msgs/cmake/xarm_msgs-msg-paths.cmake
Symlinking /home/xinyao/SAR_ROS/catkin_ws/devel/share/xarm_msgs/cmake/xarm_msgsConfig-version.cmake
Symlinking /home/xinyao/SAR_ROS/catkin_ws/devel/share/xarm_msgs/cmake/xarm_msgsConfig.cmake
Symlinking /home/xinyao/SAR_ROS/catkin_ws/devel/share/roseus/ros/xarm_msgs/manifest.l
Symlinking /home/xinyao/SAR_ROS/catkin_ws/devel/share/roseus/ros/xarm_msgs/msg/IOState.l
Symlinking /home/xinyao/SAR_ROS/catkin_ws/devel/share/roseus/ros/xarm_msgs/msg/RobotMsg.l
Symlinking /home/xinyao/SAR_ROS/catkin_ws/devel/share/roseus/ros/xarm_msgs/srv/SetInt16.l
Symlinking /home/xinyao/SAR_ROS/catkin_ws/devel/share/roseus/ros/xarm_msgs/srv/Move.l
Symlinking /home/xinyao/SAR_ROS/catkin_ws/devel/share/roseus/ros/xarm_msgs/srv/GripperConfig.l
Symlinking /home/xinyao/SAR_ROS/catkin_ws/devel/share/roseus/ros/xarm_msgs/srv/GetControllerDigitalIO.l
Symlinking /home/xinyao/SAR_ROS/catkin_ws/devel/share/roseus/ros/xarm_msgs/srv/ConfigToolModbus.l
Symlinking /home/xinyao/SAR_ROS/catkin_ws/devel/share/roseus/ros/xarm_msgs/srv/SetAxis.l
Symlinking /home/xinyao/SAR_ROS/catkin_ws/devel/share/roseus/ros/xarm_msgs/srv/GetAnalogIO.l
Symlinking /home/xinyao/SAR_ROS/catkin_ws/devel/share/roseus/ros/xarm_msgs/srv/GripperState.l
Symlinking /home/xinyao/SAR_ROS/catkin_ws/devel/share/roseus/ros/xarm_msgs/srv/GetDigitalIO.l
Symlinking /home/xinyao/SAR_ROS/catkin_ws/devel/share/roseus/ros/xarm_msgs/srv/GetErr.l
Symlinking /home/xinyao/SAR_ROS/catkin_ws/devel/share/roseus/ros/xarm_msgs/srv/TCPOffset.l
Symlinking /home/xinyao/SAR_ROS/catkin_ws/devel/share/roseus/ros/xarm_msgs/srv/SetLoad.l
Symlinking /home/xinyao/SAR_ROS/catkin_ws/devel/share/roseus/ros/xarm_msgs/srv/SetToolModbus.l
Symlinking /home/xinyao/SAR_ROS/catkin_ws/devel/share/roseus/ros/xarm_msgs/srv/SetDigitalIO.l
Symlinking /home/xinyao/SAR_ROS/catkin_ws/devel/share/roseus/ros/xarm_msgs/srv/GripperMove.l
Symlinking /home/xinyao/SAR_ROS/catkin_ws/devel/share/roseus/ros/xarm_msgs/srv/ClearErr.l
Symlinking /home/xinyao/SAR_ROS/catkin_ws/devel/share/gennodejs/ros/xarm_msgs/_index.js
Symlinking /home/xinyao/SAR_ROS/catkin_ws/devel/share/gennodejs/ros/xarm_msgs/msg/_index.js
Symlinking /home/xinyao/SAR_ROS/catkin_ws/devel/share/gennodejs/ros/xarm_msgs/msg/RobotMsg.js
Symlinking /home/xinyao/SAR_ROS/catkin_ws/devel/share/gennodejs/ros/xarm_msgs/msg/IOState.js
Symlinking /home/xinyao/SAR_ROS/catkin_ws/devel/share/gennodejs/ros/xarm_msgs/srv/SetDigitalIO.js
Symlinking /home/xinyao/SAR_ROS/catkin_ws/devel/share/gennodejs/ros/xarm_msgs/srv/ConfigToolModbus.js
Symlinking /home/xinyao/SAR_ROS/catkin_ws/devel/share/gennodejs/ros/xarm_msgs/srv/GetErr.js
Symlinking /home/xinyao/SAR_ROS/catkin_ws/devel/share/gennodejs/ros/xarm_msgs/srv/GetControllerDigitalIO.js
Symlinking /home/xinyao/SAR_ROS/catkin_ws/devel/share/gennodejs/ros/xarm_msgs/srv/GetDigitalIO.js
Symlinking /home/xinyao/SAR_ROS/catkin_ws/devel/share/gennodejs/ros/xarm_msgs/srv/SetToolModbus.js
Symlinking /home/xinyao/SAR_ROS/catkin_ws/devel/share/gennodejs/ros/xarm_msgs/srv/_index.js
Symlinking /home/xinyao/SAR_ROS/catkin_ws/devel/share/gennodejs/ros/xarm_msgs/srv/SetAxis.js
Symlinking /home/xinyao/SAR_ROS/catkin_ws/devel/share/gennodejs/ros/xarm_msgs/srv/GripperConfig.js
Symlinking /home/xinyao/SAR_ROS/catkin_ws/devel/share/gennodejs/ros/xarm_msgs/srv/GripperMove.js
Symlinking /home/xinyao/SAR_ROS/catkin_ws/devel/share/gennodejs/ros/xarm_msgs/srv/Move.js
Symlinking /home/xinyao/SAR_ROS/catkin_ws/devel/share/gennodejs/ros/xarm_msgs/srv/GetAnalogIO.js
Symlinking /home/xinyao/SAR_ROS/catkin_ws/devel/share/gennodejs/ros/xarm_msgs/srv/SetLoad.js
Symlinking /home/xinyao/SAR_ROS/catkin_ws/devel/share/gennodejs/ros/xarm_msgs/srv/GripperState.js
Symlinking /home/xinyao/SAR_ROS/catkin_ws/devel/share/gennodejs/ros/xarm_msgs/srv/SetInt16.js
Symlinking /home/xinyao/SAR_ROS/catkin_ws/devel/share/gennodejs/ros/xarm_msgs/srv/ClearErr.js
Symlinking /home/xinyao/SAR_ROS/catkin_ws/devel/share/gennodejs/ros/xarm_msgs/srv/TCPOffset.js
Symlinking /home/xinyao/SAR_ROS/catkin_ws/devel/lib/python3/dist-packages/xarm_msgs/__init__.py
Symlinking /home/xinyao/SAR_ROS/catkin_ws/devel/lib/python3/dist-packages/xarm_msgs/msg/_IOState.py
Symlinking /home/xinyao/SAR_ROS/catkin_ws/devel/lib/python3/dist-packages/xarm_msgs/msg/_RobotMsg.py
Symlinking /home/xinyao/SAR_ROS/catkin_ws/devel/lib/python3/dist-packages/xarm_msgs/msg/__init__.py
Symlinking /home/xinyao/SAR_ROS/catkin_ws/devel/lib/python3/dist-packages/xarm_msgs/srv/_GetDigitalIO.py
Symlinking /home/xinyao/SAR_ROS/catkin_ws/devel/lib/python3/dist-packages/xarm_msgs/srv/_GripperConfig.py
Symlinking /home/xinyao/SAR_ROS/catkin_ws/devel/lib/python3/dist-packages/xarm_msgs/srv/_GripperMove.py
Symlinking /home/xinyao/SAR_ROS/catkin_ws/devel/lib/python3/dist-packages/xarm_msgs/srv/_GetControllerDigitalIO.py
Symlinking /home/xinyao/SAR_ROS/catkin_ws/devel/lib/python3/dist-packages/xarm_msgs/srv/_Move.py
Symlinking /home/xinyao/SAR_ROS/catkin_ws/devel/lib/python3/dist-packages/xarm_msgs/srv/_GripperState.py
Symlinking /home/xinyao/SAR_ROS/catkin_ws/devel/lib/python3/dist-packages/xarm_msgs/srv/_TCPOffset.py
Symlinking /home/xinyao/SAR_ROS/catkin_ws/devel/lib/python3/dist-packages/xarm_msgs/srv/_SetAxis.py
Symlinking /home/xinyao/SAR_ROS/catkin_ws/devel/lib/python3/dist-packages/xarm_msgs/srv/_GetAnalogIO.py
Symlinking /home/xinyao/SAR_ROS/catkin_ws/devel/lib/python3/dist-packages/xarm_msgs/srv/_ConfigToolModbus.py
Symlinking /home/xinyao/SAR_ROS/catkin_ws/devel/lib/python3/dist-packages/xarm_msgs/srv/_SetToolModbus.py
Symlinking /home/xinyao/SAR_ROS/catkin_ws/devel/lib/python3/dist-packages/xarm_msgs/srv/_SetLoad.py
Symlinking /home/xinyao/SAR_ROS/catkin_ws/devel/lib/python3/dist-packages/xarm_msgs/srv/_GetErr.py
Symlinking /home/xinyao/SAR_ROS/catkin_ws/devel/lib/python3/dist-packages/xarm_msgs/srv/__init__.py
Symlinking /home/xinyao/SAR_ROS/catkin_ws/devel/lib/python3/dist-packages/xarm_msgs/srv/_ClearErr.py
Symlinking /home/xinyao/SAR_ROS/catkin_ws/devel/lib/python3/dist-packages/xarm_msgs/srv/_SetInt16.py
Symlinking /home/xinyao/SAR_ROS/catkin_ws/devel/lib/python3/dist-packages/xarm_msgs/srv/_SetDigitalIO.py
Symlinking /home/xinyao/SAR_ROS/catkin_ws/devel/lib/pkgconfig/xarm_msgs.pc
