Symlinking /home/xinyao/SAR_ROS/catkin_ws/devel/include/irlab_point_cloud_filtering/PointCloudFilteringRequest.h
Symlinking /home/xinyao/SAR_ROS/catkin_ws/devel/include/irlab_point_cloud_filtering/PointCloudFilteringResponse.h
Symlinking /home/xinyao/SAR_ROS/catkin_ws/devel/include/irlab_point_cloud_filtering/PointCloudFiltering.h
Symlinking /home/xinyao/SAR_ROS/catkin_ws/devel/share/common-lisp/ros/irlab_point_cloud_filtering/srv/_package.lisp
Symlinking /home/xinyao/SAR_ROS/catkin_ws/devel/share/common-lisp/ros/irlab_point_cloud_filtering/srv/PointCloudFiltering.lisp
Symlinking /home/xinyao/SAR_ROS/catkin_ws/devel/share/common-lisp/ros/irlab_point_cloud_filtering/srv/_package_PointCloudFiltering.lisp
Symlinking /home/xinyao/SAR_ROS/catkin_ws/devel/share/common-lisp/ros/irlab_point_cloud_filtering/srv/irlab_point_cloud_filtering-srv.asd
Symlinking /home/xinyao/SAR_ROS/catkin_ws/devel/share/irlab_point_cloud_filtering/cmake/irlab_point_cloud_filtering-msg-extras.cmake
Symlinking /home/xinyao/SAR_ROS/catkin_ws/devel/share/irlab_point_cloud_filtering/cmake/irlab_point_cloud_filteringConfig-version.cmake
Symlinking /home/xinyao/SAR_ROS/catkin_ws/devel/share/irlab_point_cloud_filtering/cmake/irlab_point_cloud_filtering-msg-paths.cmake
Symlinking /home/xinyao/SAR_ROS/catkin_ws/devel/share/irlab_point_cloud_filtering/cmake/irlab_point_cloud_filteringConfig.cmake
Symlinking /home/xinyao/SAR_ROS/catkin_ws/devel/share/roseus/ros/irlab_point_cloud_filtering/manifest.l
Symlinking /home/xinyao/SAR_ROS/catkin_ws/devel/share/roseus/ros/irlab_point_cloud_filtering/srv/PointCloudFiltering.l
Symlinking /home/xinyao/SAR_ROS/catkin_ws/devel/share/gennodejs/ros/irlab_point_cloud_filtering/_index.js
Symlinking /home/xinyao/SAR_ROS/catkin_ws/devel/share/gennodejs/ros/irlab_point_cloud_filtering/srv/_index.js
Symlinking /home/xinyao/SAR_ROS/catkin_ws/devel/share/gennodejs/ros/irlab_point_cloud_filtering/srv/PointCloudFiltering.js
Symlinking /home/xinyao/SAR_ROS/catkin_ws/devel/lib/python3/dist-packages/irlab_point_cloud_filtering/__init__.py
Symlinking /home/xinyao/SAR_ROS/catkin_ws/devel/lib/python3/dist-packages/irlab_point_cloud_filtering/srv/_PointCloudFiltering.py
Symlinking /home/xinyao/SAR_ROS/catkin_ws/devel/lib/python3/dist-packages/irlab_point_cloud_filtering/srv/__init__.py
Symlinking /home/xinyao/SAR_ROS/catkin_ws/devel/lib/pkgconfig/irlab_point_cloud_filtering.pc
Symlinking /home/xinyao/SAR_ROS/catkin_ws/devel/lib/irlab_point_cloud_filtering/point_cloud_filtering_server
Symlinking /home/xinyao/SAR_ROS/catkin_ws/devel/lib/irlab_point_cloud_filtering/point_cloud_clustering_server
