Symlinking /home/xinyao/SAR_ROS/catkin_ws/devel/include/gpd_ros/detect_graspsResponse.h
Symlinking /home/xinyao/SAR_ROS/catkin_ws/devel/include/gpd_ros/detect_graspsRequest.h
Symlinking /home/xinyao/SAR_ROS/catkin_ws/devel/include/gpd_ros/CloudSamples.h
Symlinking /home/xinyao/SAR_ROS/catkin_ws/devel/include/gpd_ros/GraspConfigList.h
Symlinking /home/xinyao/SAR_ROS/catkin_ws/devel/include/gpd_ros/CloudIndexed.h
Symlinking /home/xinyao/SAR_ROS/catkin_ws/devel/include/gpd_ros/SamplesMsg.h
Symlinking /home/xinyao/SAR_ROS/catkin_ws/devel/include/gpd_ros/CloudSources.h
Symlinking /home/xinyao/SAR_ROS/catkin_ws/devel/include/gpd_ros/detect_grasps.h
Symlinking /home/xinyao/SAR_ROS/catkin_ws/devel/include/gpd_ros/GraspConfig.h
Symlinking /home/xinyao/SAR_ROS/catkin_ws/devel/share/gpd_ros/cmake/gpd_rosConfig-version.cmake
Symlinking /home/xinyao/SAR_ROS/catkin_ws/devel/share/gpd_ros/cmake/gpd_rosConfig.cmake
Symlinking /home/xinyao/SAR_ROS/catkin_ws/devel/share/gpd_ros/cmake/gpd_ros-msg-paths.cmake
Symlinking /home/xinyao/SAR_ROS/catkin_ws/devel/share/gpd_ros/cmake/gpd_ros-msg-extras.cmake
Symlinking /home/xinyao/SAR_ROS/catkin_ws/devel/share/common-lisp/ros/gpd_ros/msg/GraspConfig.lisp
Symlinking /home/xinyao/SAR_ROS/catkin_ws/devel/share/common-lisp/ros/gpd_ros/msg/GraspConfigList.lisp
Symlinking /home/xinyao/SAR_ROS/catkin_ws/devel/share/common-lisp/ros/gpd_ros/msg/_package.lisp
Symlinking /home/xinyao/SAR_ROS/catkin_ws/devel/share/common-lisp/ros/gpd_ros/msg/_package_CloudSources.lisp
Symlinking /home/xinyao/SAR_ROS/catkin_ws/devel/share/common-lisp/ros/gpd_ros/msg/_package_CloudIndexed.lisp
Symlinking /home/xinyao/SAR_ROS/catkin_ws/devel/share/common-lisp/ros/gpd_ros/msg/CloudSources.lisp
Symlinking /home/xinyao/SAR_ROS/catkin_ws/devel/share/common-lisp/ros/gpd_ros/msg/_package_GraspConfigList.lisp
Symlinking /home/xinyao/SAR_ROS/catkin_ws/devel/share/common-lisp/ros/gpd_ros/msg/gpd_ros-msg.asd
Symlinking /home/xinyao/SAR_ROS/catkin_ws/devel/share/common-lisp/ros/gpd_ros/msg/_package_CloudSamples.lisp
Symlinking /home/xinyao/SAR_ROS/catkin_ws/devel/share/common-lisp/ros/gpd_ros/msg/CloudSamples.lisp
Symlinking /home/xinyao/SAR_ROS/catkin_ws/devel/share/common-lisp/ros/gpd_ros/msg/SamplesMsg.lisp
Symlinking /home/xinyao/SAR_ROS/catkin_ws/devel/share/common-lisp/ros/gpd_ros/msg/_package_SamplesMsg.lisp
Symlinking /home/xinyao/SAR_ROS/catkin_ws/devel/share/common-lisp/ros/gpd_ros/msg/CloudIndexed.lisp
Symlinking /home/xinyao/SAR_ROS/catkin_ws/devel/share/common-lisp/ros/gpd_ros/msg/_package_GraspConfig.lisp
Symlinking /home/xinyao/SAR_ROS/catkin_ws/devel/share/common-lisp/ros/gpd_ros/srv/_package_detect_grasps.lisp
Symlinking /home/xinyao/SAR_ROS/catkin_ws/devel/share/common-lisp/ros/gpd_ros/srv/_package.lisp
Symlinking /home/xinyao/SAR_ROS/catkin_ws/devel/share/common-lisp/ros/gpd_ros/srv/gpd_ros-srv.asd
Symlinking /home/xinyao/SAR_ROS/catkin_ws/devel/share/common-lisp/ros/gpd_ros/srv/detect_grasps.lisp
Symlinking /home/xinyao/SAR_ROS/catkin_ws/devel/share/roseus/ros/gpd_ros/manifest.l
Symlinking /home/xinyao/SAR_ROS/catkin_ws/devel/share/roseus/ros/gpd_ros/msg/GraspConfig.l
Symlinking /home/xinyao/SAR_ROS/catkin_ws/devel/share/roseus/ros/gpd_ros/msg/CloudSamples.l
Symlinking /home/xinyao/SAR_ROS/catkin_ws/devel/share/roseus/ros/gpd_ros/msg/SamplesMsg.l
Symlinking /home/xinyao/SAR_ROS/catkin_ws/devel/share/roseus/ros/gpd_ros/msg/CloudIndexed.l
Symlinking /home/xinyao/SAR_ROS/catkin_ws/devel/share/roseus/ros/gpd_ros/msg/CloudSources.l
Symlinking /home/xinyao/SAR_ROS/catkin_ws/devel/share/roseus/ros/gpd_ros/msg/GraspConfigList.l
Symlinking /home/xinyao/SAR_ROS/catkin_ws/devel/share/roseus/ros/gpd_ros/srv/detect_grasps.l
Symlinking /home/xinyao/SAR_ROS/catkin_ws/devel/share/gennodejs/ros/gpd_ros/_index.js
Symlinking /home/xinyao/SAR_ROS/catkin_ws/devel/share/gennodejs/ros/gpd_ros/msg/GraspConfigList.js
Symlinking /home/xinyao/SAR_ROS/catkin_ws/devel/share/gennodejs/ros/gpd_ros/msg/CloudSources.js
Symlinking /home/xinyao/SAR_ROS/catkin_ws/devel/share/gennodejs/ros/gpd_ros/msg/GraspConfig.js
Symlinking /home/xinyao/SAR_ROS/catkin_ws/devel/share/gennodejs/ros/gpd_ros/msg/_index.js
Symlinking /home/xinyao/SAR_ROS/catkin_ws/devel/share/gennodejs/ros/gpd_ros/msg/CloudSamples.js
Symlinking /home/xinyao/SAR_ROS/catkin_ws/devel/share/gennodejs/ros/gpd_ros/msg/CloudIndexed.js
Symlinking /home/xinyao/SAR_ROS/catkin_ws/devel/share/gennodejs/ros/gpd_ros/msg/SamplesMsg.js
Symlinking /home/xinyao/SAR_ROS/catkin_ws/devel/share/gennodejs/ros/gpd_ros/srv/detect_grasps.js
Symlinking /home/xinyao/SAR_ROS/catkin_ws/devel/share/gennodejs/ros/gpd_ros/srv/_index.js
Symlinking /home/xinyao/SAR_ROS/catkin_ws/devel/lib/libgpd_ros_grasp_plotter.so
Symlinking /home/xinyao/SAR_ROS/catkin_ws/devel/lib/libgpd_ros_grasp_messages.so
Symlinking /home/xinyao/SAR_ROS/catkin_ws/devel/lib/python3/dist-packages/gpd_ros/__init__.py
Symlinking /home/xinyao/SAR_ROS/catkin_ws/devel/lib/python3/dist-packages/gpd_ros/msg/_GraspConfig.py
Symlinking /home/xinyao/SAR_ROS/catkin_ws/devel/lib/python3/dist-packages/gpd_ros/msg/_CloudSamples.py
Symlinking /home/xinyao/SAR_ROS/catkin_ws/devel/lib/python3/dist-packages/gpd_ros/msg/_SamplesMsg.py
Symlinking /home/xinyao/SAR_ROS/catkin_ws/devel/lib/python3/dist-packages/gpd_ros/msg/__init__.py
Symlinking /home/xinyao/SAR_ROS/catkin_ws/devel/lib/python3/dist-packages/gpd_ros/msg/_CloudSources.py
Symlinking /home/xinyao/SAR_ROS/catkin_ws/devel/lib/python3/dist-packages/gpd_ros/msg/_GraspConfigList.py
Symlinking /home/xinyao/SAR_ROS/catkin_ws/devel/lib/python3/dist-packages/gpd_ros/msg/_CloudIndexed.py
Symlinking /home/xinyao/SAR_ROS/catkin_ws/devel/lib/python3/dist-packages/gpd_ros/srv/_detect_grasps.py
Symlinking /home/xinyao/SAR_ROS/catkin_ws/devel/lib/python3/dist-packages/gpd_ros/srv/__init__.py
Symlinking /home/xinyao/SAR_ROS/catkin_ws/devel/lib/pkgconfig/gpd_ros.pc
Symlinking /home/xinyao/SAR_ROS/catkin_ws/devel/lib/gpd_ros/detect_grasps
Symlinking /home/xinyao/SAR_ROS/catkin_ws/devel/lib/gpd_ros/detect_grasps_server
