[35m[1mScanning dependencies of target robotnik_msgs_generate_messages_cpp[0m
[  0%] Built target robotnik_msgs_generate_messages_cpp
[35m[1mScanning dependencies of target rcomponent[0m
[  8%] [32mBuilding CXX object CMakeFiles/rcomponent.dir/src/rcomponent.cpp.o[0m
[ 16%] [32m[1mLinking CXX shared library /home/xinyao/SAR_ROS/catkin_ws/devel/.private/rcomponent/lib/librcomponent.so[0m
[ 16%] Built target rcomponent
[35m[1mScanning dependencies of target rcomponent_simple_async[0m
[35m[1mScanning dependencies of target rcomponent_diagnostic[0m
[ 25%] [32mBuilding CXX object CMakeFiles/rcomponent_simple_async.dir/src/simple_component_async.cpp.o[0m
[ 33%] [32mBuilding CXX object CMakeFiles/rcomponent_diagnostic.dir/src/simple_diagnostics_component.cpp.o[0m
[35m[1mScanning dependencies of target test_namespace[0m
[ 41%] [32mBuilding CXX object CMakeFiles/test_namespace.dir/test/test_namespace.cpp.o[0m
[35m[1mScanning dependencies of target rcomponent_server[0m
[ 50%] [32mBuilding CXX object CMakeFiles/rcomponent_server.dir/src/simple_service_component.cpp.o[0m
[35m[1mScanning dependencies of target rcomponent_simple[0m
[ 58%] [32mBuilding CXX object CMakeFiles/rcomponent_simple.dir/src/simple_component.cpp.o[0m
[01m[K/home/xinyao/SAR_ROS/catkin_ws/src/rcomponent/src/simple_component_async.cpp:[m[K In member function ‘[01m[Kvirtual int SimpleComponent::rosSetup()[m[K’:
[01m[K/home/xinyao/SAR_ROS/catkin_ws/src/rcomponent/src/simple_component_async.cpp:59:3:[m[K [01;35m[Kwarning: [m[Kno return statement in function returning non-void [[01;35m[K-Wreturn-type[m[K]
   59 |   [01;35m[K}[m[K
      |   [01;35m[K^[m[K
[01m[K/home/xinyao/SAR_ROS/catkin_ws/src/rcomponent/src/simple_component_async.cpp:[m[K In member function ‘[01m[Kvirtual int SimpleComponent::rosShutdown()[m[K’:
[01m[K/home/xinyao/SAR_ROS/catkin_ws/src/rcomponent/src/simple_component_async.cpp:67:3:[m[K [01;35m[Kwarning: [m[Kno return statement in function returning non-void [[01;35m[K-Wreturn-type[m[K]
   67 |   [01;35m[K}[m[K
      |   [01;35m[K^[m[K
[ 66%] [32m[1mLinking CXX executable /home/xinyao/SAR_ROS/catkin_ws/devel/.private/rcomponent/lib/rcomponent/test_namespace[0m
[01m[K/home/xinyao/SAR_ROS/catkin_ws/src/rcomponent/src/simple_service_component.cpp:[m[K In member function ‘[01m[Kvirtual int SimpleServiceComponent::rosSetup()[m[K’:
[01m[K/home/xinyao/SAR_ROS/catkin_ws/src/rcomponent/src/simple_service_component.cpp:54:3:[m[K [01;35m[Kwarning: [m[Kno return statement in function returning non-void [[01;35m[K-Wreturn-type[m[K]
   54 |   [01;35m[K}[m[K
      |   [01;35m[K^[m[K
[01m[K/home/xinyao/SAR_ROS/catkin_ws/src/rcomponent/src/simple_service_component.cpp:[m[K In member function ‘[01m[Kvirtual int SimpleServiceComponent::rosShutdown()[m[K’:
[01m[K/home/xinyao/SAR_ROS/catkin_ws/src/rcomponent/src/simple_service_component.cpp:64:3:[m[K [01;35m[Kwarning: [m[Kno return statement in function returning non-void [[01;35m[K-Wreturn-type[m[K]
   64 |   [01;35m[K}[m[K
      |   [01;35m[K^[m[K
[ 66%] Built target test_namespace
[01m[K/home/xinyao/SAR_ROS/catkin_ws/src/rcomponent/src/simple_component.cpp:[m[K In member function ‘[01m[Kvirtual int SimpleComponent::rosSetup()[m[K’:
[01m[K/home/xinyao/SAR_ROS/catkin_ws/src/rcomponent/src/simple_component.cpp:59:3:[m[K [01;35m[Kwarning: [m[Kno return statement in function returning non-void [[01;35m[K-Wreturn-type[m[K]
   59 |   [01;35m[K}[m[K
      |   [01;35m[K^[m[K
[01m[K/home/xinyao/SAR_ROS/catkin_ws/src/rcomponent/src/simple_component.cpp:[m[K In member function ‘[01m[Kvirtual int SimpleComponent::rosShutdown()[m[K’:
[01m[K/home/xinyao/SAR_ROS/catkin_ws/src/rcomponent/src/simple_component.cpp:67:3:[m[K [01;35m[Kwarning: [m[Kno return statement in function returning non-void [[01;35m[K-Wreturn-type[m[K]
   67 |   [01;35m[K}[m[K
      |   [01;35m[K^[m[K
[01m[K/home/xinyao/SAR_ROS/catkin_ws/src/rcomponent/src/simple_diagnostics_component.cpp:[m[K In member function ‘[01m[Kvirtual int SimpleDiagnosticsComponent::rosSetup()[m[K’:
[01m[K/home/xinyao/SAR_ROS/catkin_ws/src/rcomponent/src/simple_diagnostics_component.cpp:89:3:[m[K [01;35m[Kwarning: [m[Kno return statement in function returning non-void [[01;35m[K-Wreturn-type[m[K]
   89 |   [01;35m[K}[m[K
      |   [01;35m[K^[m[K
[01m[K/home/xinyao/SAR_ROS/catkin_ws/src/rcomponent/src/simple_diagnostics_component.cpp:[m[K In member function ‘[01m[Kvirtual int SimpleDiagnosticsComponent::rosShutdown()[m[K’:
[01m[K/home/xinyao/SAR_ROS/catkin_ws/src/rcomponent/src/simple_diagnostics_component.cpp:99:3:[m[K [01;35m[Kwarning: [m[Kno return statement in function returning non-void [[01;35m[K-Wreturn-type[m[K]
   99 |   [01;35m[K}[m[K
      |   [01;35m[K^[m[K
[ 75%] [32m[1mLinking CXX executable /home/xinyao/SAR_ROS/catkin_ws/devel/.private/rcomponent/lib/rcomponent/rcomponent_simple_async[0m
[ 75%] Built target rcomponent_simple_async
[ 83%] [32m[1mLinking CXX executable /home/xinyao/SAR_ROS/catkin_ws/devel/.private/rcomponent/lib/rcomponent/rcomponent_server[0m
[ 83%] Built target rcomponent_server
[ 91%] [32m[1mLinking CXX executable /home/xinyao/SAR_ROS/catkin_ws/devel/.private/rcomponent/lib/rcomponent/rcomponent_simple[0m
[ 91%] Built target rcomponent_simple
[100%] [32m[1mLinking CXX executable /home/xinyao/SAR_ROS/catkin_ws/devel/.private/rcomponent/lib/rcomponent/rcomponent_diagnostic[0m
[100%] Built target rcomponent_diagnostic
