Symlinking /home/xinyao/SAR_ROS/catkin_ws/devel/include/robotnik_msgs/set_modbus_registerResponse.h
Symlinking /home/xinyao/SAR_ROS/catkin_ws/devel/include/robotnik_msgs/get_alarms.h
Symlinking /home/xinyao/SAR_ROS/catkin_ws/devel/include/robotnik_msgs/StringStamped.h
Symlinking /home/xinyao/SAR_ROS/catkin_ws/devel/include/robotnik_msgs/get_digital_input.h
Symlinking /home/xinyao/SAR_ROS/catkin_ws/devel/include/robotnik_msgs/SetElevatorRequest.h
Symlinking /home/xinyao/SAR_ROS/catkin_ws/devel/include/robotnik_msgs/PresenceSensor.h
Symlinking /home/xinyao/SAR_ROS/catkin_ws/devel/include/robotnik_msgs/set_heightResponse.h
Symlinking /home/xinyao/SAR_ROS/catkin_ws/devel/include/robotnik_msgs/BatteryDockingStatus.h
Symlinking /home/xinyao/SAR_ROS/catkin_ws/devel/include/robotnik_msgs/LoggerQueryRequest.h
Symlinking /home/xinyao/SAR_ROS/catkin_ws/devel/include/robotnik_msgs/axis_recordRequest.h
Symlinking /home/xinyao/SAR_ROS/catkin_ws/devel/include/robotnik_msgs/LaserStatus.h
Symlinking /home/xinyao/SAR_ROS/catkin_ws/devel/include/robotnik_msgs/BoolArray.h
Symlinking /home/xinyao/SAR_ROS/catkin_ws/devel/include/robotnik_msgs/SetMotorModeRequest.h
Symlinking /home/xinyao/SAR_ROS/catkin_ws/devel/include/robotnik_msgs/ArmStatus.h
Symlinking /home/xinyao/SAR_ROS/catkin_ws/devel/include/robotnik_msgs/SetNamedDigitalOutput.h
Symlinking /home/xinyao/SAR_ROS/catkin_ws/devel/include/robotnik_msgs/ResetFromSubStateRequest.h
Symlinking /home/xinyao/SAR_ROS/catkin_ws/devel/include/robotnik_msgs/WatchdogStatus.h
Symlinking /home/xinyao/SAR_ROS/catkin_ws/devel/include/robotnik_msgs/RobotnikMotorsStatus.h
Symlinking /home/xinyao/SAR_ROS/catkin_ws/devel/include/robotnik_msgs/set_modbus_register.h
Symlinking /home/xinyao/SAR_ROS/catkin_ws/devel/include/robotnik_msgs/set_float_valueRequest.h
Symlinking /home/xinyao/SAR_ROS/catkin_ws/devel/include/robotnik_msgs/inputs_outputs.h
Symlinking /home/xinyao/SAR_ROS/catkin_ws/devel/include/robotnik_msgs/SetInt16.h
Symlinking /home/xinyao/SAR_ROS/catkin_ws/devel/include/robotnik_msgs/MotorStatus.h
Symlinking /home/xinyao/SAR_ROS/catkin_ws/devel/include/robotnik_msgs/set_height.h
Symlinking /home/xinyao/SAR_ROS/catkin_ws/devel/include/robotnik_msgs/QueryAlarms.h
Symlinking /home/xinyao/SAR_ROS/catkin_ws/devel/include/robotnik_msgs/SetElevatorResult.h
Symlinking /home/xinyao/SAR_ROS/catkin_ws/devel/include/robotnik_msgs/InsertTaskResponse.h
Symlinking /home/xinyao/SAR_ROS/catkin_ws/devel/include/robotnik_msgs/SetBuzzerRequest.h
Symlinking /home/xinyao/SAR_ROS/catkin_ws/devel/include/robotnik_msgs/ResetFromSubState.h
Symlinking /home/xinyao/SAR_ROS/catkin_ws/devel/include/robotnik_msgs/home.h
Symlinking /home/xinyao/SAR_ROS/catkin_ws/devel/include/robotnik_msgs/LoggerQueryResponse.h
Symlinking /home/xinyao/SAR_ROS/catkin_ws/devel/include/robotnik_msgs/GetPTZRequest.h
Symlinking /home/xinyao/SAR_ROS/catkin_ws/devel/include/robotnik_msgs/SetByte.h
Symlinking /home/xinyao/SAR_ROS/catkin_ws/devel/include/robotnik_msgs/GetBoolRequest.h
Symlinking /home/xinyao/SAR_ROS/catkin_ws/devel/include/robotnik_msgs/Interfaces.h
Symlinking /home/xinyao/SAR_ROS/catkin_ws/devel/include/robotnik_msgs/StringArray.h
Symlinking /home/xinyao/SAR_ROS/catkin_ws/devel/include/robotnik_msgs/SetLaserModeResponse.h
Symlinking /home/xinyao/SAR_ROS/catkin_ws/devel/include/robotnik_msgs/set_named_digital_output.h
Symlinking /home/xinyao/SAR_ROS/catkin_ws/devel/include/robotnik_msgs/set_modbus_register_bit.h
Symlinking /home/xinyao/SAR_ROS/catkin_ws/devel/include/robotnik_msgs/BatteryDockingStatusStamped.h
Symlinking /home/xinyao/SAR_ROS/catkin_ws/devel/include/robotnik_msgs/encoders.h
Symlinking /home/xinyao/SAR_ROS/catkin_ws/devel/include/robotnik_msgs/get_mode.h
Symlinking /home/xinyao/SAR_ROS/catkin_ws/devel/include/robotnik_msgs/MotorsStatus.h
Symlinking /home/xinyao/SAR_ROS/catkin_ws/devel/include/robotnik_msgs/set_modeRequest.h
Symlinking /home/xinyao/SAR_ROS/catkin_ws/devel/include/robotnik_msgs/SetLaserMode.h
Symlinking /home/xinyao/SAR_ROS/catkin_ws/devel/include/robotnik_msgs/get_digital_inputResponse.h
Symlinking /home/xinyao/SAR_ROS/catkin_ws/devel/include/robotnik_msgs/GetMotorsHeadingOffset.h
Symlinking /home/xinyao/SAR_ROS/catkin_ws/devel/include/robotnik_msgs/MotorCurrent.h
Symlinking /home/xinyao/SAR_ROS/catkin_ws/devel/include/robotnik_msgs/homeResponse.h
Symlinking /home/xinyao/SAR_ROS/catkin_ws/devel/include/robotnik_msgs/SetMotorPID.h
Symlinking /home/xinyao/SAR_ROS/catkin_ws/devel/include/robotnik_msgs/SetMotorStatusRequest.h
Symlinking /home/xinyao/SAR_ROS/catkin_ws/devel/include/robotnik_msgs/set_ptzResponse.h
Symlinking /home/xinyao/SAR_ROS/catkin_ws/devel/include/robotnik_msgs/AlarmSensor.h
Symlinking /home/xinyao/SAR_ROS/catkin_ws/devel/include/robotnik_msgs/ack_alarmRequest.h
Symlinking /home/xinyao/SAR_ROS/catkin_ws/devel/include/robotnik_msgs/SetBuzzerResponse.h
Symlinking /home/xinyao/SAR_ROS/catkin_ws/devel/include/robotnik_msgs/Logger.h
Symlinking /home/xinyao/SAR_ROS/catkin_ws/devel/include/robotnik_msgs/get_modeRequest.h
Symlinking /home/xinyao/SAR_ROS/catkin_ws/devel/include/robotnik_msgs/set_digital_output.h
Symlinking /home/xinyao/SAR_ROS/catkin_ws/devel/include/robotnik_msgs/enable_disable.h
Symlinking /home/xinyao/SAR_ROS/catkin_ws/devel/include/robotnik_msgs/PantiltStatus.h
Symlinking /home/xinyao/SAR_ROS/catkin_ws/devel/include/robotnik_msgs/enable_disableResponse.h
Symlinking /home/xinyao/SAR_ROS/catkin_ws/devel/include/robotnik_msgs/InverterStatus.h
Symlinking /home/xinyao/SAR_ROS/catkin_ws/devel/include/robotnik_msgs/Data.h
Symlinking /home/xinyao/SAR_ROS/catkin_ws/devel/include/robotnik_msgs/ack_alarm.h
Symlinking /home/xinyao/SAR_ROS/catkin_ws/devel/include/robotnik_msgs/SetElevatorResponse.h
Symlinking /home/xinyao/SAR_ROS/catkin_ws/devel/include/robotnik_msgs/SetEncoderTurns.h
Symlinking /home/xinyao/SAR_ROS/catkin_ws/devel/include/robotnik_msgs/ElevatorStatus.h
Symlinking /home/xinyao/SAR_ROS/catkin_ws/devel/include/robotnik_msgs/GetPTZResponse.h
Symlinking /home/xinyao/SAR_ROS/catkin_ws/devel/include/robotnik_msgs/GetPOIRequest.h
Symlinking /home/xinyao/SAR_ROS/catkin_ws/devel/include/robotnik_msgs/SetInt16Request.h
Symlinking /home/xinyao/SAR_ROS/catkin_ws/devel/include/robotnik_msgs/set_odometry.h
Symlinking /home/xinyao/SAR_ROS/catkin_ws/devel/include/robotnik_msgs/OdomCalibrationStatusStamped.h
Symlinking /home/xinyao/SAR_ROS/catkin_ws/devel/include/robotnik_msgs/Cartesian_Euler_pose.h
Symlinking /home/xinyao/SAR_ROS/catkin_ws/devel/include/robotnik_msgs/State.h
Symlinking /home/xinyao/SAR_ROS/catkin_ws/devel/include/robotnik_msgs/set_named_digital_outputResponse.h
Symlinking /home/xinyao/SAR_ROS/catkin_ws/devel/include/robotnik_msgs/set_CartesianEuler_poseResponse.h
Symlinking /home/xinyao/SAR_ROS/catkin_ws/devel/include/robotnik_msgs/Record.h
Symlinking /home/xinyao/SAR_ROS/catkin_ws/devel/include/robotnik_msgs/set_digital_outputResponse.h
Symlinking /home/xinyao/SAR_ROS/catkin_ws/devel/include/robotnik_msgs/SetBuzzer.h
Symlinking /home/xinyao/SAR_ROS/catkin_ws/devel/include/robotnik_msgs/GetPTZ.h
Symlinking /home/xinyao/SAR_ROS/catkin_ws/devel/include/robotnik_msgs/WatchdogStatusArray.h
Symlinking /home/xinyao/SAR_ROS/catkin_ws/devel/include/robotnik_msgs/RecordRequest.h
Symlinking /home/xinyao/SAR_ROS/catkin_ws/devel/include/robotnik_msgs/set_analog_outputRequest.h
Symlinking /home/xinyao/SAR_ROS/catkin_ws/devel/include/robotnik_msgs/enable_disableRequest.h
Symlinking /home/xinyao/SAR_ROS/catkin_ws/devel/include/robotnik_msgs/SetCurrent.h
Symlinking /home/xinyao/SAR_ROS/catkin_ws/devel/include/robotnik_msgs/OdomCalibrationStatus.h
Symlinking /home/xinyao/SAR_ROS/catkin_ws/devel/include/robotnik_msgs/named_inputs_outputs.h
Symlinking /home/xinyao/SAR_ROS/catkin_ws/devel/include/robotnik_msgs/get_modbus_registerResponse.h
Symlinking /home/xinyao/SAR_ROS/catkin_ws/devel/include/robotnik_msgs/GetMotorsHeadingOffsetRequest.h
Symlinking /home/xinyao/SAR_ROS/catkin_ws/devel/include/robotnik_msgs/OdomManualCalibrationStatus.h
Symlinking /home/xinyao/SAR_ROS/catkin_ws/devel/include/robotnik_msgs/alarmsmonitor.h
Symlinking /home/xinyao/SAR_ROS/catkin_ws/devel/include/robotnik_msgs/ElevatorAction.h
Symlinking /home/xinyao/SAR_ROS/catkin_ws/devel/include/robotnik_msgs/SetMotorStatusResponse.h
Symlinking /home/xinyao/SAR_ROS/catkin_ws/devel/include/robotnik_msgs/GetPOI.h
Symlinking /home/xinyao/SAR_ROS/catkin_ws/devel/include/robotnik_msgs/LoggerQuery.h
Symlinking /home/xinyao/SAR_ROS/catkin_ws/devel/include/robotnik_msgs/Registers.h
Symlinking /home/xinyao/SAR_ROS/catkin_ws/devel/include/robotnik_msgs/SetTransformResponse.h
Symlinking /home/xinyao/SAR_ROS/catkin_ws/devel/include/robotnik_msgs/SetTransform.h
Symlinking /home/xinyao/SAR_ROS/catkin_ws/devel/include/robotnik_msgs/MotorPID.h
Symlinking /home/xinyao/SAR_ROS/catkin_ws/devel/include/robotnik_msgs/set_float_value.h
Symlinking /home/xinyao/SAR_ROS/catkin_ws/devel/include/robotnik_msgs/get_modbus_register.h
Symlinking /home/xinyao/SAR_ROS/catkin_ws/devel/include/robotnik_msgs/MotorsStatusDifferential.h
Symlinking /home/xinyao/SAR_ROS/catkin_ws/devel/include/robotnik_msgs/PantiltStatusStamped.h
Symlinking /home/xinyao/SAR_ROS/catkin_ws/devel/include/robotnik_msgs/SetMotorModeResponse.h
Symlinking /home/xinyao/SAR_ROS/catkin_ws/devel/include/robotnik_msgs/get_alarmsResponse.h
Symlinking /home/xinyao/SAR_ROS/catkin_ws/devel/include/robotnik_msgs/named_input_output.h
Symlinking /home/xinyao/SAR_ROS/catkin_ws/devel/include/robotnik_msgs/PresenceSensorArray.h
Symlinking /home/xinyao/SAR_ROS/catkin_ws/devel/include/robotnik_msgs/MotorHeadingOffset.h
Symlinking /home/xinyao/SAR_ROS/catkin_ws/devel/include/robotnik_msgs/SubState.h
Symlinking /home/xinyao/SAR_ROS/catkin_ws/devel/include/robotnik_msgs/SetStringRequest.h
Symlinking /home/xinyao/SAR_ROS/catkin_ws/devel/include/robotnik_msgs/RecordStatus.h
Symlinking /home/xinyao/SAR_ROS/catkin_ws/devel/include/robotnik_msgs/RecordResponse.h
Symlinking /home/xinyao/SAR_ROS/catkin_ws/devel/include/robotnik_msgs/homeRequest.h
Symlinking /home/xinyao/SAR_ROS/catkin_ws/devel/include/robotnik_msgs/ack_alarmResponse.h
Symlinking /home/xinyao/SAR_ROS/catkin_ws/devel/include/robotnik_msgs/BatteryStatusStamped.h
Symlinking /home/xinyao/SAR_ROS/catkin_ws/devel/include/robotnik_msgs/SetByteRequest.h
Symlinking /home/xinyao/SAR_ROS/catkin_ws/devel/include/robotnik_msgs/SetEncoderTurnsResponse.h
Symlinking /home/xinyao/SAR_ROS/catkin_ws/devel/include/robotnik_msgs/MotorReferenceValueArray.h
Symlinking /home/xinyao/SAR_ROS/catkin_ws/devel/include/robotnik_msgs/alarmmonitor.h
Symlinking /home/xinyao/SAR_ROS/catkin_ws/devel/include/robotnik_msgs/SetByteResponse.h
Symlinking /home/xinyao/SAR_ROS/catkin_ws/devel/include/robotnik_msgs/SetElevatorActionResult.h
Symlinking /home/xinyao/SAR_ROS/catkin_ws/devel/include/robotnik_msgs/GetMotorsHeadingOffsetResponse.h
Symlinking /home/xinyao/SAR_ROS/catkin_ws/devel/include/robotnik_msgs/SetLaserModeRequest.h
Symlinking /home/xinyao/SAR_ROS/catkin_ws/devel/include/robotnik_msgs/set_CartesianEuler_poseRequest.h
Symlinking /home/xinyao/SAR_ROS/catkin_ws/devel/include/robotnik_msgs/SetElevator.h
Symlinking /home/xinyao/SAR_ROS/catkin_ws/devel/include/robotnik_msgs/set_float_valueResponse.h
Symlinking /home/xinyao/SAR_ROS/catkin_ws/devel/include/robotnik_msgs/axis_record.h
Symlinking /home/xinyao/SAR_ROS/catkin_ws/devel/include/robotnik_msgs/set_modbus_register_bitResponse.h
Symlinking /home/xinyao/SAR_ROS/catkin_ws/devel/include/robotnik_msgs/set_named_digital_outputRequest.h
Symlinking /home/xinyao/SAR_ROS/catkin_ws/devel/include/robotnik_msgs/set_ptz.h
Symlinking /home/xinyao/SAR_ROS/catkin_ws/devel/include/robotnik_msgs/OdomManualCalibrationStatusStamped.h
Symlinking /home/xinyao/SAR_ROS/catkin_ws/devel/include/robotnik_msgs/LaserMode.h
Symlinking /home/xinyao/SAR_ROS/catkin_ws/devel/include/robotnik_msgs/SafetyModuleStatus.h
Symlinking /home/xinyao/SAR_ROS/catkin_ws/devel/include/robotnik_msgs/SetElevatorActionGoal.h
Symlinking /home/xinyao/SAR_ROS/catkin_ws/devel/include/robotnik_msgs/ReturnMessage.h
Symlinking /home/xinyao/SAR_ROS/catkin_ws/devel/include/robotnik_msgs/QueryAlarm.h
Symlinking /home/xinyao/SAR_ROS/catkin_ws/devel/include/robotnik_msgs/GetBool.h
Symlinking /home/xinyao/SAR_ROS/catkin_ws/devel/include/robotnik_msgs/set_ptzRequest.h
Symlinking /home/xinyao/SAR_ROS/catkin_ws/devel/include/robotnik_msgs/set_CartesianEuler_pose.h
Symlinking /home/xinyao/SAR_ROS/catkin_ws/devel/include/robotnik_msgs/SetCurrentRequest.h
Symlinking /home/xinyao/SAR_ROS/catkin_ws/devel/include/robotnik_msgs/QueryAlarmsRequest.h
Symlinking /home/xinyao/SAR_ROS/catkin_ws/devel/include/robotnik_msgs/set_modbus_registerRequest.h
Symlinking /home/xinyao/SAR_ROS/catkin_ws/devel/include/robotnik_msgs/Pose2DArray.h
Symlinking /home/xinyao/SAR_ROS/catkin_ws/devel/include/robotnik_msgs/axis_recordResponse.h
Symlinking /home/xinyao/SAR_ROS/catkin_ws/devel/include/robotnik_msgs/SetMotorMode.h
Symlinking /home/xinyao/SAR_ROS/catkin_ws/devel/include/robotnik_msgs/set_digital_outputRequest.h
Symlinking /home/xinyao/SAR_ROS/catkin_ws/devel/include/robotnik_msgs/SetMotorPIDRequest.h
Symlinking /home/xinyao/SAR_ROS/catkin_ws/devel/include/robotnik_msgs/GetPOIResponse.h
Symlinking /home/xinyao/SAR_ROS/catkin_ws/devel/include/robotnik_msgs/SetElevatorAction.h
Symlinking /home/xinyao/SAR_ROS/catkin_ws/devel/include/robotnik_msgs/SetElevatorActionFeedback.h
Symlinking /home/xinyao/SAR_ROS/catkin_ws/devel/include/robotnik_msgs/MotorReferenceValue.h
Symlinking /home/xinyao/SAR_ROS/catkin_ws/devel/include/robotnik_msgs/GetBoolResponse.h
Symlinking /home/xinyao/SAR_ROS/catkin_ws/devel/include/robotnik_msgs/Pose2DStamped.h
Symlinking /home/xinyao/SAR_ROS/catkin_ws/devel/include/robotnik_msgs/Alarms.h
Symlinking /home/xinyao/SAR_ROS/catkin_ws/devel/include/robotnik_msgs/SetEncoderTurnsRequest.h
Symlinking /home/xinyao/SAR_ROS/catkin_ws/devel/include/robotnik_msgs/SetCurrentResponse.h
Symlinking /home/xinyao/SAR_ROS/catkin_ws/devel/include/robotnik_msgs/Axis.h
Symlinking /home/xinyao/SAR_ROS/catkin_ws/devel/include/robotnik_msgs/set_analog_outputResponse.h
Symlinking /home/xinyao/SAR_ROS/catkin_ws/devel/include/robotnik_msgs/SetElevatorGoal.h
Symlinking /home/xinyao/SAR_ROS/catkin_ws/devel/include/robotnik_msgs/SetString.h
Symlinking /home/xinyao/SAR_ROS/catkin_ws/devel/include/robotnik_msgs/SetElevatorFeedback.h
Symlinking /home/xinyao/SAR_ROS/catkin_ws/devel/include/robotnik_msgs/set_odometryRequest.h
Symlinking /home/xinyao/SAR_ROS/catkin_ws/devel/include/robotnik_msgs/set_modbus_register_bitRequest.h
Symlinking /home/xinyao/SAR_ROS/catkin_ws/devel/include/robotnik_msgs/SetNamedDigitalOutputResponse.h
Symlinking /home/xinyao/SAR_ROS/catkin_ws/devel/include/robotnik_msgs/SetNamedDigitalOutputRequest.h
Symlinking /home/xinyao/SAR_ROS/catkin_ws/devel/include/robotnik_msgs/InsertTaskRequest.h
Symlinking /home/xinyao/SAR_ROS/catkin_ws/devel/include/robotnik_msgs/ResetFromSubStateResponse.h
Symlinking /home/xinyao/SAR_ROS/catkin_ws/devel/include/robotnik_msgs/Register.h
Symlinking /home/xinyao/SAR_ROS/catkin_ws/devel/include/robotnik_msgs/set_analog_output.h
Symlinking /home/xinyao/SAR_ROS/catkin_ws/devel/include/robotnik_msgs/SetMotorPIDResponse.h
Symlinking /home/xinyao/SAR_ROS/catkin_ws/devel/include/robotnik_msgs/SetInt16Response.h
Symlinking /home/xinyao/SAR_ROS/catkin_ws/devel/include/robotnik_msgs/get_modbus_registerRequest.h
Symlinking /home/xinyao/SAR_ROS/catkin_ws/devel/include/robotnik_msgs/SetStringResponse.h
Symlinking /home/xinyao/SAR_ROS/catkin_ws/devel/include/robotnik_msgs/get_alarmsRequest.h
Symlinking /home/xinyao/SAR_ROS/catkin_ws/devel/include/robotnik_msgs/ptz.h
Symlinking /home/xinyao/SAR_ROS/catkin_ws/devel/include/robotnik_msgs/set_heightRequest.h
Symlinking /home/xinyao/SAR_ROS/catkin_ws/devel/include/robotnik_msgs/get_modeResponse.h
Symlinking /home/xinyao/SAR_ROS/catkin_ws/devel/include/robotnik_msgs/SetTransformRequest.h
Symlinking /home/xinyao/SAR_ROS/catkin_ws/devel/include/robotnik_msgs/InsertTask.h
Symlinking /home/xinyao/SAR_ROS/catkin_ws/devel/include/robotnik_msgs/set_modeResponse.h
Symlinking /home/xinyao/SAR_ROS/catkin_ws/devel/include/robotnik_msgs/set_mode.h
Symlinking /home/xinyao/SAR_ROS/catkin_ws/devel/include/robotnik_msgs/QueryAlarmsResponse.h
Symlinking /home/xinyao/SAR_ROS/catkin_ws/devel/include/robotnik_msgs/get_digital_inputRequest.h
Symlinking /home/xinyao/SAR_ROS/catkin_ws/devel/include/robotnik_msgs/BatteryStatus.h
Symlinking /home/xinyao/SAR_ROS/catkin_ws/devel/include/robotnik_msgs/set_odometryResponse.h
Symlinking /home/xinyao/SAR_ROS/catkin_ws/devel/include/robotnik_msgs/SetMotorStatus.h
Symlinking /home/xinyao/SAR_ROS/catkin_ws/devel/share/common-lisp/ros/robotnik_msgs/msg/RobotnikMotorsStatus.lisp
Symlinking /home/xinyao/SAR_ROS/catkin_ws/devel/share/common-lisp/ros/robotnik_msgs/msg/_package_SetElevatorActionResult.lisp
Symlinking /home/xinyao/SAR_ROS/catkin_ws/devel/share/common-lisp/ros/robotnik_msgs/msg/PresenceSensorArray.lisp
Symlinking /home/xinyao/SAR_ROS/catkin_ws/devel/share/common-lisp/ros/robotnik_msgs/msg/ptz.lisp
Symlinking /home/xinyao/SAR_ROS/catkin_ws/devel/share/common-lisp/ros/robotnik_msgs/msg/PantiltStatus.lisp
Symlinking /home/xinyao/SAR_ROS/catkin_ws/devel/share/common-lisp/ros/robotnik_msgs/msg/_package_BatteryStatusStamped.lisp
Symlinking /home/xinyao/SAR_ROS/catkin_ws/devel/share/common-lisp/ros/robotnik_msgs/msg/MotorCurrent.lisp
Symlinking /home/xinyao/SAR_ROS/catkin_ws/devel/share/common-lisp/ros/robotnik_msgs/msg/Data.lisp
Symlinking /home/xinyao/SAR_ROS/catkin_ws/devel/share/common-lisp/ros/robotnik_msgs/msg/QueryAlarm.lisp
Symlinking /home/xinyao/SAR_ROS/catkin_ws/devel/share/common-lisp/ros/robotnik_msgs/msg/_package_OdomCalibrationStatus.lisp
Symlinking /home/xinyao/SAR_ROS/catkin_ws/devel/share/common-lisp/ros/robotnik_msgs/msg/_package_OdomCalibrationStatusStamped.lisp
Symlinking /home/xinyao/SAR_ROS/catkin_ws/devel/share/common-lisp/ros/robotnik_msgs/msg/_package_WatchdogStatus.lisp
Symlinking /home/xinyao/SAR_ROS/catkin_ws/devel/share/common-lisp/ros/robotnik_msgs/msg/BoolArray.lisp
Symlinking /home/xinyao/SAR_ROS/catkin_ws/devel/share/common-lisp/ros/robotnik_msgs/msg/SetElevatorAction.lisp
Symlinking /home/xinyao/SAR_ROS/catkin_ws/devel/share/common-lisp/ros/robotnik_msgs/msg/StringStamped.lisp
Symlinking /home/xinyao/SAR_ROS/catkin_ws/devel/share/common-lisp/ros/robotnik_msgs/msg/OdomManualCalibrationStatus.lisp
Symlinking /home/xinyao/SAR_ROS/catkin_ws/devel/share/common-lisp/ros/robotnik_msgs/msg/_package_SetElevatorGoal.lisp
Symlinking /home/xinyao/SAR_ROS/catkin_ws/devel/share/common-lisp/ros/robotnik_msgs/msg/_package_QueryAlarm.lisp
Symlinking /home/xinyao/SAR_ROS/catkin_ws/devel/share/common-lisp/ros/robotnik_msgs/msg/_package.lisp
Symlinking /home/xinyao/SAR_ROS/catkin_ws/devel/share/common-lisp/ros/robotnik_msgs/msg/_package_RobotnikMotorsStatus.lisp
Symlinking /home/xinyao/SAR_ROS/catkin_ws/devel/share/common-lisp/ros/robotnik_msgs/msg/robotnik_msgs-msg.asd
Symlinking /home/xinyao/SAR_ROS/catkin_ws/devel/share/common-lisp/ros/robotnik_msgs/msg/_package_PantiltStatus.lisp
Symlinking /home/xinyao/SAR_ROS/catkin_ws/devel/share/common-lisp/ros/robotnik_msgs/msg/OdomManualCalibrationStatusStamped.lisp
Symlinking /home/xinyao/SAR_ROS/catkin_ws/devel/share/common-lisp/ros/robotnik_msgs/msg/_package_MotorsStatus.lisp
Symlinking /home/xinyao/SAR_ROS/catkin_ws/devel/share/common-lisp/ros/robotnik_msgs/msg/_package_alarmsmonitor.lisp
Symlinking /home/xinyao/SAR_ROS/catkin_ws/devel/share/common-lisp/ros/robotnik_msgs/msg/Cartesian_Euler_pose.lisp
Symlinking /home/xinyao/SAR_ROS/catkin_ws/devel/share/common-lisp/ros/robotnik_msgs/msg/_package_MotorCurrent.lisp
Symlinking /home/xinyao/SAR_ROS/catkin_ws/devel/share/common-lisp/ros/robotnik_msgs/msg/SetElevatorResult.lisp
Symlinking /home/xinyao/SAR_ROS/catkin_ws/devel/share/common-lisp/ros/robotnik_msgs/msg/InverterStatus.lisp
Symlinking /home/xinyao/SAR_ROS/catkin_ws/devel/share/common-lisp/ros/robotnik_msgs/msg/MotorStatus.lisp
Symlinking /home/xinyao/SAR_ROS/catkin_ws/devel/share/common-lisp/ros/robotnik_msgs/msg/Register.lisp
Symlinking /home/xinyao/SAR_ROS/catkin_ws/devel/share/common-lisp/ros/robotnik_msgs/msg/ElevatorAction.lisp
Symlinking /home/xinyao/SAR_ROS/catkin_ws/devel/share/common-lisp/ros/robotnik_msgs/msg/_package_ElevatorStatus.lisp
Symlinking /home/xinyao/SAR_ROS/catkin_ws/devel/share/common-lisp/ros/robotnik_msgs/msg/alarmmonitor.lisp
Symlinking /home/xinyao/SAR_ROS/catkin_ws/devel/share/common-lisp/ros/robotnik_msgs/msg/BatteryStatusStamped.lisp
Symlinking /home/xinyao/SAR_ROS/catkin_ws/devel/share/common-lisp/ros/robotnik_msgs/msg/BatteryDockingStatus.lisp
Symlinking /home/xinyao/SAR_ROS/catkin_ws/devel/share/common-lisp/ros/robotnik_msgs/msg/_package_Logger.lisp
Symlinking /home/xinyao/SAR_ROS/catkin_ws/devel/share/common-lisp/ros/robotnik_msgs/msg/WatchdogStatus.lisp
Symlinking /home/xinyao/SAR_ROS/catkin_ws/devel/share/common-lisp/ros/robotnik_msgs/msg/_package_named_input_output.lisp
Symlinking /home/xinyao/SAR_ROS/catkin_ws/devel/share/common-lisp/ros/robotnik_msgs/msg/_package_ptz.lisp
Symlinking /home/xinyao/SAR_ROS/catkin_ws/devel/share/common-lisp/ros/robotnik_msgs/msg/RecordStatus.lisp
Symlinking /home/xinyao/SAR_ROS/catkin_ws/devel/share/common-lisp/ros/robotnik_msgs/msg/AlarmSensor.lisp
Symlinking /home/xinyao/SAR_ROS/catkin_ws/devel/share/common-lisp/ros/robotnik_msgs/msg/_package_InverterStatus.lisp
Symlinking /home/xinyao/SAR_ROS/catkin_ws/devel/share/common-lisp/ros/robotnik_msgs/msg/MotorsStatusDifferential.lisp
Symlinking /home/xinyao/SAR_ROS/catkin_ws/devel/share/common-lisp/ros/robotnik_msgs/msg/_package_SetElevatorAction.lisp
Symlinking /home/xinyao/SAR_ROS/catkin_ws/devel/share/common-lisp/ros/robotnik_msgs/msg/_package_SetElevatorFeedback.lisp
Symlinking /home/xinyao/SAR_ROS/catkin_ws/devel/share/common-lisp/ros/robotnik_msgs/msg/Alarms.lisp
Symlinking /home/xinyao/SAR_ROS/catkin_ws/devel/share/common-lisp/ros/robotnik_msgs/msg/OdomCalibrationStatusStamped.lisp
Symlinking /home/xinyao/SAR_ROS/catkin_ws/devel/share/common-lisp/ros/robotnik_msgs/msg/_package_PresenceSensorArray.lisp
Symlinking /home/xinyao/SAR_ROS/catkin_ws/devel/share/common-lisp/ros/robotnik_msgs/msg/_package_SafetyModuleStatus.lisp
Symlinking /home/xinyao/SAR_ROS/catkin_ws/devel/share/common-lisp/ros/robotnik_msgs/msg/SetElevatorActionFeedback.lisp
Symlinking /home/xinyao/SAR_ROS/catkin_ws/devel/share/common-lisp/ros/robotnik_msgs/msg/_package_Data.lisp
Symlinking /home/xinyao/SAR_ROS/catkin_ws/devel/share/common-lisp/ros/robotnik_msgs/msg/ArmStatus.lisp
Symlinking /home/xinyao/SAR_ROS/catkin_ws/devel/share/common-lisp/ros/robotnik_msgs/msg/_package_ElevatorAction.lisp
Symlinking /home/xinyao/SAR_ROS/catkin_ws/devel/share/common-lisp/ros/robotnik_msgs/msg/_package_OdomManualCalibrationStatus.lisp
Symlinking /home/xinyao/SAR_ROS/catkin_ws/devel/share/common-lisp/ros/robotnik_msgs/msg/_package_MotorPID.lisp
Symlinking /home/xinyao/SAR_ROS/catkin_ws/devel/share/common-lisp/ros/robotnik_msgs/msg/alarmsmonitor.lisp
Symlinking /home/xinyao/SAR_ROS/catkin_ws/devel/share/common-lisp/ros/robotnik_msgs/msg/_package_Axis.lisp
Symlinking /home/xinyao/SAR_ROS/catkin_ws/devel/share/common-lisp/ros/robotnik_msgs/msg/WatchdogStatusArray.lisp
Symlinking /home/xinyao/SAR_ROS/catkin_ws/devel/share/common-lisp/ros/robotnik_msgs/msg/SubState.lisp
Symlinking /home/xinyao/SAR_ROS/catkin_ws/devel/share/common-lisp/ros/robotnik_msgs/msg/Pose2DArray.lisp
Symlinking /home/xinyao/SAR_ROS/catkin_ws/devel/share/common-lisp/ros/robotnik_msgs/msg/_package_PantiltStatusStamped.lisp
Symlinking /home/xinyao/SAR_ROS/catkin_ws/devel/share/common-lisp/ros/robotnik_msgs/msg/_package_Pose2DArray.lisp
Symlinking /home/xinyao/SAR_ROS/catkin_ws/devel/share/common-lisp/ros/robotnik_msgs/msg/PresenceSensor.lisp
Symlinking /home/xinyao/SAR_ROS/catkin_ws/devel/share/common-lisp/ros/robotnik_msgs/msg/_package_BatteryDockingStatusStamped.lisp
Symlinking /home/xinyao/SAR_ROS/catkin_ws/devel/share/common-lisp/ros/robotnik_msgs/msg/_package_Alarms.lisp
Symlinking /home/xinyao/SAR_ROS/catkin_ws/devel/share/common-lisp/ros/robotnik_msgs/msg/SafetyModuleStatus.lisp
Symlinking /home/xinyao/SAR_ROS/catkin_ws/devel/share/common-lisp/ros/robotnik_msgs/msg/_package_AlarmSensor.lisp
Symlinking /home/xinyao/SAR_ROS/catkin_ws/devel/share/common-lisp/ros/robotnik_msgs/msg/_package_MotorsStatusDifferential.lisp
Symlinking /home/xinyao/SAR_ROS/catkin_ws/devel/share/common-lisp/ros/robotnik_msgs/msg/MotorHeadingOffset.lisp
Symlinking /home/xinyao/SAR_ROS/catkin_ws/devel/share/common-lisp/ros/robotnik_msgs/msg/_package_named_inputs_outputs.lisp
Symlinking /home/xinyao/SAR_ROS/catkin_ws/devel/share/common-lisp/ros/robotnik_msgs/msg/_package_BatteryStatus.lisp
Symlinking /home/xinyao/SAR_ROS/catkin_ws/devel/share/common-lisp/ros/robotnik_msgs/msg/Axis.lisp
Symlinking /home/xinyao/SAR_ROS/catkin_ws/devel/share/common-lisp/ros/robotnik_msgs/msg/MotorPID.lisp
Symlinking /home/xinyao/SAR_ROS/catkin_ws/devel/share/common-lisp/ros/robotnik_msgs/msg/MotorsStatus.lisp
Symlinking /home/xinyao/SAR_ROS/catkin_ws/devel/share/common-lisp/ros/robotnik_msgs/msg/_package_SetElevatorResult.lisp
Symlinking /home/xinyao/SAR_ROS/catkin_ws/devel/share/common-lisp/ros/robotnik_msgs/msg/_package_ArmStatus.lisp
Symlinking /home/xinyao/SAR_ROS/catkin_ws/devel/share/common-lisp/ros/robotnik_msgs/msg/_package_Cartesian_Euler_pose.lisp
Symlinking /home/xinyao/SAR_ROS/catkin_ws/devel/share/common-lisp/ros/robotnik_msgs/msg/named_inputs_outputs.lisp
Symlinking /home/xinyao/SAR_ROS/catkin_ws/devel/share/common-lisp/ros/robotnik_msgs/msg/SetElevatorGoal.lisp
Symlinking /home/xinyao/SAR_ROS/catkin_ws/devel/share/common-lisp/ros/robotnik_msgs/msg/named_input_output.lisp
Symlinking /home/xinyao/SAR_ROS/catkin_ws/devel/share/common-lisp/ros/robotnik_msgs/msg/_package_StringArray.lisp
Symlinking /home/xinyao/SAR_ROS/catkin_ws/devel/share/common-lisp/ros/robotnik_msgs/msg/Interfaces.lisp
Symlinking /home/xinyao/SAR_ROS/catkin_ws/devel/share/common-lisp/ros/robotnik_msgs/msg/StringArray.lisp
Symlinking /home/xinyao/SAR_ROS/catkin_ws/devel/share/common-lisp/ros/robotnik_msgs/msg/MotorReferenceValue.lisp
Symlinking /home/xinyao/SAR_ROS/catkin_ws/devel/share/common-lisp/ros/robotnik_msgs/msg/_package_SubState.lisp
Symlinking /home/xinyao/SAR_ROS/catkin_ws/devel/share/common-lisp/ros/robotnik_msgs/msg/_package_BatteryDockingStatus.lisp
Symlinking /home/xinyao/SAR_ROS/catkin_ws/devel/share/common-lisp/ros/robotnik_msgs/msg/BatteryDockingStatusStamped.lisp
Symlinking /home/xinyao/SAR_ROS/catkin_ws/devel/share/common-lisp/ros/robotnik_msgs/msg/_package_Interfaces.lisp
Symlinking /home/xinyao/SAR_ROS/catkin_ws/devel/share/common-lisp/ros/robotnik_msgs/msg/SetElevatorActionResult.lisp
Symlinking /home/xinyao/SAR_ROS/catkin_ws/devel/share/common-lisp/ros/robotnik_msgs/msg/_package_MotorReferenceValue.lisp
Symlinking /home/xinyao/SAR_ROS/catkin_ws/devel/share/common-lisp/ros/robotnik_msgs/msg/inputs_outputs.lisp
Symlinking /home/xinyao/SAR_ROS/catkin_ws/devel/share/common-lisp/ros/robotnik_msgs/msg/_package_BoolArray.lisp
Symlinking /home/xinyao/SAR_ROS/catkin_ws/devel/share/common-lisp/ros/robotnik_msgs/msg/_package_State.lisp
Symlinking /home/xinyao/SAR_ROS/catkin_ws/devel/share/common-lisp/ros/robotnik_msgs/msg/Pose2DStamped.lisp
Symlinking /home/xinyao/SAR_ROS/catkin_ws/devel/share/common-lisp/ros/robotnik_msgs/msg/encoders.lisp
Symlinking /home/xinyao/SAR_ROS/catkin_ws/devel/share/common-lisp/ros/robotnik_msgs/msg/_package_StringStamped.lisp
Symlinking /home/xinyao/SAR_ROS/catkin_ws/devel/share/common-lisp/ros/robotnik_msgs/msg/BatteryStatus.lisp
Symlinking /home/xinyao/SAR_ROS/catkin_ws/devel/share/common-lisp/ros/robotnik_msgs/msg/_package_OdomManualCalibrationStatusStamped.lisp
Symlinking /home/xinyao/SAR_ROS/catkin_ws/devel/share/common-lisp/ros/robotnik_msgs/msg/Registers.lisp
Symlinking /home/xinyao/SAR_ROS/catkin_ws/devel/share/common-lisp/ros/robotnik_msgs/msg/_package_RecordStatus.lisp
Symlinking /home/xinyao/SAR_ROS/catkin_ws/devel/share/common-lisp/ros/robotnik_msgs/msg/State.lisp
Symlinking /home/xinyao/SAR_ROS/catkin_ws/devel/share/common-lisp/ros/robotnik_msgs/msg/_package_Registers.lisp
Symlinking /home/xinyao/SAR_ROS/catkin_ws/devel/share/common-lisp/ros/robotnik_msgs/msg/_package_Pose2DStamped.lisp
Symlinking /home/xinyao/SAR_ROS/catkin_ws/devel/share/common-lisp/ros/robotnik_msgs/msg/_package_SetElevatorActionFeedback.lisp
Symlinking /home/xinyao/SAR_ROS/catkin_ws/devel/share/common-lisp/ros/robotnik_msgs/msg/_package_encoders.lisp
Symlinking /home/xinyao/SAR_ROS/catkin_ws/devel/share/common-lisp/ros/robotnik_msgs/msg/_package_LaserMode.lisp
Symlinking /home/xinyao/SAR_ROS/catkin_ws/devel/share/common-lisp/ros/robotnik_msgs/msg/_package_SetElevatorActionGoal.lisp
Symlinking /home/xinyao/SAR_ROS/catkin_ws/devel/share/common-lisp/ros/robotnik_msgs/msg/ReturnMessage.lisp
Symlinking /home/xinyao/SAR_ROS/catkin_ws/devel/share/common-lisp/ros/robotnik_msgs/msg/OdomCalibrationStatus.lisp
Symlinking /home/xinyao/SAR_ROS/catkin_ws/devel/share/common-lisp/ros/robotnik_msgs/msg/SetElevatorFeedback.lisp
Symlinking /home/xinyao/SAR_ROS/catkin_ws/devel/share/common-lisp/ros/robotnik_msgs/msg/_package_MotorReferenceValueArray.lisp
Symlinking /home/xinyao/SAR_ROS/catkin_ws/devel/share/common-lisp/ros/robotnik_msgs/msg/MotorReferenceValueArray.lisp
Symlinking /home/xinyao/SAR_ROS/catkin_ws/devel/share/common-lisp/ros/robotnik_msgs/msg/_package_PresenceSensor.lisp
Symlinking /home/xinyao/SAR_ROS/catkin_ws/devel/share/common-lisp/ros/robotnik_msgs/msg/_package_WatchdogStatusArray.lisp
Symlinking /home/xinyao/SAR_ROS/catkin_ws/devel/share/common-lisp/ros/robotnik_msgs/msg/_package_inputs_outputs.lisp
Symlinking /home/xinyao/SAR_ROS/catkin_ws/devel/share/common-lisp/ros/robotnik_msgs/msg/_package_ReturnMessage.lisp
Symlinking /home/xinyao/SAR_ROS/catkin_ws/devel/share/common-lisp/ros/robotnik_msgs/msg/_package_alarmmonitor.lisp
Symlinking /home/xinyao/SAR_ROS/catkin_ws/devel/share/common-lisp/ros/robotnik_msgs/msg/_package_MotorStatus.lisp
Symlinking /home/xinyao/SAR_ROS/catkin_ws/devel/share/common-lisp/ros/robotnik_msgs/msg/_package_MotorHeadingOffset.lisp
Symlinking /home/xinyao/SAR_ROS/catkin_ws/devel/share/common-lisp/ros/robotnik_msgs/msg/ElevatorStatus.lisp
Symlinking /home/xinyao/SAR_ROS/catkin_ws/devel/share/common-lisp/ros/robotnik_msgs/msg/LaserStatus.lisp
Symlinking /home/xinyao/SAR_ROS/catkin_ws/devel/share/common-lisp/ros/robotnik_msgs/msg/PantiltStatusStamped.lisp
Symlinking /home/xinyao/SAR_ROS/catkin_ws/devel/share/common-lisp/ros/robotnik_msgs/msg/LaserMode.lisp
Symlinking /home/xinyao/SAR_ROS/catkin_ws/devel/share/common-lisp/ros/robotnik_msgs/msg/SetElevatorActionGoal.lisp
Symlinking /home/xinyao/SAR_ROS/catkin_ws/devel/share/common-lisp/ros/robotnik_msgs/msg/_package_LaserStatus.lisp
Symlinking /home/xinyao/SAR_ROS/catkin_ws/devel/share/common-lisp/ros/robotnik_msgs/msg/Logger.lisp
Symlinking /home/xinyao/SAR_ROS/catkin_ws/devel/share/common-lisp/ros/robotnik_msgs/msg/_package_Register.lisp
Symlinking /home/xinyao/SAR_ROS/catkin_ws/devel/share/common-lisp/ros/robotnik_msgs/srv/_package_GetPOI.lisp
Symlinking /home/xinyao/SAR_ROS/catkin_ws/devel/share/common-lisp/ros/robotnik_msgs/srv/_package_SetTransform.lisp
Symlinking /home/xinyao/SAR_ROS/catkin_ws/devel/share/common-lisp/ros/robotnik_msgs/srv/SetTransform.lisp
Symlinking /home/xinyao/SAR_ROS/catkin_ws/devel/share/common-lisp/ros/robotnik_msgs/srv/_package_LoggerQuery.lisp
Symlinking /home/xinyao/SAR_ROS/catkin_ws/devel/share/common-lisp/ros/robotnik_msgs/srv/_package_ResetFromSubState.lisp
Symlinking /home/xinyao/SAR_ROS/catkin_ws/devel/share/common-lisp/ros/robotnik_msgs/srv/SetMotorPID.lisp
Symlinking /home/xinyao/SAR_ROS/catkin_ws/devel/share/common-lisp/ros/robotnik_msgs/srv/_package_SetNamedDigitalOutput.lisp
Symlinking /home/xinyao/SAR_ROS/catkin_ws/devel/share/common-lisp/ros/robotnik_msgs/srv/LoggerQuery.lisp
Symlinking /home/xinyao/SAR_ROS/catkin_ws/devel/share/common-lisp/ros/robotnik_msgs/srv/_package.lisp
Symlinking /home/xinyao/SAR_ROS/catkin_ws/devel/share/common-lisp/ros/robotnik_msgs/srv/set_digital_output.lisp
Symlinking /home/xinyao/SAR_ROS/catkin_ws/devel/share/common-lisp/ros/robotnik_msgs/srv/_package_set_odometry.lisp
Symlinking /home/xinyao/SAR_ROS/catkin_ws/devel/share/common-lisp/ros/robotnik_msgs/srv/enable_disable.lisp
Symlinking /home/xinyao/SAR_ROS/catkin_ws/devel/share/common-lisp/ros/robotnik_msgs/srv/_package_SetElevator.lisp
Symlinking /home/xinyao/SAR_ROS/catkin_ws/devel/share/common-lisp/ros/robotnik_msgs/srv/SetInt16.lisp
Symlinking /home/xinyao/SAR_ROS/catkin_ws/devel/share/common-lisp/ros/robotnik_msgs/srv/GetPTZ.lisp
Symlinking /home/xinyao/SAR_ROS/catkin_ws/devel/share/common-lisp/ros/robotnik_msgs/srv/_package_get_mode.lisp
Symlinking /home/xinyao/SAR_ROS/catkin_ws/devel/share/common-lisp/ros/robotnik_msgs/srv/_package_set_analog_output.lisp
Symlinking /home/xinyao/SAR_ROS/catkin_ws/devel/share/common-lisp/ros/robotnik_msgs/srv/set_named_digital_output.lisp
Symlinking /home/xinyao/SAR_ROS/catkin_ws/devel/share/common-lisp/ros/robotnik_msgs/srv/_package_set_CartesianEuler_pose.lisp
Symlinking /home/xinyao/SAR_ROS/catkin_ws/devel/share/common-lisp/ros/robotnik_msgs/srv/_package_set_ptz.lisp
Symlinking /home/xinyao/SAR_ROS/catkin_ws/devel/share/common-lisp/ros/robotnik_msgs/srv/_package_set_modbus_register_bit.lisp
Symlinking /home/xinyao/SAR_ROS/catkin_ws/devel/share/common-lisp/ros/robotnik_msgs/srv/set_float_value.lisp
Symlinking /home/xinyao/SAR_ROS/catkin_ws/devel/share/common-lisp/ros/robotnik_msgs/srv/SetMotorMode.lisp
Symlinking /home/xinyao/SAR_ROS/catkin_ws/devel/share/common-lisp/ros/robotnik_msgs/srv/_package_get_digital_input.lisp
Symlinking /home/xinyao/SAR_ROS/catkin_ws/devel/share/common-lisp/ros/robotnik_msgs/srv/_package_SetInt16.lisp
Symlinking /home/xinyao/SAR_ROS/catkin_ws/devel/share/common-lisp/ros/robotnik_msgs/srv/_package_SetMotorPID.lisp
Symlinking /home/xinyao/SAR_ROS/catkin_ws/devel/share/common-lisp/ros/robotnik_msgs/srv/_package_enable_disable.lisp
Symlinking /home/xinyao/SAR_ROS/catkin_ws/devel/share/common-lisp/ros/robotnik_msgs/srv/_package_SetByte.lisp
Symlinking /home/xinyao/SAR_ROS/catkin_ws/devel/share/common-lisp/ros/robotnik_msgs/srv/ResetFromSubState.lisp
Symlinking /home/xinyao/SAR_ROS/catkin_ws/devel/share/common-lisp/ros/robotnik_msgs/srv/set_odometry.lisp
Symlinking /home/xinyao/SAR_ROS/catkin_ws/devel/share/common-lisp/ros/robotnik_msgs/srv/_package_SetLaserMode.lisp
Symlinking /home/xinyao/SAR_ROS/catkin_ws/devel/share/common-lisp/ros/robotnik_msgs/srv/_package_QueryAlarms.lisp
Symlinking /home/xinyao/SAR_ROS/catkin_ws/devel/share/common-lisp/ros/robotnik_msgs/srv/SetMotorStatus.lisp
Symlinking /home/xinyao/SAR_ROS/catkin_ws/devel/share/common-lisp/ros/robotnik_msgs/srv/_package_set_height.lisp
Symlinking /home/xinyao/SAR_ROS/catkin_ws/devel/share/common-lisp/ros/robotnik_msgs/srv/set_CartesianEuler_pose.lisp
Symlinking /home/xinyao/SAR_ROS/catkin_ws/devel/share/common-lisp/ros/robotnik_msgs/srv/_package_InsertTask.lisp
Symlinking /home/xinyao/SAR_ROS/catkin_ws/devel/share/common-lisp/ros/robotnik_msgs/srv/_package_SetMotorMode.lisp
Symlinking /home/xinyao/SAR_ROS/catkin_ws/devel/share/common-lisp/ros/robotnik_msgs/srv/_package_GetPTZ.lisp
Symlinking /home/xinyao/SAR_ROS/catkin_ws/devel/share/common-lisp/ros/robotnik_msgs/srv/_package_set_digital_output.lisp
Symlinking /home/xinyao/SAR_ROS/catkin_ws/devel/share/common-lisp/ros/robotnik_msgs/srv/set_ptz.lisp
Symlinking /home/xinyao/SAR_ROS/catkin_ws/devel/share/common-lisp/ros/robotnik_msgs/srv/SetBuzzer.lisp
Symlinking /home/xinyao/SAR_ROS/catkin_ws/devel/share/common-lisp/ros/robotnik_msgs/srv/SetLaserMode.lisp
Symlinking /home/xinyao/SAR_ROS/catkin_ws/devel/share/common-lisp/ros/robotnik_msgs/srv/_package_SetCurrent.lisp
Symlinking /home/xinyao/SAR_ROS/catkin_ws/devel/share/common-lisp/ros/robotnik_msgs/srv/_package_get_modbus_register.lisp
Symlinking /home/xinyao/SAR_ROS/catkin_ws/devel/share/common-lisp/ros/robotnik_msgs/srv/GetBool.lisp
Symlinking /home/xinyao/SAR_ROS/catkin_ws/devel/share/common-lisp/ros/robotnik_msgs/srv/set_modbus_register_bit.lisp
Symlinking /home/xinyao/SAR_ROS/catkin_ws/devel/share/common-lisp/ros/robotnik_msgs/srv/set_modbus_register.lisp
Symlinking /home/xinyao/SAR_ROS/catkin_ws/devel/share/common-lisp/ros/robotnik_msgs/srv/SetElevator.lisp
Symlinking /home/xinyao/SAR_ROS/catkin_ws/devel/share/common-lisp/ros/robotnik_msgs/srv/_package_set_float_value.lisp
Symlinking /home/xinyao/SAR_ROS/catkin_ws/devel/share/common-lisp/ros/robotnik_msgs/srv/SetCurrent.lisp
Symlinking /home/xinyao/SAR_ROS/catkin_ws/devel/share/common-lisp/ros/robotnik_msgs/srv/GetPOI.lisp
Symlinking /home/xinyao/SAR_ROS/catkin_ws/devel/share/common-lisp/ros/robotnik_msgs/srv/get_digital_input.lisp
Symlinking /home/xinyao/SAR_ROS/catkin_ws/devel/share/common-lisp/ros/robotnik_msgs/srv/_package_axis_record.lisp
Symlinking /home/xinyao/SAR_ROS/catkin_ws/devel/share/common-lisp/ros/robotnik_msgs/srv/_package_SetString.lisp
Symlinking /home/xinyao/SAR_ROS/catkin_ws/devel/share/common-lisp/ros/robotnik_msgs/srv/_package_SetMotorStatus.lisp
Symlinking /home/xinyao/SAR_ROS/catkin_ws/devel/share/common-lisp/ros/robotnik_msgs/srv/set_analog_output.lisp
Symlinking /home/xinyao/SAR_ROS/catkin_ws/devel/share/common-lisp/ros/robotnik_msgs/srv/InsertTask.lisp
Symlinking /home/xinyao/SAR_ROS/catkin_ws/devel/share/common-lisp/ros/robotnik_msgs/srv/SetNamedDigitalOutput.lisp
Symlinking /home/xinyao/SAR_ROS/catkin_ws/devel/share/common-lisp/ros/robotnik_msgs/srv/_package_SetEncoderTurns.lisp
Symlinking /home/xinyao/SAR_ROS/catkin_ws/devel/share/common-lisp/ros/robotnik_msgs/srv/_package_ack_alarm.lisp
Symlinking /home/xinyao/SAR_ROS/catkin_ws/devel/share/common-lisp/ros/robotnik_msgs/srv/get_mode.lisp
Symlinking /home/xinyao/SAR_ROS/catkin_ws/devel/share/common-lisp/ros/robotnik_msgs/srv/_package_set_modbus_register.lisp
Symlinking /home/xinyao/SAR_ROS/catkin_ws/devel/share/common-lisp/ros/robotnik_msgs/srv/SetByte.lisp
Symlinking /home/xinyao/SAR_ROS/catkin_ws/devel/share/common-lisp/ros/robotnik_msgs/srv/get_modbus_register.lisp
Symlinking /home/xinyao/SAR_ROS/catkin_ws/devel/share/common-lisp/ros/robotnik_msgs/srv/Record.lisp
Symlinking /home/xinyao/SAR_ROS/catkin_ws/devel/share/common-lisp/ros/robotnik_msgs/srv/_package_get_alarms.lisp
Symlinking /home/xinyao/SAR_ROS/catkin_ws/devel/share/common-lisp/ros/robotnik_msgs/srv/_package_GetMotorsHeadingOffset.lisp
Symlinking /home/xinyao/SAR_ROS/catkin_ws/devel/share/common-lisp/ros/robotnik_msgs/srv/_package_home.lisp
Symlinking /home/xinyao/SAR_ROS/catkin_ws/devel/share/common-lisp/ros/robotnik_msgs/srv/home.lisp
Symlinking /home/xinyao/SAR_ROS/catkin_ws/devel/share/common-lisp/ros/robotnik_msgs/srv/robotnik_msgs-srv.asd
Symlinking /home/xinyao/SAR_ROS/catkin_ws/devel/share/common-lisp/ros/robotnik_msgs/srv/set_height.lisp
Symlinking /home/xinyao/SAR_ROS/catkin_ws/devel/share/common-lisp/ros/robotnik_msgs/srv/axis_record.lisp
Symlinking /home/xinyao/SAR_ROS/catkin_ws/devel/share/common-lisp/ros/robotnik_msgs/srv/QueryAlarms.lisp
Symlinking /home/xinyao/SAR_ROS/catkin_ws/devel/share/common-lisp/ros/robotnik_msgs/srv/GetMotorsHeadingOffset.lisp
Symlinking /home/xinyao/SAR_ROS/catkin_ws/devel/share/common-lisp/ros/robotnik_msgs/srv/_package_set_mode.lisp
Symlinking /home/xinyao/SAR_ROS/catkin_ws/devel/share/common-lisp/ros/robotnik_msgs/srv/_package_Record.lisp
Symlinking /home/xinyao/SAR_ROS/catkin_ws/devel/share/common-lisp/ros/robotnik_msgs/srv/ack_alarm.lisp
Symlinking /home/xinyao/SAR_ROS/catkin_ws/devel/share/common-lisp/ros/robotnik_msgs/srv/SetString.lisp
Symlinking /home/xinyao/SAR_ROS/catkin_ws/devel/share/common-lisp/ros/robotnik_msgs/srv/_package_GetBool.lisp
Symlinking /home/xinyao/SAR_ROS/catkin_ws/devel/share/common-lisp/ros/robotnik_msgs/srv/get_alarms.lisp
Symlinking /home/xinyao/SAR_ROS/catkin_ws/devel/share/common-lisp/ros/robotnik_msgs/srv/set_mode.lisp
Symlinking /home/xinyao/SAR_ROS/catkin_ws/devel/share/common-lisp/ros/robotnik_msgs/srv/_package_SetBuzzer.lisp
Symlinking /home/xinyao/SAR_ROS/catkin_ws/devel/share/common-lisp/ros/robotnik_msgs/srv/_package_set_named_digital_output.lisp
Symlinking /home/xinyao/SAR_ROS/catkin_ws/devel/share/common-lisp/ros/robotnik_msgs/srv/SetEncoderTurns.lisp
Symlinking /home/xinyao/SAR_ROS/catkin_ws/devel/share/roseus/ros/robotnik_msgs/manifest.l
Symlinking /home/xinyao/SAR_ROS/catkin_ws/devel/share/roseus/ros/robotnik_msgs/msg/ReturnMessage.l
Symlinking /home/xinyao/SAR_ROS/catkin_ws/devel/share/roseus/ros/robotnik_msgs/msg/PresenceSensor.l
Symlinking /home/xinyao/SAR_ROS/catkin_ws/devel/share/roseus/ros/robotnik_msgs/msg/Data.l
Symlinking /home/xinyao/SAR_ROS/catkin_ws/devel/share/roseus/ros/robotnik_msgs/msg/BatteryStatusStamped.l
Symlinking /home/xinyao/SAR_ROS/catkin_ws/devel/share/roseus/ros/robotnik_msgs/msg/MotorStatus.l
Symlinking /home/xinyao/SAR_ROS/catkin_ws/devel/share/roseus/ros/robotnik_msgs/msg/BatteryDockingStatusStamped.l
Symlinking /home/xinyao/SAR_ROS/catkin_ws/devel/share/roseus/ros/robotnik_msgs/msg/OdomManualCalibrationStatus.l
Symlinking /home/xinyao/SAR_ROS/catkin_ws/devel/share/roseus/ros/robotnik_msgs/msg/SetElevatorResult.l
Symlinking /home/xinyao/SAR_ROS/catkin_ws/devel/share/roseus/ros/robotnik_msgs/msg/StringArray.l
Symlinking /home/xinyao/SAR_ROS/catkin_ws/devel/share/roseus/ros/robotnik_msgs/msg/PantiltStatus.l
Symlinking /home/xinyao/SAR_ROS/catkin_ws/devel/share/roseus/ros/robotnik_msgs/msg/Pose2DStamped.l
Symlinking /home/xinyao/SAR_ROS/catkin_ws/devel/share/roseus/ros/robotnik_msgs/msg/encoders.l
Symlinking /home/xinyao/SAR_ROS/catkin_ws/devel/share/roseus/ros/robotnik_msgs/msg/ptz.l
Symlinking /home/xinyao/SAR_ROS/catkin_ws/devel/share/roseus/ros/robotnik_msgs/msg/SafetyModuleStatus.l
Symlinking /home/xinyao/SAR_ROS/catkin_ws/devel/share/roseus/ros/robotnik_msgs/msg/StringStamped.l
Symlinking /home/xinyao/SAR_ROS/catkin_ws/devel/share/roseus/ros/robotnik_msgs/msg/OdomCalibrationStatus.l
Symlinking /home/xinyao/SAR_ROS/catkin_ws/devel/share/roseus/ros/robotnik_msgs/msg/MotorPID.l
Symlinking /home/xinyao/SAR_ROS/catkin_ws/devel/share/roseus/ros/robotnik_msgs/msg/SetElevatorAction.l
Symlinking /home/xinyao/SAR_ROS/catkin_ws/devel/share/roseus/ros/robotnik_msgs/msg/AlarmSensor.l
Symlinking /home/xinyao/SAR_ROS/catkin_ws/devel/share/roseus/ros/robotnik_msgs/msg/Logger.l
Symlinking /home/xinyao/SAR_ROS/catkin_ws/devel/share/roseus/ros/robotnik_msgs/msg/Interfaces.l
Symlinking /home/xinyao/SAR_ROS/catkin_ws/devel/share/roseus/ros/robotnik_msgs/msg/QueryAlarm.l
Symlinking /home/xinyao/SAR_ROS/catkin_ws/devel/share/roseus/ros/robotnik_msgs/msg/alarmmonitor.l
Symlinking /home/xinyao/SAR_ROS/catkin_ws/devel/share/roseus/ros/robotnik_msgs/msg/SetElevatorActionGoal.l
Symlinking /home/xinyao/SAR_ROS/catkin_ws/devel/share/roseus/ros/robotnik_msgs/msg/MotorsStatus.l
Symlinking /home/xinyao/SAR_ROS/catkin_ws/devel/share/roseus/ros/robotnik_msgs/msg/InverterStatus.l
Symlinking /home/xinyao/SAR_ROS/catkin_ws/devel/share/roseus/ros/robotnik_msgs/msg/OdomCalibrationStatusStamped.l
Symlinking /home/xinyao/SAR_ROS/catkin_ws/devel/share/roseus/ros/robotnik_msgs/msg/inputs_outputs.l
Symlinking /home/xinyao/SAR_ROS/catkin_ws/devel/share/roseus/ros/robotnik_msgs/msg/SetElevatorActionResult.l
Symlinking /home/xinyao/SAR_ROS/catkin_ws/devel/share/roseus/ros/robotnik_msgs/msg/Registers.l
Symlinking /home/xinyao/SAR_ROS/catkin_ws/devel/share/roseus/ros/robotnik_msgs/msg/PantiltStatusStamped.l
Symlinking /home/xinyao/SAR_ROS/catkin_ws/devel/share/roseus/ros/robotnik_msgs/msg/PresenceSensorArray.l
Symlinking /home/xinyao/SAR_ROS/catkin_ws/devel/share/roseus/ros/robotnik_msgs/msg/SetElevatorActionFeedback.l
Symlinking /home/xinyao/SAR_ROS/catkin_ws/devel/share/roseus/ros/robotnik_msgs/msg/ElevatorStatus.l
Symlinking /home/xinyao/SAR_ROS/catkin_ws/devel/share/roseus/ros/robotnik_msgs/msg/Axis.l
Symlinking /home/xinyao/SAR_ROS/catkin_ws/devel/share/roseus/ros/robotnik_msgs/msg/RobotnikMotorsStatus.l
Symlinking /home/xinyao/SAR_ROS/catkin_ws/devel/share/roseus/ros/robotnik_msgs/msg/ArmStatus.l
Symlinking /home/xinyao/SAR_ROS/catkin_ws/devel/share/roseus/ros/robotnik_msgs/msg/BoolArray.l
Symlinking /home/xinyao/SAR_ROS/catkin_ws/devel/share/roseus/ros/robotnik_msgs/msg/MotorReferenceValue.l
Symlinking /home/xinyao/SAR_ROS/catkin_ws/devel/share/roseus/ros/robotnik_msgs/msg/LaserMode.l
Symlinking /home/xinyao/SAR_ROS/catkin_ws/devel/share/roseus/ros/robotnik_msgs/msg/Alarms.l
Symlinking /home/xinyao/SAR_ROS/catkin_ws/devel/share/roseus/ros/robotnik_msgs/msg/OdomManualCalibrationStatusStamped.l
Symlinking /home/xinyao/SAR_ROS/catkin_ws/devel/share/roseus/ros/robotnik_msgs/msg/ElevatorAction.l
Symlinking /home/xinyao/SAR_ROS/catkin_ws/devel/share/roseus/ros/robotnik_msgs/msg/LaserStatus.l
Symlinking /home/xinyao/SAR_ROS/catkin_ws/devel/share/roseus/ros/robotnik_msgs/msg/Register.l
Symlinking /home/xinyao/SAR_ROS/catkin_ws/devel/share/roseus/ros/robotnik_msgs/msg/SubState.l
Symlinking /home/xinyao/SAR_ROS/catkin_ws/devel/share/roseus/ros/robotnik_msgs/msg/SetElevatorFeedback.l
Symlinking /home/xinyao/SAR_ROS/catkin_ws/devel/share/roseus/ros/robotnik_msgs/msg/WatchdogStatusArray.l
Symlinking /home/xinyao/SAR_ROS/catkin_ws/devel/share/roseus/ros/robotnik_msgs/msg/MotorCurrent.l
Symlinking /home/xinyao/SAR_ROS/catkin_ws/devel/share/roseus/ros/robotnik_msgs/msg/SetElevatorGoal.l
Symlinking /home/xinyao/SAR_ROS/catkin_ws/devel/share/roseus/ros/robotnik_msgs/msg/BatteryStatus.l
Symlinking /home/xinyao/SAR_ROS/catkin_ws/devel/share/roseus/ros/robotnik_msgs/msg/alarmsmonitor.l
Symlinking /home/xinyao/SAR_ROS/catkin_ws/devel/share/roseus/ros/robotnik_msgs/msg/named_inputs_outputs.l
Symlinking /home/xinyao/SAR_ROS/catkin_ws/devel/share/roseus/ros/robotnik_msgs/msg/State.l
Symlinking /home/xinyao/SAR_ROS/catkin_ws/devel/share/roseus/ros/robotnik_msgs/msg/Cartesian_Euler_pose.l
Symlinking /home/xinyao/SAR_ROS/catkin_ws/devel/share/roseus/ros/robotnik_msgs/msg/MotorReferenceValueArray.l
Symlinking /home/xinyao/SAR_ROS/catkin_ws/devel/share/roseus/ros/robotnik_msgs/msg/named_input_output.l
Symlinking /home/xinyao/SAR_ROS/catkin_ws/devel/share/roseus/ros/robotnik_msgs/msg/WatchdogStatus.l
Symlinking /home/xinyao/SAR_ROS/catkin_ws/devel/share/roseus/ros/robotnik_msgs/msg/BatteryDockingStatus.l
Symlinking /home/xinyao/SAR_ROS/catkin_ws/devel/share/roseus/ros/robotnik_msgs/msg/MotorsStatusDifferential.l
Symlinking /home/xinyao/SAR_ROS/catkin_ws/devel/share/roseus/ros/robotnik_msgs/msg/Pose2DArray.l
Symlinking /home/xinyao/SAR_ROS/catkin_ws/devel/share/roseus/ros/robotnik_msgs/msg/RecordStatus.l
Symlinking /home/xinyao/SAR_ROS/catkin_ws/devel/share/roseus/ros/robotnik_msgs/msg/MotorHeadingOffset.l
Symlinking /home/xinyao/SAR_ROS/catkin_ws/devel/share/roseus/ros/robotnik_msgs/srv/InsertTask.l
Symlinking /home/xinyao/SAR_ROS/catkin_ws/devel/share/roseus/ros/robotnik_msgs/srv/SetTransform.l
Symlinking /home/xinyao/SAR_ROS/catkin_ws/devel/share/roseus/ros/robotnik_msgs/srv/get_mode.l
Symlinking /home/xinyao/SAR_ROS/catkin_ws/devel/share/roseus/ros/robotnik_msgs/srv/Record.l
Symlinking /home/xinyao/SAR_ROS/catkin_ws/devel/share/roseus/ros/robotnik_msgs/srv/SetInt16.l
Symlinking /home/xinyao/SAR_ROS/catkin_ws/devel/share/roseus/ros/robotnik_msgs/srv/GetBool.l
Symlinking /home/xinyao/SAR_ROS/catkin_ws/devel/share/roseus/ros/robotnik_msgs/srv/home.l
Symlinking /home/xinyao/SAR_ROS/catkin_ws/devel/share/roseus/ros/robotnik_msgs/srv/GetPOI.l
Symlinking /home/xinyao/SAR_ROS/catkin_ws/devel/share/roseus/ros/robotnik_msgs/srv/GetMotorsHeadingOffset.l
Symlinking /home/xinyao/SAR_ROS/catkin_ws/devel/share/roseus/ros/robotnik_msgs/srv/set_digital_output.l
Symlinking /home/xinyao/SAR_ROS/catkin_ws/devel/share/roseus/ros/robotnik_msgs/srv/SetBuzzer.l
Symlinking /home/xinyao/SAR_ROS/catkin_ws/devel/share/roseus/ros/robotnik_msgs/srv/set_float_value.l
Symlinking /home/xinyao/SAR_ROS/catkin_ws/devel/share/roseus/ros/robotnik_msgs/srv/SetEncoderTurns.l
Symlinking /home/xinyao/SAR_ROS/catkin_ws/devel/share/roseus/ros/robotnik_msgs/srv/SetMotorMode.l
Symlinking /home/xinyao/SAR_ROS/catkin_ws/devel/share/roseus/ros/robotnik_msgs/srv/GetPTZ.l
Symlinking /home/xinyao/SAR_ROS/catkin_ws/devel/share/roseus/ros/robotnik_msgs/srv/LoggerQuery.l
Symlinking /home/xinyao/SAR_ROS/catkin_ws/devel/share/roseus/ros/robotnik_msgs/srv/SetElevator.l
Symlinking /home/xinyao/SAR_ROS/catkin_ws/devel/share/roseus/ros/robotnik_msgs/srv/set_height.l
Symlinking /home/xinyao/SAR_ROS/catkin_ws/devel/share/roseus/ros/robotnik_msgs/srv/SetByte.l
Symlinking /home/xinyao/SAR_ROS/catkin_ws/devel/share/roseus/ros/robotnik_msgs/srv/ResetFromSubState.l
Symlinking /home/xinyao/SAR_ROS/catkin_ws/devel/share/roseus/ros/robotnik_msgs/srv/set_named_digital_output.l
Symlinking /home/xinyao/SAR_ROS/catkin_ws/devel/share/roseus/ros/robotnik_msgs/srv/get_digital_input.l
Symlinking /home/xinyao/SAR_ROS/catkin_ws/devel/share/roseus/ros/robotnik_msgs/srv/SetMotorStatus.l
Symlinking /home/xinyao/SAR_ROS/catkin_ws/devel/share/roseus/ros/robotnik_msgs/srv/get_alarms.l
Symlinking /home/xinyao/SAR_ROS/catkin_ws/devel/share/roseus/ros/robotnik_msgs/srv/SetNamedDigitalOutput.l
Symlinking /home/xinyao/SAR_ROS/catkin_ws/devel/share/roseus/ros/robotnik_msgs/srv/SetString.l
Symlinking /home/xinyao/SAR_ROS/catkin_ws/devel/share/roseus/ros/robotnik_msgs/srv/set_analog_output.l
Symlinking /home/xinyao/SAR_ROS/catkin_ws/devel/share/roseus/ros/robotnik_msgs/srv/axis_record.l
Symlinking /home/xinyao/SAR_ROS/catkin_ws/devel/share/roseus/ros/robotnik_msgs/srv/get_modbus_register.l
Symlinking /home/xinyao/SAR_ROS/catkin_ws/devel/share/roseus/ros/robotnik_msgs/srv/SetCurrent.l
Symlinking /home/xinyao/SAR_ROS/catkin_ws/devel/share/roseus/ros/robotnik_msgs/srv/set_ptz.l
Symlinking /home/xinyao/SAR_ROS/catkin_ws/devel/share/roseus/ros/robotnik_msgs/srv/SetLaserMode.l
Symlinking /home/xinyao/SAR_ROS/catkin_ws/devel/share/roseus/ros/robotnik_msgs/srv/ack_alarm.l
Symlinking /home/xinyao/SAR_ROS/catkin_ws/devel/share/roseus/ros/robotnik_msgs/srv/QueryAlarms.l
Symlinking /home/xinyao/SAR_ROS/catkin_ws/devel/share/roseus/ros/robotnik_msgs/srv/set_modbus_register_bit.l
Symlinking /home/xinyao/SAR_ROS/catkin_ws/devel/share/roseus/ros/robotnik_msgs/srv/SetMotorPID.l
Symlinking /home/xinyao/SAR_ROS/catkin_ws/devel/share/roseus/ros/robotnik_msgs/srv/set_odometry.l
Symlinking /home/xinyao/SAR_ROS/catkin_ws/devel/share/roseus/ros/robotnik_msgs/srv/set_mode.l
Symlinking /home/xinyao/SAR_ROS/catkin_ws/devel/share/roseus/ros/robotnik_msgs/srv/enable_disable.l
Symlinking /home/xinyao/SAR_ROS/catkin_ws/devel/share/roseus/ros/robotnik_msgs/srv/set_CartesianEuler_pose.l
Symlinking /home/xinyao/SAR_ROS/catkin_ws/devel/share/roseus/ros/robotnik_msgs/srv/set_modbus_register.l
Symlinking /home/xinyao/SAR_ROS/catkin_ws/devel/share/robotnik_msgs/msg/SetElevatorAction.msg
Symlinking /home/xinyao/SAR_ROS/catkin_ws/devel/share/robotnik_msgs/msg/SetElevatorActionResult.msg
Symlinking /home/xinyao/SAR_ROS/catkin_ws/devel/share/robotnik_msgs/msg/SetElevatorActionGoal.msg
Symlinking /home/xinyao/SAR_ROS/catkin_ws/devel/share/robotnik_msgs/msg/SetElevatorResult.msg
Symlinking /home/xinyao/SAR_ROS/catkin_ws/devel/share/robotnik_msgs/msg/SetElevatorGoal.msg
Symlinking /home/xinyao/SAR_ROS/catkin_ws/devel/share/robotnik_msgs/msg/SetElevatorFeedback.msg
Symlinking /home/xinyao/SAR_ROS/catkin_ws/devel/share/robotnik_msgs/msg/SetElevatorActionFeedback.msg
Symlinking /home/xinyao/SAR_ROS/catkin_ws/devel/share/robotnik_msgs/cmake/robotnik_msgsConfig.cmake
Symlinking /home/xinyao/SAR_ROS/catkin_ws/devel/share/robotnik_msgs/cmake/robotnik_msgs-msg-paths.cmake
Symlinking /home/xinyao/SAR_ROS/catkin_ws/devel/share/robotnik_msgs/cmake/robotnik_msgsConfig-version.cmake
Symlinking /home/xinyao/SAR_ROS/catkin_ws/devel/share/robotnik_msgs/cmake/robotnik_msgs-msg-extras.cmake
Symlinking /home/xinyao/SAR_ROS/catkin_ws/devel/share/gennodejs/ros/robotnik_msgs/_index.js
Symlinking /home/xinyao/SAR_ROS/catkin_ws/devel/share/gennodejs/ros/robotnik_msgs/msg/BatteryStatus.js
Symlinking /home/xinyao/SAR_ROS/catkin_ws/devel/share/gennodejs/ros/robotnik_msgs/msg/Axis.js
Symlinking /home/xinyao/SAR_ROS/catkin_ws/devel/share/gennodejs/ros/robotnik_msgs/msg/Cartesian_Euler_pose.js
Symlinking /home/xinyao/SAR_ROS/catkin_ws/devel/share/gennodejs/ros/robotnik_msgs/msg/SetElevatorFeedback.js
Symlinking /home/xinyao/SAR_ROS/catkin_ws/devel/share/gennodejs/ros/robotnik_msgs/msg/SetElevatorActionGoal.js
Symlinking /home/xinyao/SAR_ROS/catkin_ws/devel/share/gennodejs/ros/robotnik_msgs/msg/named_input_output.js
Symlinking /home/xinyao/SAR_ROS/catkin_ws/devel/share/gennodejs/ros/robotnik_msgs/msg/OdomCalibrationStatus.js
Symlinking /home/xinyao/SAR_ROS/catkin_ws/devel/share/gennodejs/ros/robotnik_msgs/msg/SetElevatorActionFeedback.js
Symlinking /home/xinyao/SAR_ROS/catkin_ws/devel/share/gennodejs/ros/robotnik_msgs/msg/MotorCurrent.js
Symlinking /home/xinyao/SAR_ROS/catkin_ws/devel/share/gennodejs/ros/robotnik_msgs/msg/PantiltStatusStamped.js
Symlinking /home/xinyao/SAR_ROS/catkin_ws/devel/share/gennodejs/ros/robotnik_msgs/msg/SetElevatorGoal.js
Symlinking /home/xinyao/SAR_ROS/catkin_ws/devel/share/gennodejs/ros/robotnik_msgs/msg/RobotnikMotorsStatus.js
Symlinking /home/xinyao/SAR_ROS/catkin_ws/devel/share/gennodejs/ros/robotnik_msgs/msg/PantiltStatus.js
Symlinking /home/xinyao/SAR_ROS/catkin_ws/devel/share/gennodejs/ros/robotnik_msgs/msg/inputs_outputs.js
Symlinking /home/xinyao/SAR_ROS/catkin_ws/devel/share/gennodejs/ros/robotnik_msgs/msg/Logger.js
Symlinking /home/xinyao/SAR_ROS/catkin_ws/devel/share/gennodejs/ros/robotnik_msgs/msg/_index.js
Symlinking /home/xinyao/SAR_ROS/catkin_ws/devel/share/gennodejs/ros/robotnik_msgs/msg/MotorPID.js
Symlinking /home/xinyao/SAR_ROS/catkin_ws/devel/share/gennodejs/ros/robotnik_msgs/msg/SetElevatorResult.js
Symlinking /home/xinyao/SAR_ROS/catkin_ws/devel/share/gennodejs/ros/robotnik_msgs/msg/MotorStatus.js
Symlinking /home/xinyao/SAR_ROS/catkin_ws/devel/share/gennodejs/ros/robotnik_msgs/msg/Pose2DStamped.js
Symlinking /home/xinyao/SAR_ROS/catkin_ws/devel/share/gennodejs/ros/robotnik_msgs/msg/OdomManualCalibrationStatus.js
Symlinking /home/xinyao/SAR_ROS/catkin_ws/devel/share/gennodejs/ros/robotnik_msgs/msg/QueryAlarm.js
Symlinking /home/xinyao/SAR_ROS/catkin_ws/devel/share/gennodejs/ros/robotnik_msgs/msg/RecordStatus.js
Symlinking /home/xinyao/SAR_ROS/catkin_ws/devel/share/gennodejs/ros/robotnik_msgs/msg/MotorsStatusDifferential.js
Symlinking /home/xinyao/SAR_ROS/catkin_ws/devel/share/gennodejs/ros/robotnik_msgs/msg/ReturnMessage.js
Symlinking /home/xinyao/SAR_ROS/catkin_ws/devel/share/gennodejs/ros/robotnik_msgs/msg/Data.js
Symlinking /home/xinyao/SAR_ROS/catkin_ws/devel/share/gennodejs/ros/robotnik_msgs/msg/MotorsStatus.js
Symlinking /home/xinyao/SAR_ROS/catkin_ws/devel/share/gennodejs/ros/robotnik_msgs/msg/alarmmonitor.js
Symlinking /home/xinyao/SAR_ROS/catkin_ws/devel/share/gennodejs/ros/robotnik_msgs/msg/BatteryDockingStatusStamped.js
Symlinking /home/xinyao/SAR_ROS/catkin_ws/devel/share/gennodejs/ros/robotnik_msgs/msg/ptz.js
Symlinking /home/xinyao/SAR_ROS/catkin_ws/devel/share/gennodejs/ros/robotnik_msgs/msg/encoders.js
Symlinking /home/xinyao/SAR_ROS/catkin_ws/devel/share/gennodejs/ros/robotnik_msgs/msg/BatteryStatusStamped.js
Symlinking /home/xinyao/SAR_ROS/catkin_ws/devel/share/gennodejs/ros/robotnik_msgs/msg/MotorHeadingOffset.js
Symlinking /home/xinyao/SAR_ROS/catkin_ws/devel/share/gennodejs/ros/robotnik_msgs/msg/SubState.js
Symlinking /home/xinyao/SAR_ROS/catkin_ws/devel/share/gennodejs/ros/robotnik_msgs/msg/OdomCalibrationStatusStamped.js
Symlinking /home/xinyao/SAR_ROS/catkin_ws/devel/share/gennodejs/ros/robotnik_msgs/msg/Registers.js
Symlinking /home/xinyao/SAR_ROS/catkin_ws/devel/share/gennodejs/ros/robotnik_msgs/msg/Alarms.js
Symlinking /home/xinyao/SAR_ROS/catkin_ws/devel/share/gennodejs/ros/robotnik_msgs/msg/ArmStatus.js
Symlinking /home/xinyao/SAR_ROS/catkin_ws/devel/share/gennodejs/ros/robotnik_msgs/msg/StringStamped.js
Symlinking /home/xinyao/SAR_ROS/catkin_ws/devel/share/gennodejs/ros/robotnik_msgs/msg/MotorReferenceValue.js
Symlinking /home/xinyao/SAR_ROS/catkin_ws/devel/share/gennodejs/ros/robotnik_msgs/msg/Pose2DArray.js
Symlinking /home/xinyao/SAR_ROS/catkin_ws/devel/share/gennodejs/ros/robotnik_msgs/msg/BoolArray.js
Symlinking /home/xinyao/SAR_ROS/catkin_ws/devel/share/gennodejs/ros/robotnik_msgs/msg/SetElevatorActionResult.js
Symlinking /home/xinyao/SAR_ROS/catkin_ws/devel/share/gennodejs/ros/robotnik_msgs/msg/alarmsmonitor.js
Symlinking /home/xinyao/SAR_ROS/catkin_ws/devel/share/gennodejs/ros/robotnik_msgs/msg/PresenceSensorArray.js
Symlinking /home/xinyao/SAR_ROS/catkin_ws/devel/share/gennodejs/ros/robotnik_msgs/msg/BatteryDockingStatus.js
Symlinking /home/xinyao/SAR_ROS/catkin_ws/devel/share/gennodejs/ros/robotnik_msgs/msg/WatchdogStatus.js
Symlinking /home/xinyao/SAR_ROS/catkin_ws/devel/share/gennodejs/ros/robotnik_msgs/msg/Register.js
Symlinking /home/xinyao/SAR_ROS/catkin_ws/devel/share/gennodejs/ros/robotnik_msgs/msg/SetElevatorAction.js
Symlinking /home/xinyao/SAR_ROS/catkin_ws/devel/share/gennodejs/ros/robotnik_msgs/msg/State.js
Symlinking /home/xinyao/SAR_ROS/catkin_ws/devel/share/gennodejs/ros/robotnik_msgs/msg/named_inputs_outputs.js
Symlinking /home/xinyao/SAR_ROS/catkin_ws/devel/share/gennodejs/ros/robotnik_msgs/msg/ElevatorStatus.js
Symlinking /home/xinyao/SAR_ROS/catkin_ws/devel/share/gennodejs/ros/robotnik_msgs/msg/Interfaces.js
Symlinking /home/xinyao/SAR_ROS/catkin_ws/devel/share/gennodejs/ros/robotnik_msgs/msg/WatchdogStatusArray.js
Symlinking /home/xinyao/SAR_ROS/catkin_ws/devel/share/gennodejs/ros/robotnik_msgs/msg/LaserMode.js
Symlinking /home/xinyao/SAR_ROS/catkin_ws/devel/share/gennodejs/ros/robotnik_msgs/msg/StringArray.js
Symlinking /home/xinyao/SAR_ROS/catkin_ws/devel/share/gennodejs/ros/robotnik_msgs/msg/PresenceSensor.js
Symlinking /home/xinyao/SAR_ROS/catkin_ws/devel/share/gennodejs/ros/robotnik_msgs/msg/AlarmSensor.js
Symlinking /home/xinyao/SAR_ROS/catkin_ws/devel/share/gennodejs/ros/robotnik_msgs/msg/OdomManualCalibrationStatusStamped.js
Symlinking /home/xinyao/SAR_ROS/catkin_ws/devel/share/gennodejs/ros/robotnik_msgs/msg/MotorReferenceValueArray.js
Symlinking /home/xinyao/SAR_ROS/catkin_ws/devel/share/gennodejs/ros/robotnik_msgs/msg/InverterStatus.js
Symlinking /home/xinyao/SAR_ROS/catkin_ws/devel/share/gennodejs/ros/robotnik_msgs/msg/ElevatorAction.js
Symlinking /home/xinyao/SAR_ROS/catkin_ws/devel/share/gennodejs/ros/robotnik_msgs/msg/LaserStatus.js
Symlinking /home/xinyao/SAR_ROS/catkin_ws/devel/share/gennodejs/ros/robotnik_msgs/msg/SafetyModuleStatus.js
Symlinking /home/xinyao/SAR_ROS/catkin_ws/devel/share/gennodejs/ros/robotnik_msgs/srv/set_analog_output.js
Symlinking /home/xinyao/SAR_ROS/catkin_ws/devel/share/gennodejs/ros/robotnik_msgs/srv/set_mode.js
Symlinking /home/xinyao/SAR_ROS/catkin_ws/devel/share/gennodejs/ros/robotnik_msgs/srv/SetByte.js
Symlinking /home/xinyao/SAR_ROS/catkin_ws/devel/share/gennodejs/ros/robotnik_msgs/srv/SetString.js
Symlinking /home/xinyao/SAR_ROS/catkin_ws/devel/share/gennodejs/ros/robotnik_msgs/srv/get_mode.js
Symlinking /home/xinyao/SAR_ROS/catkin_ws/devel/share/gennodejs/ros/robotnik_msgs/srv/set_ptz.js
Symlinking /home/xinyao/SAR_ROS/catkin_ws/devel/share/gennodejs/ros/robotnik_msgs/srv/SetMotorPID.js
Symlinking /home/xinyao/SAR_ROS/catkin_ws/devel/share/gennodejs/ros/robotnik_msgs/srv/GetBool.js
Symlinking /home/xinyao/SAR_ROS/catkin_ws/devel/share/gennodejs/ros/robotnik_msgs/srv/set_digital_output.js
Symlinking /home/xinyao/SAR_ROS/catkin_ws/devel/share/gennodejs/ros/robotnik_msgs/srv/ResetFromSubState.js
Symlinking /home/xinyao/SAR_ROS/catkin_ws/devel/share/gennodejs/ros/robotnik_msgs/srv/set_modbus_register.js
Symlinking /home/xinyao/SAR_ROS/catkin_ws/devel/share/gennodejs/ros/robotnik_msgs/srv/_index.js
Symlinking /home/xinyao/SAR_ROS/catkin_ws/devel/share/gennodejs/ros/robotnik_msgs/srv/SetNamedDigitalOutput.js
Symlinking /home/xinyao/SAR_ROS/catkin_ws/devel/share/gennodejs/ros/robotnik_msgs/srv/QueryAlarms.js
Symlinking /home/xinyao/SAR_ROS/catkin_ws/devel/share/gennodejs/ros/robotnik_msgs/srv/SetElevator.js
Symlinking /home/xinyao/SAR_ROS/catkin_ws/devel/share/gennodejs/ros/robotnik_msgs/srv/set_modbus_register_bit.js
Symlinking /home/xinyao/SAR_ROS/catkin_ws/devel/share/gennodejs/ros/robotnik_msgs/srv/get_digital_input.js
Symlinking /home/xinyao/SAR_ROS/catkin_ws/devel/share/gennodejs/ros/robotnik_msgs/srv/GetPOI.js
Symlinking /home/xinyao/SAR_ROS/catkin_ws/devel/share/gennodejs/ros/robotnik_msgs/srv/set_CartesianEuler_pose.js
Symlinking /home/xinyao/SAR_ROS/catkin_ws/devel/share/gennodejs/ros/robotnik_msgs/srv/SetBuzzer.js
Symlinking /home/xinyao/SAR_ROS/catkin_ws/devel/share/gennodejs/ros/robotnik_msgs/srv/SetMotorMode.js
Symlinking /home/xinyao/SAR_ROS/catkin_ws/devel/share/gennodejs/ros/robotnik_msgs/srv/SetLaserMode.js
Symlinking /home/xinyao/SAR_ROS/catkin_ws/devel/share/gennodejs/ros/robotnik_msgs/srv/SetCurrent.js
Symlinking /home/xinyao/SAR_ROS/catkin_ws/devel/share/gennodejs/ros/robotnik_msgs/srv/enable_disable.js
Symlinking /home/xinyao/SAR_ROS/catkin_ws/devel/share/gennodejs/ros/robotnik_msgs/srv/Record.js
Symlinking /home/xinyao/SAR_ROS/catkin_ws/devel/share/gennodejs/ros/robotnik_msgs/srv/set_height.js
Symlinking /home/xinyao/SAR_ROS/catkin_ws/devel/share/gennodejs/ros/robotnik_msgs/srv/GetPTZ.js
Symlinking /home/xinyao/SAR_ROS/catkin_ws/devel/share/gennodejs/ros/robotnik_msgs/srv/SetMotorStatus.js
Symlinking /home/xinyao/SAR_ROS/catkin_ws/devel/share/gennodejs/ros/robotnik_msgs/srv/axis_record.js
Symlinking /home/xinyao/SAR_ROS/catkin_ws/devel/share/gennodejs/ros/robotnik_msgs/srv/home.js
Symlinking /home/xinyao/SAR_ROS/catkin_ws/devel/share/gennodejs/ros/robotnik_msgs/srv/LoggerQuery.js
Symlinking /home/xinyao/SAR_ROS/catkin_ws/devel/share/gennodejs/ros/robotnik_msgs/srv/set_named_digital_output.js
Symlinking /home/xinyao/SAR_ROS/catkin_ws/devel/share/gennodejs/ros/robotnik_msgs/srv/GetMotorsHeadingOffset.js
Symlinking /home/xinyao/SAR_ROS/catkin_ws/devel/share/gennodejs/ros/robotnik_msgs/srv/SetInt16.js
Symlinking /home/xinyao/SAR_ROS/catkin_ws/devel/share/gennodejs/ros/robotnik_msgs/srv/get_modbus_register.js
Symlinking /home/xinyao/SAR_ROS/catkin_ws/devel/share/gennodejs/ros/robotnik_msgs/srv/set_float_value.js
Symlinking /home/xinyao/SAR_ROS/catkin_ws/devel/share/gennodejs/ros/robotnik_msgs/srv/get_alarms.js
Symlinking /home/xinyao/SAR_ROS/catkin_ws/devel/share/gennodejs/ros/robotnik_msgs/srv/InsertTask.js
Symlinking /home/xinyao/SAR_ROS/catkin_ws/devel/share/gennodejs/ros/robotnik_msgs/srv/SetTransform.js
Symlinking /home/xinyao/SAR_ROS/catkin_ws/devel/share/gennodejs/ros/robotnik_msgs/srv/ack_alarm.js
Symlinking /home/xinyao/SAR_ROS/catkin_ws/devel/share/gennodejs/ros/robotnik_msgs/srv/SetEncoderTurns.js
Symlinking /home/xinyao/SAR_ROS/catkin_ws/devel/share/gennodejs/ros/robotnik_msgs/srv/set_odometry.js
Symlinking /home/xinyao/SAR_ROS/catkin_ws/devel/lib/python3/dist-packages/robotnik_msgs/__init__.py
Symlinking /home/xinyao/SAR_ROS/catkin_ws/devel/lib/python3/dist-packages/robotnik_msgs/msg/_Cartesian_Euler_pose.py
Symlinking /home/xinyao/SAR_ROS/catkin_ws/devel/lib/python3/dist-packages/robotnik_msgs/msg/_LaserStatus.py
Symlinking /home/xinyao/SAR_ROS/catkin_ws/devel/lib/python3/dist-packages/robotnik_msgs/msg/_Axis.py
Symlinking /home/xinyao/SAR_ROS/catkin_ws/devel/lib/python3/dist-packages/robotnik_msgs/msg/_BatteryDockingStatusStamped.py
Symlinking /home/xinyao/SAR_ROS/catkin_ws/devel/lib/python3/dist-packages/robotnik_msgs/msg/_RecordStatus.py
Symlinking /home/xinyao/SAR_ROS/catkin_ws/devel/lib/python3/dist-packages/robotnik_msgs/msg/_Registers.py
Symlinking /home/xinyao/SAR_ROS/catkin_ws/devel/lib/python3/dist-packages/robotnik_msgs/msg/_SetElevatorActionFeedback.py
Symlinking /home/xinyao/SAR_ROS/catkin_ws/devel/lib/python3/dist-packages/robotnik_msgs/msg/_MotorReferenceValue.py
Symlinking /home/xinyao/SAR_ROS/catkin_ws/devel/lib/python3/dist-packages/robotnik_msgs/msg/_PantiltStatusStamped.py
Symlinking /home/xinyao/SAR_ROS/catkin_ws/devel/lib/python3/dist-packages/robotnik_msgs/msg/_QueryAlarm.py
Symlinking /home/xinyao/SAR_ROS/catkin_ws/devel/lib/python3/dist-packages/robotnik_msgs/msg/_BatteryStatus.py
Symlinking /home/xinyao/SAR_ROS/catkin_ws/devel/lib/python3/dist-packages/robotnik_msgs/msg/_MotorsStatus.py
Symlinking /home/xinyao/SAR_ROS/catkin_ws/devel/lib/python3/dist-packages/robotnik_msgs/msg/_BatteryDockingStatus.py
Symlinking /home/xinyao/SAR_ROS/catkin_ws/devel/lib/python3/dist-packages/robotnik_msgs/msg/_ElevatorStatus.py
Symlinking /home/xinyao/SAR_ROS/catkin_ws/devel/lib/python3/dist-packages/robotnik_msgs/msg/_alarmsmonitor.py
Symlinking /home/xinyao/SAR_ROS/catkin_ws/devel/lib/python3/dist-packages/robotnik_msgs/msg/_InverterStatus.py
Symlinking /home/xinyao/SAR_ROS/catkin_ws/devel/lib/python3/dist-packages/robotnik_msgs/msg/_State.py
Symlinking /home/xinyao/SAR_ROS/catkin_ws/devel/lib/python3/dist-packages/robotnik_msgs/msg/_BoolArray.py
Symlinking /home/xinyao/SAR_ROS/catkin_ws/devel/lib/python3/dist-packages/robotnik_msgs/msg/_named_inputs_outputs.py
Symlinking /home/xinyao/SAR_ROS/catkin_ws/devel/lib/python3/dist-packages/robotnik_msgs/msg/_SetElevatorActionResult.py
Symlinking /home/xinyao/SAR_ROS/catkin_ws/devel/lib/python3/dist-packages/robotnik_msgs/msg/_MotorStatus.py
Symlinking /home/xinyao/SAR_ROS/catkin_ws/devel/lib/python3/dist-packages/robotnik_msgs/msg/_SetElevatorResult.py
Symlinking /home/xinyao/SAR_ROS/catkin_ws/devel/lib/python3/dist-packages/robotnik_msgs/msg/_MotorPID.py
Symlinking /home/xinyao/SAR_ROS/catkin_ws/devel/lib/python3/dist-packages/robotnik_msgs/msg/_MotorCurrent.py
Symlinking /home/xinyao/SAR_ROS/catkin_ws/devel/lib/python3/dist-packages/robotnik_msgs/msg/_encoders.py
Symlinking /home/xinyao/SAR_ROS/catkin_ws/devel/lib/python3/dist-packages/robotnik_msgs/msg/_SetElevatorGoal.py
Symlinking /home/xinyao/SAR_ROS/catkin_ws/devel/lib/python3/dist-packages/robotnik_msgs/msg/_MotorsStatusDifferential.py
Symlinking /home/xinyao/SAR_ROS/catkin_ws/devel/lib/python3/dist-packages/robotnik_msgs/msg/_Register.py
Symlinking /home/xinyao/SAR_ROS/catkin_ws/devel/lib/python3/dist-packages/robotnik_msgs/msg/_PresenceSensor.py
Symlinking /home/xinyao/SAR_ROS/catkin_ws/devel/lib/python3/dist-packages/robotnik_msgs/msg/_BatteryStatusStamped.py
Symlinking /home/xinyao/SAR_ROS/catkin_ws/devel/lib/python3/dist-packages/robotnik_msgs/msg/_WatchdogStatusArray.py
Symlinking /home/xinyao/SAR_ROS/catkin_ws/devel/lib/python3/dist-packages/robotnik_msgs/msg/_RobotnikMotorsStatus.py
Symlinking /home/xinyao/SAR_ROS/catkin_ws/devel/lib/python3/dist-packages/robotnik_msgs/msg/_SetElevatorFeedback.py
Symlinking /home/xinyao/SAR_ROS/catkin_ws/devel/lib/python3/dist-packages/robotnik_msgs/msg/_SubState.py
Symlinking /home/xinyao/SAR_ROS/catkin_ws/devel/lib/python3/dist-packages/robotnik_msgs/msg/_StringArray.py
Symlinking /home/xinyao/SAR_ROS/catkin_ws/devel/lib/python3/dist-packages/robotnik_msgs/msg/_Logger.py
Symlinking /home/xinyao/SAR_ROS/catkin_ws/devel/lib/python3/dist-packages/robotnik_msgs/msg/_LaserMode.py
Symlinking /home/xinyao/SAR_ROS/catkin_ws/devel/lib/python3/dist-packages/robotnik_msgs/msg/_WatchdogStatus.py
Symlinking /home/xinyao/SAR_ROS/catkin_ws/devel/lib/python3/dist-packages/robotnik_msgs/msg/_SafetyModuleStatus.py
Symlinking /home/xinyao/SAR_ROS/catkin_ws/devel/lib/python3/dist-packages/robotnik_msgs/msg/_named_input_output.py
Symlinking /home/xinyao/SAR_ROS/catkin_ws/devel/lib/python3/dist-packages/robotnik_msgs/msg/_ElevatorAction.py
Symlinking /home/xinyao/SAR_ROS/catkin_ws/devel/lib/python3/dist-packages/robotnik_msgs/msg/_MotorReferenceValueArray.py
Symlinking /home/xinyao/SAR_ROS/catkin_ws/devel/lib/python3/dist-packages/robotnik_msgs/msg/_Pose2DArray.py
Symlinking /home/xinyao/SAR_ROS/catkin_ws/devel/lib/python3/dist-packages/robotnik_msgs/msg/_MotorHeadingOffset.py
Symlinking /home/xinyao/SAR_ROS/catkin_ws/devel/lib/python3/dist-packages/robotnik_msgs/msg/_ReturnMessage.py
Symlinking /home/xinyao/SAR_ROS/catkin_ws/devel/lib/python3/dist-packages/robotnik_msgs/msg/_alarmmonitor.py
Symlinking /home/xinyao/SAR_ROS/catkin_ws/devel/lib/python3/dist-packages/robotnik_msgs/msg/__init__.py
Symlinking /home/xinyao/SAR_ROS/catkin_ws/devel/lib/python3/dist-packages/robotnik_msgs/msg/_OdomManualCalibrationStatusStamped.py
Symlinking /home/xinyao/SAR_ROS/catkin_ws/devel/lib/python3/dist-packages/robotnik_msgs/msg/_inputs_outputs.py
Symlinking /home/xinyao/SAR_ROS/catkin_ws/devel/lib/python3/dist-packages/robotnik_msgs/msg/_OdomManualCalibrationStatus.py
Symlinking /home/xinyao/SAR_ROS/catkin_ws/devel/lib/python3/dist-packages/robotnik_msgs/msg/_PresenceSensorArray.py
Symlinking /home/xinyao/SAR_ROS/catkin_ws/devel/lib/python3/dist-packages/robotnik_msgs/msg/_Alarms.py
Symlinking /home/xinyao/SAR_ROS/catkin_ws/devel/lib/python3/dist-packages/robotnik_msgs/msg/_Interfaces.py
Symlinking /home/xinyao/SAR_ROS/catkin_ws/devel/lib/python3/dist-packages/robotnik_msgs/msg/_Pose2DStamped.py
Symlinking /home/xinyao/SAR_ROS/catkin_ws/devel/lib/python3/dist-packages/robotnik_msgs/msg/_ArmStatus.py
Symlinking /home/xinyao/SAR_ROS/catkin_ws/devel/lib/python3/dist-packages/robotnik_msgs/msg/_OdomCalibrationStatus.py
Symlinking /home/xinyao/SAR_ROS/catkin_ws/devel/lib/python3/dist-packages/robotnik_msgs/msg/_PantiltStatus.py
Symlinking /home/xinyao/SAR_ROS/catkin_ws/devel/lib/python3/dist-packages/robotnik_msgs/msg/_AlarmSensor.py
Symlinking /home/xinyao/SAR_ROS/catkin_ws/devel/lib/python3/dist-packages/robotnik_msgs/msg/_SetElevatorActionGoal.py
Symlinking /home/xinyao/SAR_ROS/catkin_ws/devel/lib/python3/dist-packages/robotnik_msgs/msg/_Data.py
Symlinking /home/xinyao/SAR_ROS/catkin_ws/devel/lib/python3/dist-packages/robotnik_msgs/msg/_SetElevatorAction.py
Symlinking /home/xinyao/SAR_ROS/catkin_ws/devel/lib/python3/dist-packages/robotnik_msgs/msg/_OdomCalibrationStatusStamped.py
Symlinking /home/xinyao/SAR_ROS/catkin_ws/devel/lib/python3/dist-packages/robotnik_msgs/msg/_ptz.py
Symlinking /home/xinyao/SAR_ROS/catkin_ws/devel/lib/python3/dist-packages/robotnik_msgs/msg/_StringStamped.py
Symlinking /home/xinyao/SAR_ROS/catkin_ws/devel/lib/python3/dist-packages/robotnik_msgs/srv/_SetString.py
Symlinking /home/xinyao/SAR_ROS/catkin_ws/devel/lib/python3/dist-packages/robotnik_msgs/srv/_GetBool.py
Symlinking /home/xinyao/SAR_ROS/catkin_ws/devel/lib/python3/dist-packages/robotnik_msgs/srv/_set_digital_output.py
Symlinking /home/xinyao/SAR_ROS/catkin_ws/devel/lib/python3/dist-packages/robotnik_msgs/srv/_SetBuzzer.py
Symlinking /home/xinyao/SAR_ROS/catkin_ws/devel/lib/python3/dist-packages/robotnik_msgs/srv/_get_digital_input.py
Symlinking /home/xinyao/SAR_ROS/catkin_ws/devel/lib/python3/dist-packages/robotnik_msgs/srv/_get_modbus_register.py
Symlinking /home/xinyao/SAR_ROS/catkin_ws/devel/lib/python3/dist-packages/robotnik_msgs/srv/_axis_record.py
Symlinking /home/xinyao/SAR_ROS/catkin_ws/devel/lib/python3/dist-packages/robotnik_msgs/srv/_GetMotorsHeadingOffset.py
Symlinking /home/xinyao/SAR_ROS/catkin_ws/devel/lib/python3/dist-packages/robotnik_msgs/srv/_set_CartesianEuler_pose.py
Symlinking /home/xinyao/SAR_ROS/catkin_ws/devel/lib/python3/dist-packages/robotnik_msgs/srv/_set_ptz.py
Symlinking /home/xinyao/SAR_ROS/catkin_ws/devel/lib/python3/dist-packages/robotnik_msgs/srv/_set_modbus_register_bit.py
Symlinking /home/xinyao/SAR_ROS/catkin_ws/devel/lib/python3/dist-packages/robotnik_msgs/srv/_SetLaserMode.py
Symlinking /home/xinyao/SAR_ROS/catkin_ws/devel/lib/python3/dist-packages/robotnik_msgs/srv/_enable_disable.py
Symlinking /home/xinyao/SAR_ROS/catkin_ws/devel/lib/python3/dist-packages/robotnik_msgs/srv/_ack_alarm.py
Symlinking /home/xinyao/SAR_ROS/catkin_ws/devel/lib/python3/dist-packages/robotnik_msgs/srv/_ResetFromSubState.py
Symlinking /home/xinyao/SAR_ROS/catkin_ws/devel/lib/python3/dist-packages/robotnik_msgs/srv/_GetPOI.py
Symlinking /home/xinyao/SAR_ROS/catkin_ws/devel/lib/python3/dist-packages/robotnik_msgs/srv/_SetNamedDigitalOutput.py
Symlinking /home/xinyao/SAR_ROS/catkin_ws/devel/lib/python3/dist-packages/robotnik_msgs/srv/_SetTransform.py
Symlinking /home/xinyao/SAR_ROS/catkin_ws/devel/lib/python3/dist-packages/robotnik_msgs/srv/_SetEncoderTurns.py
Symlinking /home/xinyao/SAR_ROS/catkin_ws/devel/lib/python3/dist-packages/robotnik_msgs/srv/_LoggerQuery.py
Symlinking /home/xinyao/SAR_ROS/catkin_ws/devel/lib/python3/dist-packages/robotnik_msgs/srv/_SetMotorPID.py
Symlinking /home/xinyao/SAR_ROS/catkin_ws/devel/lib/python3/dist-packages/robotnik_msgs/srv/_GetPTZ.py
Symlinking /home/xinyao/SAR_ROS/catkin_ws/devel/lib/python3/dist-packages/robotnik_msgs/srv/_set_odometry.py
Symlinking /home/xinyao/SAR_ROS/catkin_ws/devel/lib/python3/dist-packages/robotnik_msgs/srv/_SetMotorStatus.py
Symlinking /home/xinyao/SAR_ROS/catkin_ws/devel/lib/python3/dist-packages/robotnik_msgs/srv/_set_modbus_register.py
Symlinking /home/xinyao/SAR_ROS/catkin_ws/devel/lib/python3/dist-packages/robotnik_msgs/srv/_Record.py
Symlinking /home/xinyao/SAR_ROS/catkin_ws/devel/lib/python3/dist-packages/robotnik_msgs/srv/_set_mode.py
Symlinking /home/xinyao/SAR_ROS/catkin_ws/devel/lib/python3/dist-packages/robotnik_msgs/srv/_get_alarms.py
Symlinking /home/xinyao/SAR_ROS/catkin_ws/devel/lib/python3/dist-packages/robotnik_msgs/srv/_SetMotorMode.py
Symlinking /home/xinyao/SAR_ROS/catkin_ws/devel/lib/python3/dist-packages/robotnik_msgs/srv/__init__.py
Symlinking /home/xinyao/SAR_ROS/catkin_ws/devel/lib/python3/dist-packages/robotnik_msgs/srv/_set_analog_output.py
Symlinking /home/xinyao/SAR_ROS/catkin_ws/devel/lib/python3/dist-packages/robotnik_msgs/srv/_QueryAlarms.py
Symlinking /home/xinyao/SAR_ROS/catkin_ws/devel/lib/python3/dist-packages/robotnik_msgs/srv/_SetElevator.py
Symlinking /home/xinyao/SAR_ROS/catkin_ws/devel/lib/python3/dist-packages/robotnik_msgs/srv/_set_height.py
Symlinking /home/xinyao/SAR_ROS/catkin_ws/devel/lib/python3/dist-packages/robotnik_msgs/srv/_InsertTask.py
Symlinking /home/xinyao/SAR_ROS/catkin_ws/devel/lib/python3/dist-packages/robotnik_msgs/srv/_get_mode.py
Symlinking /home/xinyao/SAR_ROS/catkin_ws/devel/lib/python3/dist-packages/robotnik_msgs/srv/_set_named_digital_output.py
Symlinking /home/xinyao/SAR_ROS/catkin_ws/devel/lib/python3/dist-packages/robotnik_msgs/srv/_home.py
Symlinking /home/xinyao/SAR_ROS/catkin_ws/devel/lib/python3/dist-packages/robotnik_msgs/srv/_SetInt16.py
Symlinking /home/xinyao/SAR_ROS/catkin_ws/devel/lib/python3/dist-packages/robotnik_msgs/srv/_set_float_value.py
Symlinking /home/xinyao/SAR_ROS/catkin_ws/devel/lib/python3/dist-packages/robotnik_msgs/srv/_SetCurrent.py
Symlinking /home/xinyao/SAR_ROS/catkin_ws/devel/lib/python3/dist-packages/robotnik_msgs/srv/_SetByte.py
Symlinking /home/xinyao/SAR_ROS/catkin_ws/devel/lib/pkgconfig/robotnik_msgs.pc
