[35m[1mScanning dependencies of target kartoSlamToolbox[0m
[  3%] [32mBuilding CXX object lib/karto_sdk/CMakeFiles/kartoSlamToolbox.dir/src/Karto.cpp.o[0m
[  6%] [32mBuilding CXX object lib/karto_sdk/CMakeFiles/kartoSlamToolbox.dir/src/Mapper.cpp.o[0m
[ 10%] [32m[1mLinking CXX shared library /home/xinyao/SAR_ROS/catkin_ws/devel/.private/slam_toolbox/lib/libkartoSlamToolbox.so[0m
[ 10%] Built target kartoSlamToolbox
[35m[1mScanning dependencies of target toolbox_common[0m
[35m[1mScanning dependencies of target ceres_solver_plugin[0m
[ 13%] [32mBuilding CXX object CMakeFiles/ceres_solver_plugin.dir/solvers/ceres_solver.cpp.o[0m
[ 17%] [32mBuilding CXX object CMakeFiles/toolbox_common.dir/src/slam_toolbox_common.cpp.o[0m
[ 20%] [32mBuilding CXX object CMakeFiles/toolbox_common.dir/src/map_saver.cpp.o[0m
[ 24%] [32mBuilding CXX object CMakeFiles/toolbox_common.dir/src/loop_closure_assistant.cpp.o[0m
[ 27%] [32mBuilding CXX object CMakeFiles/toolbox_common.dir/src/laser_utils.cpp.o[0m
[ 31%] [32mBuilding CXX object CMakeFiles/toolbox_common.dir/src/slam_mapper.cpp.o[0m
[ 34%] [32m[1mLinking CXX shared library /home/xinyao/SAR_ROS/catkin_ws/devel/.private/slam_toolbox/lib/libceres_solver_plugin.so[0m
[ 34%] Built target ceres_solver_plugin
[ 37%] [32m[1mLinking CXX shared library /home/xinyao/SAR_ROS/catkin_ws/devel/.private/slam_toolbox/lib/libtoolbox_common.so[0m
[ 37%] Built target toolbox_common
[35m[1mScanning dependencies of target sync_slam_toolbox[0m
[35m[1mScanning dependencies of target merge_maps_kinematic[0m
[35m[1mScanning dependencies of target async_slam_toolbox[0m
[35m[1mScanning dependencies of target lifelong_slam_toolbox[0m
[35m[1mScanning dependencies of target localization_slam_toolbox[0m
[ 41%] [32mBuilding CXX object CMakeFiles/merge_maps_kinematic.dir/src/merge_maps_kinematic.cpp.o[0m
[ 48%] [32mBuilding CXX object CMakeFiles/lifelong_slam_toolbox.dir/src/experimental/slam_toolbox_lifelong.cpp.o[0m
[ 48%] [32mBuilding CXX object CMakeFiles/sync_slam_toolbox.dir/src/slam_toolbox_sync.cpp.o[0m
[ 51%] [32mBuilding CXX object CMakeFiles/localization_slam_toolbox.dir/src/slam_toolbox_localization.cpp.o[0m
[ 55%] [32mBuilding CXX object CMakeFiles/async_slam_toolbox.dir/src/slam_toolbox_async.cpp.o[0m
[ 58%] [32m[1mLinking CXX shared library /home/xinyao/SAR_ROS/catkin_ws/devel/.private/slam_toolbox/lib/libasync_slam_toolbox.so[0m
[ 58%] Built target async_slam_toolbox
[35m[1mScanning dependencies of target async_slam_toolbox_node[0m
[ 62%] [32mBuilding CXX object CMakeFiles/async_slam_toolbox_node.dir/src/slam_toolbox_async_node.cpp.o[0m
[ 65%] [32m[1mLinking CXX shared library /home/xinyao/SAR_ROS/catkin_ws/devel/.private/slam_toolbox/lib/liblifelong_slam_toolbox.so[0m
[ 65%] Built target lifelong_slam_toolbox
[35m[1mScanning dependencies of target lifelong_slam_toolbox_node[0m
[ 68%] [32mBuilding CXX object CMakeFiles/lifelong_slam_toolbox_node.dir/src/experimental/slam_toolbox_lifelong_node.cpp.o[0m
[ 72%] [32m[1mLinking CXX shared library /home/xinyao/SAR_ROS/catkin_ws/devel/.private/slam_toolbox/lib/libsync_slam_toolbox.so[0m
[ 72%] Built target sync_slam_toolbox
[35m[1mScanning dependencies of target sync_slam_toolbox_node[0m
[ 75%] [32m[1mLinking CXX shared library /home/xinyao/SAR_ROS/catkin_ws/devel/.private/slam_toolbox/lib/liblocalization_slam_toolbox.so[0m
[ 79%] [32mBuilding CXX object CMakeFiles/sync_slam_toolbox_node.dir/src/slam_toolbox_sync_node.cpp.o[0m
[ 79%] Built target localization_slam_toolbox
[35m[1mScanning dependencies of target localization_slam_toolbox_node[0m
[ 82%] [32mBuilding CXX object CMakeFiles/localization_slam_toolbox_node.dir/src/slam_toolbox_localization_node.cpp.o[0m
[ 86%] [32m[1mLinking CXX executable /home/xinyao/SAR_ROS/catkin_ws/devel/.private/slam_toolbox/lib/slam_toolbox/merge_maps_kinematic[0m
[ 86%] Built target merge_maps_kinematic
[ 89%] [32m[1mLinking CXX executable /home/xinyao/SAR_ROS/catkin_ws/devel/.private/slam_toolbox/lib/slam_toolbox/async_slam_toolbox_node[0m
[ 89%] Built target async_slam_toolbox_node
[ 93%] [32m[1mLinking CXX executable /home/xinyao/SAR_ROS/catkin_ws/devel/.private/slam_toolbox/lib/slam_toolbox/lifelong_slam_toolbox_node[0m
[ 93%] Built target lifelong_slam_toolbox_node
[ 96%] [32m[1mLinking CXX executable /home/xinyao/SAR_ROS/catkin_ws/devel/.private/slam_toolbox/lib/slam_toolbox/sync_slam_toolbox_node[0m
[ 96%] Built target sync_slam_toolbox_node
[100%] [32m[1mLinking CXX executable /home/xinyao/SAR_ROS/catkin_ws/devel/.private/slam_toolbox/lib/slam_toolbox/localization_slam_toolbox_node[0m
[100%] Built target localization_slam_toolbox_node
